{"C:\\Users\\nanai\\Desktop\\フォルダ\\workspace\\workspace(nextjs)\\next-ts-intro-web-app\\src\\app\\components\\about\\About.tsx": {"path":"C:\\Users\\nanai\\Desktop\\フォルダ\\workspace\\workspace(nextjs)\\next-ts-intro-web-app\\src\\app\\components\\about\\About.tsx","statementMap":{"0":{"start":{"line":1,"column":0},"end":{"line":1,"column":26}},"1":{"start":{"line":2,"column":0},"end":{"line":2,"column":60}},"2":{"start":{"line":3,"column":0},"end":{"line":3,"column":59}},"3":{"start":{"line":4,"column":0},"end":{"line":4,"column":74}},"4":{"start":{"line":5,"column":0},"end":{"line":5,"column":90}},"5":{"start":{"line":6,"column":0},"end":{"line":6,"column":70}},"6":{"start":{"line":7,"column":0},"end":{"line":7,"column":56}},"7":{"start":{"line":8,"column":0},"end":{"line":8,"column":65}},"8":{"start":{"line":14,"column":14},"end":{"line":45,"column":1}},"9":{"start":{"line":15,"column":4},"end":{"line":15,"column":26}},"10":{"start":{"line":18,"column":35},"end":{"line":18,"column":49}},"11":{"start":{"line":21,"column":4},"end":{"line":26,"column":null}},"12":{"start":{"line":22,"column":26},"end":{"line":22,"column":52}},"13":{"start":{"line":23,"column":8},"end":{"line":23,"column":45}},"14":{"start":{"line":24,"column":8},"end":{"line":24,"column":44}},"15":{"start":{"line":25,"column":8},"end":{"line":25,"column":null}},"16":{"start":{"line":28,"column":63},"end":{"line":28,"column":72}},"17":{"start":{"line":30,"column":4},"end":{"line":30,"column":24}},"18":{"start":{"line":31,"column":4},"end":{"line":44,"column":6}},"19":{"start":{"line":47,"column":0},"end":{"line":47,"column":21}}},"fnMap":{"0":{"name":"(anonymous_1)","decl":{"start":{"line":14,"column":14},"end":{"line":14,"column":17}},"loc":{"start":{"line":14,"column":19},"end":{"line":45,"column":1}}}},"branchMap":{"0":{"loc":{"start":{"line":21,"column":4},"end":{"line":26,"column":null}},"type":"if","locations":[{"start":{"line":21,"column":4},"end":{"line":26,"column":null}}]},"1":{"loc":{"start":{"line":21,"column":8},"end":{"line":21,"column":55}},"type":"binary-expr","locations":[{"start":{"line":21,"column":8},"end":{"line":21,"column":18}},{"start":{"line":21,"column":22},"end":{"line":21,"column":43}},{"start":{"line":21,"column":47},"end":{"line":21,"column":55}}]}},"s":{"0":1,"1":1,"2":1,"3":1,"4":1,"5":1,"6":1,"7":1,"8":1,"9":2,"10":2,"11":2,"12":1,"13":1,"14":1,"15":1,"16":1,"17":1,"18":1,"19":1},"f":{"0":2},"b":{"0":[1],"1":[2,1,1]}}
,"C:\\Users\\nanai\\Desktop\\フォルダ\\workspace\\workspace(nextjs)\\next-ts-intro-web-app\\src\\app\\components\\about\\AboutContents.tsx": {"path":"C:\\Users\\nanai\\Desktop\\フォルダ\\workspace\\workspace(nextjs)\\next-ts-intro-web-app\\src\\app\\components\\about\\AboutContents.tsx","statementMap":{"0":{"start":{"line":1,"column":0},"end":{"line":1,"column":25}},"1":{"start":{"line":2,"column":0},"end":{"line":2,"column":31}},"2":{"start":{"line":3,"column":0},"end":{"line":3,"column":36}},"3":{"start":{"line":4,"column":0},"end":{"line":4,"column":60}},"4":{"start":{"line":6,"column":0},"end":{"line":6,"column":94}},"5":{"start":{"line":7,"column":0},"end":{"line":7,"column":74}},"6":{"start":{"line":8,"column":0},"end":{"line":8,"column":90}},"7":{"start":{"line":9,"column":0},"end":{"line":9,"column":70}},"8":{"start":{"line":10,"column":0},"end":{"line":10,"column":69}},"9":{"start":{"line":21,"column":52},"end":{"line":55,"column":1}},"10":{"start":{"line":24,"column":4},"end":{"line":24,"column":34}},"11":{"start":{"line":27,"column":22},"end":{"line":27,"column":78}},"12":{"start":{"line":28,"column":22},"end":{"line":28,"column":54}},"13":{"start":{"line":29,"column":4},"end":{"line":34,"column":null}},"14":{"start":{"line":30,"column":26},"end":{"line":30,"column":42}},"15":{"start":{"line":31,"column":8},"end":{"line":31,"column":53}},"16":{"start":{"line":32,"column":8},"end":{"line":32,"column":44}},"17":{"start":{"line":33,"column":8},"end":{"line":33,"column":79}},"18":{"start":{"line":36,"column":27},"end":{"line":36,"column":130}},"19":{"start":{"line":37,"column":27},"end":{"line":37,"column":62}},"20":{"start":{"line":38,"column":27},"end":{"line":38,"column":76}},"21":{"start":{"line":40,"column":4},"end":{"line":40,"column":32}},"22":{"start":{"line":41,"column":4},"end":{"line":54,"column":6}},"23":{"start":{"line":57,"column":0},"end":{"line":57,"column":29}}},"fnMap":{"0":{"name":"(anonymous_1)","decl":{"start":{"line":21,"column":52},"end":{"line":21,"column":53}},"loc":{"start":{"line":23,"column":5},"end":{"line":55,"column":1}}}},"branchMap":{"0":{"loc":{"start":{"line":29,"column":4},"end":{"line":34,"column":null}},"type":"if","locations":[{"start":{"line":29,"column":4},"end":{"line":34,"column":null}}]}},"s":{"0":2,"1":2,"2":2,"3":2,"4":2,"5":2,"6":2,"7":2,"8":2,"9":2,"10":4,"11":4,"12":4,"13":4,"14":1,"15":1,"16":1,"17":1,"18":3,"19":3,"20":3,"21":3,"22":3,"23":2},"f":{"0":4},"b":{"0":[1]}}
,"C:\\Users\\nanai\\Desktop\\フォルダ\\workspace\\workspace(nextjs)\\next-ts-intro-web-app\\src\\app\\components\\about\\profile\\ProfileCard.tsx": {"path":"C:\\Users\\nanai\\Desktop\\フォルダ\\workspace\\workspace(nextjs)\\next-ts-intro-web-app\\src\\app\\components\\about\\profile\\ProfileCard.tsx","statementMap":{"0":{"start":{"line":1,"column":0},"end":{"line":1,"column":26}},"1":{"start":{"line":2,"column":0},"end":{"line":2,"column":60}},"2":{"start":{"line":4,"column":0},"end":{"line":4,"column":94}},"3":{"start":{"line":5,"column":0},"end":{"line":5,"column":74}},"4":{"start":{"line":6,"column":0},"end":{"line":6,"column":90}},"5":{"start":{"line":7,"column":0},"end":{"line":7,"column":70}},"6":{"start":{"line":8,"column":0},"end":{"line":8,"column":85}},"7":{"start":{"line":9,"column":0},"end":{"line":9,"column":85}},"8":{"start":{"line":20,"column":48},"end":{"line":47,"column":1}},"9":{"start":{"line":23,"column":4},"end":{"line":23,"column":32}},"10":{"start":{"line":26,"column":22},"end":{"line":26,"column":80}},"11":{"start":{"line":27,"column":22},"end":{"line":27,"column":54}},"12":{"start":{"line":28,"column":4},"end":{"line":33,"column":null}},"13":{"start":{"line":29,"column":26},"end":{"line":29,"column":42}},"14":{"start":{"line":30,"column":8},"end":{"line":30,"column":51}},"15":{"start":{"line":31,"column":8},"end":{"line":31,"column":44}},"16":{"start":{"line":32,"column":8},"end":{"line":32,"column":79}},"17":{"start":{"line":35,"column":4},"end":{"line":35,"column":30}},"18":{"start":{"line":36,"column":4},"end":{"line":46,"column":6}},"19":{"start":{"line":49,"column":0},"end":{"line":49,"column":27}}},"fnMap":{"0":{"name":"(anonymous_1)","decl":{"start":{"line":20,"column":48},"end":{"line":20,"column":49}},"loc":{"start":{"line":22,"column":5},"end":{"line":47,"column":1}}}},"branchMap":{"0":{"loc":{"start":{"line":28,"column":4},"end":{"line":33,"column":null}},"type":"if","locations":[{"start":{"line":28,"column":4},"end":{"line":33,"column":null}}]}},"s":{"0":3,"1":3,"2":3,"3":3,"4":3,"5":3,"6":3,"7":3,"8":3,"9":5,"10":5,"11":5,"12":5,"13":1,"14":1,"15":1,"16":1,"17":4,"18":4,"19":3},"f":{"0":5},"b":{"0":[1]}}
,"C:\\Users\\nanai\\Desktop\\フォルダ\\workspace\\workspace(nextjs)\\next-ts-intro-web-app\\src\\app\\components\\about\\profile\\ProfileContentsCard.tsx": {"path":"C:\\Users\\nanai\\Desktop\\フォルダ\\workspace\\workspace(nextjs)\\next-ts-intro-web-app\\src\\app\\components\\about\\profile\\ProfileContentsCard.tsx","statementMap":{"0":{"start":{"line":1,"column":0},"end":{"line":1,"column":26}},"1":{"start":{"line":2,"column":0},"end":{"line":2,"column":36}},"2":{"start":{"line":3,"column":0},"end":{"line":3,"column":60}},"3":{"start":{"line":4,"column":0},"end":{"line":4,"column":96}},"4":{"start":{"line":5,"column":0},"end":{"line":5,"column":74}},"5":{"start":{"line":6,"column":0},"end":{"line":6,"column":57}},"6":{"start":{"line":7,"column":0},"end":{"line":7,"column":90}},"7":{"start":{"line":8,"column":0},"end":{"line":8,"column":70}},"8":{"start":{"line":19,"column":64},"end":{"line":51,"column":1}},"9":{"start":{"line":22,"column":2},"end":{"line":22,"column":38}},"10":{"start":{"line":25,"column":21},"end":{"line":25,"column":87}},"11":{"start":{"line":26,"column":21},"end":{"line":26,"column":54}},"12":{"start":{"line":27,"column":2},"end":{"line":32,"column":null}},"13":{"start":{"line":28,"column":22},"end":{"line":28,"column":38}},"14":{"start":{"line":29,"column":4},"end":{"line":29,"column":55}},"15":{"start":{"line":30,"column":4},"end":{"line":30,"column":40}},"16":{"start":{"line":31,"column":4},"end":{"line":31,"column":75}},"17":{"start":{"line":34,"column":21},"end":{"line":34,"column":62}},"18":{"start":{"line":35,"column":20},"end":{"line":35,"column":42}},"19":{"start":{"line":37,"column":2},"end":{"line":37,"column":36}},"20":{"start":{"line":38,"column":2},"end":{"line":50,"column":4}},"21":{"start":{"line":43,"column":10},"end":{"line":46,"column":null}},"22":{"start":{"line":53,"column":0},"end":{"line":53,"column":35}}},"fnMap":{"0":{"name":"(anonymous_1)","decl":{"start":{"line":19,"column":64},"end":{"line":19,"column":65}},"loc":{"start":{"line":21,"column":5},"end":{"line":51,"column":1}}},"1":{"name":"(anonymous_2)","decl":{"start":{"line":42,"column":27},"end":{"line":42,"column":28}},"loc":{"start":{"line":43,"column":10},"end":{"line":46,"column":null}}}},"branchMap":{"0":{"loc":{"start":{"line":27,"column":2},"end":{"line":32,"column":null}},"type":"if","locations":[{"start":{"line":27,"column":2},"end":{"line":32,"column":null}}]},"1":{"loc":{"start":{"line":40,"column":11},"end":{"line":40,"column":72}},"type":"cond-expr","locations":[{"start":{"line":40,"column":25},"end":{"line":40,"column":67}},{"start":{"line":40,"column":70},"end":{"line":40,"column":72}}]}},"s":{"0":4,"1":4,"2":4,"3":4,"4":4,"5":4,"6":4,"7":4,"8":4,"9":8,"10":8,"11":8,"12":8,"13":1,"14":1,"15":1,"16":1,"17":7,"18":7,"19":7,"20":7,"21":12,"22":4},"f":{"0":8,"1":12},"b":{"0":[1],"1":[4,3]}}
,"C:\\Users\\nanai\\Desktop\\フォルダ\\workspace\\workspace(nextjs)\\next-ts-intro-web-app\\src\\app\\components\\about\\profile\\ProfileStandardCard.tsx": {"path":"C:\\Users\\nanai\\Desktop\\フォルダ\\workspace\\workspace(nextjs)\\next-ts-intro-web-app\\src\\app\\components\\about\\profile\\ProfileStandardCard.tsx","statementMap":{"0":{"start":{"line":1,"column":0},"end":{"line":1,"column":26}},"1":{"start":{"line":2,"column":0},"end":{"line":2,"column":36}},"2":{"start":{"line":3,"column":0},"end":{"line":3,"column":60}},"3":{"start":{"line":5,"column":0},"end":{"line":5,"column":57}},"4":{"start":{"line":6,"column":0},"end":{"line":6,"column":117}},"5":{"start":{"line":7,"column":0},"end":{"line":7,"column":74}},"6":{"start":{"line":8,"column":0},"end":{"line":8,"column":90}},"7":{"start":{"line":9,"column":0},"end":{"line":9,"column":70}},"8":{"start":{"line":10,"column":0},"end":{"line":10,"column":68}},"9":{"start":{"line":11,"column":0},"end":{"line":11,"column":68}},"10":{"start":{"line":21,"column":16},"end":{"line":21,"column":30}},"11":{"start":{"line":27,"column":64},"end":{"line":85,"column":1}},"12":{"start":{"line":32,"column":4},"end":{"line":32,"column":40}},"13":{"start":{"line":35,"column":24},"end":{"line":35,"column":128}},"14":{"start":{"line":36,"column":24},"end":{"line":36,"column":95}},"15":{"start":{"line":37,"column":24},"end":{"line":37,"column":70}},"16":{"start":{"line":38,"column":4},"end":{"line":43,"column":null}},"17":{"start":{"line":39,"column":26},"end":{"line":39,"column":42}},"18":{"start":{"line":40,"column":8},"end":{"line":40,"column":59}},"19":{"start":{"line":41,"column":8},"end":{"line":41,"column":44}},"20":{"start":{"line":42,"column":8},"end":{"line":42,"column":79}},"21":{"start":{"line":45,"column":29},"end":{"line":45,"column":70}},"22":{"start":{"line":46,"column":29},"end":{"line":46,"column":51}},"23":{"start":{"line":48,"column":4},"end":{"line":48,"column":38}},"24":{"start":{"line":49,"column":4},"end":{"line":84,"column":6}},"25":{"start":{"line":67,"column":42},"end":{"line":67,"column":97}},"26":{"start":{"line":69,"column":20},"end":{"line":80,"column":22}},"27":{"start":{"line":87,"column":0},"end":{"line":87,"column":35}}},"fnMap":{"0":{"name":"(anonymous_1)","decl":{"start":{"line":27,"column":64},"end":{"line":27,"column":65}},"loc":{"start":{"line":31,"column":5},"end":{"line":85,"column":1}}},"1":{"name":"(anonymous_2)","decl":{"start":{"line":66,"column":42},"end":{"line":66,"column":43}},"loc":{"start":{"line":66,"column":57},"end":{"line":81,"column":17}}}},"branchMap":{"0":{"loc":{"start":{"line":29,"column":4},"end":{"line":29,"column":25}},"type":"default-arg","locations":[{"start":{"line":29,"column":22},"end":{"line":29,"column":25}}]},"1":{"loc":{"start":{"line":30,"column":4},"end":{"line":30,"column":20}},"type":"default-arg","locations":[{"start":{"line":30,"column":18},"end":{"line":30,"column":20}}]},"2":{"loc":{"start":{"line":38,"column":4},"end":{"line":43,"column":null}},"type":"if","locations":[{"start":{"line":38,"column":4},"end":{"line":43,"column":null}}]},"3":{"loc":{"start":{"line":51,"column":17},"end":{"line":51,"column":78}},"type":"cond-expr","locations":[{"start":{"line":51,"column":31},"end":{"line":51,"column":73}},{"start":{"line":51,"column":76},"end":{"line":51,"column":78}}]},"4":{"loc":{"start":{"line":61,"column":21},"end":{"line":61,"column":54}},"type":"binary-expr","locations":[{"start":{"line":61,"column":21},"end":{"line":61,"column":43}},{"start":{"line":61,"column":47},"end":{"line":61,"column":54}}]},"5":{"loc":{"start":{"line":67,"column":42},"end":{"line":67,"column":97}},"type":"cond-expr","locations":[{"start":{"line":67,"column":86},"end":{"line":67,"column":92}},{"start":{"line":67,"column":95},"end":{"line":67,"column":97}}]}},"s":{"0":4,"1":4,"2":4,"3":4,"4":4,"5":4,"6":4,"7":4,"8":4,"9":4,"10":4,"11":4,"12":12,"13":12,"14":12,"15":12,"16":12,"17":2,"18":2,"19":2,"20":2,"21":10,"22":10,"23":10,"24":10,"25":19,"26":19,"27":4},"f":{"0":12,"1":19},"b":{"0":[11],"1":[11],"2":[2],"3":[5,5],"4":[10,1],"5":[9,10]}}
,"C:\\Users\\nanai\\Desktop\\フォルダ\\workspace\\workspace(nextjs)\\next-ts-intro-web-app\\src\\app\\components\\careers\\cards\\CareerCard.tsx": {"path":"C:\\Users\\nanai\\Desktop\\フォルダ\\workspace\\workspace(nextjs)\\next-ts-intro-web-app\\src\\app\\components\\careers\\cards\\CareerCard.tsx","statementMap":{"0":{"start":{"line":1,"column":0},"end":{"line":1,"column":26}},"1":{"start":{"line":2,"column":0},"end":{"line":2,"column":36}},"2":{"start":{"line":3,"column":0},"end":{"line":3,"column":60}},"3":{"start":{"line":5,"column":0},"end":{"line":5,"column":70}},"4":{"start":{"line":6,"column":0},"end":{"line":6,"column":115}},"5":{"start":{"line":7,"column":0},"end":{"line":7,"column":74}},"6":{"start":{"line":8,"column":0},"end":{"line":8,"column":90}},"7":{"start":{"line":9,"column":0},"end":{"line":9,"column":70}},"8":{"start":{"line":10,"column":0},"end":{"line":10,"column":69}},"9":{"start":{"line":11,"column":0},"end":{"line":11,"column":71}},"10":{"start":{"line":12,"column":0},"end":{"line":12,"column":71}},"11":{"start":{"line":13,"column":0},"end":{"line":13,"column":75}},"12":{"start":{"line":14,"column":0},"end":{"line":14,"column":71}},"13":{"start":{"line":15,"column":0},"end":{"line":15,"column":69}},"14":{"start":{"line":16,"column":0},"end":{"line":16,"column":67}},"15":{"start":{"line":30,"column":46},"end":{"line":102,"column":1}},"16":{"start":{"line":36,"column":4},"end":{"line":36,"column":31}},"17":{"start":{"line":39,"column":36},"end":{"line":39,"column":52}},"18":{"start":{"line":42,"column":24},"end":{"line":42,"column":88}},"19":{"start":{"line":43,"column":24},"end":{"line":43,"column":98}},"20":{"start":{"line":44,"column":24},"end":{"line":44,"column":69}},"21":{"start":{"line":45,"column":4},"end":{"line":50,"column":null}},"22":{"start":{"line":46,"column":26},"end":{"line":46,"column":42}},"23":{"start":{"line":47,"column":8},"end":{"line":47,"column":50}},"24":{"start":{"line":48,"column":8},"end":{"line":48,"column":44}},"25":{"start":{"line":49,"column":8},"end":{"line":49,"column":79}},"26":{"start":{"line":53,"column":28},"end":{"line":53,"column":121}},"27":{"start":{"line":54,"column":4},"end":{"line":54,"column":123}},"28":{"start":{"line":55,"column":28},"end":{"line":55,"column":95}},"29":{"start":{"line":56,"column":28},"end":{"line":56,"column":133}},"30":{"start":{"line":58,"column":4},"end":{"line":58,"column":29}},"31":{"start":{"line":59,"column":4},"end":{"line":101,"column":6}},"32":{"start":{"line":63,"column":31},"end":{"line":63,"column":64}},"33":{"start":{"line":104,"column":0},"end":{"line":104,"column":26}}},"fnMap":{"0":{"name":"(anonymous_1)","decl":{"start":{"line":30,"column":46},"end":{"line":30,"column":47}},"loc":{"start":{"line":35,"column":5},"end":{"line":102,"column":1}}},"1":{"name":"(anonymous_2)","decl":{"start":{"line":63,"column":25},"end":{"line":63,"column":28}},"loc":{"start":{"line":63,"column":31},"end":{"line":63,"column":64}}}},"branchMap":{"0":{"loc":{"start":{"line":34,"column":4},"end":{"line":34,"column":18}},"type":"default-arg","locations":[{"start":{"line":34,"column":16},"end":{"line":34,"column":18}}]},"1":{"loc":{"start":{"line":45,"column":4},"end":{"line":50,"column":null}},"type":"if","locations":[{"start":{"line":45,"column":4},"end":{"line":50,"column":null}}]}},"s":{"0":1,"1":1,"2":1,"3":1,"4":1,"5":1,"6":1,"7":1,"8":1,"9":1,"10":1,"11":1,"12":1,"13":1,"14":1,"15":1,"16":12,"17":12,"18":12,"19":12,"20":12,"21":12,"22":1,"23":1,"24":1,"25":1,"26":11,"27":11,"28":11,"29":11,"30":11,"31":11,"32":1,"33":1},"f":{"0":12,"1":1},"b":{"0":[2],"1":[1]}}
,"C:\\Users\\nanai\\Desktop\\フォルダ\\workspace\\workspace(nextjs)\\next-ts-intro-web-app\\src\\app\\components\\careers\\cards\\StackCard.tsx": {"path":"C:\\Users\\nanai\\Desktop\\フォルダ\\workspace\\workspace(nextjs)\\next-ts-intro-web-app\\src\\app\\components\\careers\\cards\\StackCard.tsx","statementMap":{"0":{"start":{"line":1,"column":0},"end":{"line":1,"column":26}},"1":{"start":{"line":2,"column":0},"end":{"line":2,"column":63}},"2":{"start":{"line":13,"column":44},"end":{"line":22,"column":1}},"3":{"start":{"line":16,"column":4},"end":{"line":16,"column":28}},"4":{"start":{"line":17,"column":4},"end":{"line":21,"column":6}},"5":{"start":{"line":24,"column":0},"end":{"line":24,"column":25}}},"fnMap":{"0":{"name":"(anonymous_1)","decl":{"start":{"line":13,"column":44},"end":{"line":13,"column":45}},"loc":{"start":{"line":15,"column":5},"end":{"line":22,"column":1}}}},"branchMap":{"0":{"loc":{"start":{"line":14,"column":4},"end":{"line":14,"column":31}},"type":"default-arg","locations":[{"start":{"line":14,"column":16},"end":{"line":14,"column":31}}]}},"s":{"0":1,"1":1,"2":1,"3":4,"4":4,"5":1},"f":{"0":4},"b":{"0":[1]}}
,"C:\\Users\\nanai\\Desktop\\フォルダ\\workspace\\workspace(nextjs)\\next-ts-intro-web-app\\src\\app\\components\\careers\\parts\\CareerContents.tsx": {"path":"C:\\Users\\nanai\\Desktop\\フォルダ\\workspace\\workspace(nextjs)\\next-ts-intro-web-app\\src\\app\\components\\careers\\parts\\CareerContents.tsx","statementMap":{"0":{"start":{"line":1,"column":0},"end":{"line":1,"column":26}},"1":{"start":{"line":2,"column":0},"end":{"line":2,"column":60}},"2":{"start":{"line":3,"column":0},"end":{"line":3,"column":96}},"3":{"start":{"line":4,"column":0},"end":{"line":4,"column":74}},"4":{"start":{"line":5,"column":0},"end":{"line":5,"column":90}},"5":{"start":{"line":6,"column":0},"end":{"line":6,"column":70}},"6":{"start":{"line":19,"column":54},"end":{"line":46,"column":1}},"7":{"start":{"line":24,"column":4},"end":{"line":24,"column":35}},"8":{"start":{"line":27,"column":24},"end":{"line":27,"column":105}},"9":{"start":{"line":28,"column":24},"end":{"line":28,"column":58}},"10":{"start":{"line":29,"column":4},"end":{"line":34,"column":null}},"11":{"start":{"line":30,"column":26},"end":{"line":30,"column":42}},"12":{"start":{"line":31,"column":8},"end":{"line":31,"column":54}},"13":{"start":{"line":32,"column":8},"end":{"line":32,"column":44}},"14":{"start":{"line":33,"column":8},"end":{"line":33,"column":79}},"15":{"start":{"line":36,"column":4},"end":{"line":36,"column":33}},"16":{"start":{"line":37,"column":4},"end":{"line":45,"column":6}},"17":{"start":{"line":48,"column":0},"end":{"line":48,"column":30}}},"fnMap":{"0":{"name":"(anonymous_1)","decl":{"start":{"line":19,"column":54},"end":{"line":19,"column":55}},"loc":{"start":{"line":23,"column":5},"end":{"line":46,"column":1}}}},"branchMap":{"0":{"loc":{"start":{"line":22,"column":4},"end":{"line":22,"column":18}},"type":"default-arg","locations":[{"start":{"line":22,"column":16},"end":{"line":22,"column":18}}]},"1":{"loc":{"start":{"line":29,"column":4},"end":{"line":34,"column":null}},"type":"if","locations":[{"start":{"line":29,"column":4},"end":{"line":34,"column":null}}]}},"s":{"0":1,"1":1,"2":1,"3":1,"4":1,"5":1,"6":1,"7":8,"8":8,"9":8,"10":8,"11":1,"12":1,"13":1,"14":1,"15":7,"16":7,"17":1},"f":{"0":8},"b":{"0":[1],"1":[1]}}
,"C:\\Users\\nanai\\Desktop\\フォルダ\\workspace\\workspace(nextjs)\\next-ts-intro-web-app\\src\\app\\components\\careers\\parts\\CareerMember.tsx": {"path":"C:\\Users\\nanai\\Desktop\\フォルダ\\workspace\\workspace(nextjs)\\next-ts-intro-web-app\\src\\app\\components\\careers\\parts\\CareerMember.tsx","statementMap":{"0":{"start":{"line":1,"column":0},"end":{"line":1,"column":26}},"1":{"start":{"line":2,"column":0},"end":{"line":2,"column":60}},"2":{"start":{"line":3,"column":0},"end":{"line":3,"column":96}},"3":{"start":{"line":4,"column":0},"end":{"line":4,"column":74}},"4":{"start":{"line":5,"column":0},"end":{"line":5,"column":90}},"5":{"start":{"line":6,"column":0},"end":{"line":6,"column":70}},"6":{"start":{"line":19,"column":51},"end":{"line":44,"column":1}},"7":{"start":{"line":24,"column":4},"end":{"line":24,"column":33}},"8":{"start":{"line":27,"column":24},"end":{"line":27,"column":100}},"9":{"start":{"line":28,"column":24},"end":{"line":28,"column":58}},"10":{"start":{"line":29,"column":4},"end":{"line":34,"column":null}},"11":{"start":{"line":30,"column":26},"end":{"line":30,"column":42}},"12":{"start":{"line":31,"column":8},"end":{"line":31,"column":52}},"13":{"start":{"line":32,"column":8},"end":{"line":32,"column":44}},"14":{"start":{"line":33,"column":8},"end":{"line":33,"column":79}},"15":{"start":{"line":36,"column":4},"end":{"line":36,"column":31}},"16":{"start":{"line":37,"column":4},"end":{"line":43,"column":6}},"17":{"start":{"line":46,"column":0},"end":{"line":46,"column":28}}},"fnMap":{"0":{"name":"(anonymous_1)","decl":{"start":{"line":19,"column":51},"end":{"line":19,"column":52}},"loc":{"start":{"line":23,"column":5},"end":{"line":44,"column":1}}}},"branchMap":{"0":{"loc":{"start":{"line":22,"column":4},"end":{"line":22,"column":18}},"type":"default-arg","locations":[{"start":{"line":22,"column":16},"end":{"line":22,"column":18}}]},"1":{"loc":{"start":{"line":29,"column":4},"end":{"line":34,"column":null}},"type":"if","locations":[{"start":{"line":29,"column":4},"end":{"line":34,"column":null}}]}},"s":{"0":1,"1":1,"2":1,"3":1,"4":1,"5":1,"6":1,"7":8,"8":8,"9":8,"10":8,"11":1,"12":1,"13":1,"14":1,"15":7,"16":7,"17":1},"f":{"0":8},"b":{"0":[1],"1":[1]}}
,"C:\\Users\\nanai\\Desktop\\フォルダ\\workspace\\workspace(nextjs)\\next-ts-intro-web-app\\src\\app\\components\\careers\\parts\\CareerPeriod.tsx": {"path":"C:\\Users\\nanai\\Desktop\\フォルダ\\workspace\\workspace(nextjs)\\next-ts-intro-web-app\\src\\app\\components\\careers\\parts\\CareerPeriod.tsx","statementMap":{"0":{"start":{"line":1,"column":0},"end":{"line":1,"column":26}},"1":{"start":{"line":2,"column":0},"end":{"line":2,"column":60}},"2":{"start":{"line":3,"column":0},"end":{"line":3,"column":96}},"3":{"start":{"line":4,"column":0},"end":{"line":4,"column":74}},"4":{"start":{"line":5,"column":0},"end":{"line":5,"column":90}},"5":{"start":{"line":6,"column":0},"end":{"line":6,"column":70}},"6":{"start":{"line":20,"column":50},"end":{"line":48,"column":1}},"7":{"start":{"line":26,"column":4},"end":{"line":26,"column":33}},"8":{"start":{"line":29,"column":24},"end":{"line":29,"column":110}},"9":{"start":{"line":30,"column":24},"end":{"line":30,"column":58}},"10":{"start":{"line":31,"column":4},"end":{"line":36,"column":null}},"11":{"start":{"line":32,"column":26},"end":{"line":32,"column":42}},"12":{"start":{"line":33,"column":8},"end":{"line":33,"column":52}},"13":{"start":{"line":34,"column":8},"end":{"line":34,"column":44}},"14":{"start":{"line":35,"column":8},"end":{"line":35,"column":79}},"15":{"start":{"line":38,"column":4},"end":{"line":38,"column":31}},"16":{"start":{"line":39,"column":4},"end":{"line":47,"column":6}},"17":{"start":{"line":50,"column":0},"end":{"line":50,"column":28}}},"fnMap":{"0":{"name":"(anonymous_1)","decl":{"start":{"line":20,"column":50},"end":{"line":20,"column":51}},"loc":{"start":{"line":25,"column":5},"end":{"line":48,"column":1}}}},"branchMap":{"0":{"loc":{"start":{"line":24,"column":4},"end":{"line":24,"column":18}},"type":"default-arg","locations":[{"start":{"line":24,"column":16},"end":{"line":24,"column":18}}]},"1":{"loc":{"start":{"line":31,"column":4},"end":{"line":36,"column":null}},"type":"if","locations":[{"start":{"line":31,"column":4},"end":{"line":36,"column":null}}]}},"s":{"0":1,"1":1,"2":1,"3":1,"4":1,"5":1,"6":1,"7":9,"8":9,"9":9,"10":9,"11":1,"12":1,"13":1,"14":1,"15":8,"16":8,"17":1},"f":{"0":9},"b":{"0":[2],"1":[1]}}
,"C:\\Users\\nanai\\Desktop\\フォルダ\\workspace\\workspace(nextjs)\\next-ts-intro-web-app\\src\\app\\components\\careers\\parts\\CareerPhase.tsx": {"path":"C:\\Users\\nanai\\Desktop\\フォルダ\\workspace\\workspace(nextjs)\\next-ts-intro-web-app\\src\\app\\components\\careers\\parts\\CareerPhase.tsx","statementMap":{"0":{"start":{"line":1,"column":0},"end":{"line":1,"column":26}},"1":{"start":{"line":2,"column":0},"end":{"line":2,"column":60}},"2":{"start":{"line":3,"column":0},"end":{"line":3,"column":117}},"3":{"start":{"line":4,"column":0},"end":{"line":4,"column":74}},"4":{"start":{"line":5,"column":0},"end":{"line":5,"column":90}},"5":{"start":{"line":6,"column":0},"end":{"line":6,"column":70}},"6":{"start":{"line":7,"column":0},"end":{"line":7,"column":65}},"7":{"start":{"line":20,"column":48},"end":{"line":53,"column":1}},"8":{"start":{"line":25,"column":4},"end":{"line":25,"column":32}},"9":{"start":{"line":28,"column":24},"end":{"line":28,"column":86}},"10":{"start":{"line":29,"column":24},"end":{"line":29,"column":87}},"11":{"start":{"line":30,"column":24},"end":{"line":30,"column":70}},"12":{"start":{"line":31,"column":4},"end":{"line":36,"column":null}},"13":{"start":{"line":32,"column":26},"end":{"line":32,"column":42}},"14":{"start":{"line":33,"column":8},"end":{"line":33,"column":51}},"15":{"start":{"line":34,"column":8},"end":{"line":34,"column":44}},"16":{"start":{"line":35,"column":8},"end":{"line":35,"column":79}},"17":{"start":{"line":38,"column":4},"end":{"line":38,"column":30}},"18":{"start":{"line":39,"column":4},"end":{"line":52,"column":6}},"19":{"start":{"line":48,"column":20},"end":{"line":48,"column":77}},"20":{"start":{"line":55,"column":0},"end":{"line":55,"column":27}}},"fnMap":{"0":{"name":"(anonymous_1)","decl":{"start":{"line":20,"column":48},"end":{"line":20,"column":49}},"loc":{"start":{"line":24,"column":5},"end":{"line":53,"column":1}}},"1":{"name":"(anonymous_2)","decl":{"start":{"line":47,"column":34},"end":{"line":47,"column":35}},"loc":{"start":{"line":48,"column":20},"end":{"line":48,"column":77}}}},"branchMap":{"0":{"loc":{"start":{"line":23,"column":4},"end":{"line":23,"column":18}},"type":"default-arg","locations":[{"start":{"line":23,"column":16},"end":{"line":23,"column":18}}]},"1":{"loc":{"start":{"line":31,"column":4},"end":{"line":36,"column":null}},"type":"if","locations":[{"start":{"line":31,"column":4},"end":{"line":36,"column":null}}]}},"s":{"0":1,"1":1,"2":1,"3":1,"4":1,"5":1,"6":1,"7":1,"8":8,"9":8,"10":8,"11":8,"12":8,"13":1,"14":1,"15":1,"16":1,"17":7,"18":7,"19":21,"20":1},"f":{"0":8,"1":21},"b":{"0":[2],"1":[1]}}
,"C:\\Users\\nanai\\Desktop\\フォルダ\\workspace\\workspace(nextjs)\\next-ts-intro-web-app\\src\\app\\components\\careers\\parts\\CareerRole.tsx": {"path":"C:\\Users\\nanai\\Desktop\\フォルダ\\workspace\\workspace(nextjs)\\next-ts-intro-web-app\\src\\app\\components\\careers\\parts\\CareerRole.tsx","statementMap":{"0":{"start":{"line":1,"column":0},"end":{"line":1,"column":26}},"1":{"start":{"line":2,"column":0},"end":{"line":2,"column":60}},"2":{"start":{"line":3,"column":0},"end":{"line":3,"column":96}},"3":{"start":{"line":4,"column":0},"end":{"line":4,"column":74}},"4":{"start":{"line":5,"column":0},"end":{"line":5,"column":90}},"5":{"start":{"line":6,"column":0},"end":{"line":6,"column":70}},"6":{"start":{"line":19,"column":46},"end":{"line":46,"column":1}},"7":{"start":{"line":24,"column":4},"end":{"line":24,"column":31}},"8":{"start":{"line":27,"column":24},"end":{"line":27,"column":98}},"9":{"start":{"line":28,"column":24},"end":{"line":28,"column":58}},"10":{"start":{"line":29,"column":4},"end":{"line":34,"column":null}},"11":{"start":{"line":30,"column":26},"end":{"line":30,"column":42}},"12":{"start":{"line":31,"column":8},"end":{"line":31,"column":50}},"13":{"start":{"line":32,"column":8},"end":{"line":32,"column":44}},"14":{"start":{"line":33,"column":8},"end":{"line":33,"column":79}},"15":{"start":{"line":36,"column":4},"end":{"line":36,"column":29}},"16":{"start":{"line":37,"column":4},"end":{"line":45,"column":6}},"17":{"start":{"line":48,"column":0},"end":{"line":48,"column":26}}},"fnMap":{"0":{"name":"(anonymous_1)","decl":{"start":{"line":19,"column":46},"end":{"line":19,"column":47}},"loc":{"start":{"line":23,"column":5},"end":{"line":46,"column":1}}}},"branchMap":{"0":{"loc":{"start":{"line":22,"column":4},"end":{"line":22,"column":18}},"type":"default-arg","locations":[{"start":{"line":22,"column":16},"end":{"line":22,"column":18}}]},"1":{"loc":{"start":{"line":29,"column":4},"end":{"line":34,"column":null}},"type":"if","locations":[{"start":{"line":29,"column":4},"end":{"line":34,"column":null}}]}},"s":{"0":1,"1":1,"2":1,"3":1,"4":1,"5":1,"6":1,"7":8,"8":8,"9":8,"10":8,"11":1,"12":1,"13":1,"14":1,"15":7,"16":7,"17":1},"f":{"0":8},"b":{"0":[2],"1":[1]}}
,"C:\\Users\\nanai\\Desktop\\フォルダ\\workspace\\workspace(nextjs)\\next-ts-intro-web-app\\src\\app\\components\\careers\\parts\\CareerStacks.tsx": {"path":"C:\\Users\\nanai\\Desktop\\フォルダ\\workspace\\workspace(nextjs)\\next-ts-intro-web-app\\src\\app\\components\\careers\\parts\\CareerStacks.tsx","statementMap":{"0":{"start":{"line":1,"column":0},"end":{"line":1,"column":26}},"1":{"start":{"line":2,"column":0},"end":{"line":2,"column":60}},"2":{"start":{"line":3,"column":0},"end":{"line":3,"column":117}},"3":{"start":{"line":4,"column":0},"end":{"line":4,"column":74}},"4":{"start":{"line":5,"column":0},"end":{"line":5,"column":90}},"5":{"start":{"line":6,"column":0},"end":{"line":6,"column":70}},"6":{"start":{"line":7,"column":0},"end":{"line":7,"column":65}},"7":{"start":{"line":20,"column":50},"end":{"line":53,"column":1}},"8":{"start":{"line":25,"column":4},"end":{"line":25,"column":33}},"9":{"start":{"line":28,"column":24},"end":{"line":28,"column":86}},"10":{"start":{"line":29,"column":24},"end":{"line":29,"column":87}},"11":{"start":{"line":30,"column":24},"end":{"line":30,"column":70}},"12":{"start":{"line":31,"column":4},"end":{"line":36,"column":null}},"13":{"start":{"line":32,"column":26},"end":{"line":32,"column":42}},"14":{"start":{"line":33,"column":8},"end":{"line":33,"column":52}},"15":{"start":{"line":34,"column":8},"end":{"line":34,"column":44}},"16":{"start":{"line":35,"column":8},"end":{"line":35,"column":79}},"17":{"start":{"line":38,"column":4},"end":{"line":38,"column":31}},"18":{"start":{"line":39,"column":4},"end":{"line":52,"column":6}},"19":{"start":{"line":48,"column":20},"end":{"line":48,"column":77}},"20":{"start":{"line":55,"column":0},"end":{"line":55,"column":28}}},"fnMap":{"0":{"name":"(anonymous_1)","decl":{"start":{"line":20,"column":50},"end":{"line":20,"column":51}},"loc":{"start":{"line":24,"column":5},"end":{"line":53,"column":1}}},"1":{"name":"(anonymous_2)","decl":{"start":{"line":47,"column":34},"end":{"line":47,"column":35}},"loc":{"start":{"line":48,"column":20},"end":{"line":48,"column":77}}}},"branchMap":{"0":{"loc":{"start":{"line":23,"column":4},"end":{"line":23,"column":18}},"type":"default-arg","locations":[{"start":{"line":23,"column":16},"end":{"line":23,"column":18}}]},"1":{"loc":{"start":{"line":31,"column":4},"end":{"line":36,"column":null}},"type":"if","locations":[{"start":{"line":31,"column":4},"end":{"line":36,"column":null}}]}},"s":{"0":1,"1":1,"2":1,"3":1,"4":1,"5":1,"6":1,"7":1,"8":8,"9":8,"10":8,"11":8,"12":8,"13":1,"14":1,"15":1,"16":1,"17":7,"18":7,"19":21,"20":1},"f":{"0":8,"1":21},"b":{"0":[2],"1":[1]}}
,"C:\\Users\\nanai\\Desktop\\フォルダ\\workspace\\workspace(nextjs)\\next-ts-intro-web-app\\src\\app\\components\\careers\\parts\\CareerTitle.tsx": {"path":"C:\\Users\\nanai\\Desktop\\フォルダ\\workspace\\workspace(nextjs)\\next-ts-intro-web-app\\src\\app\\components\\careers\\parts\\CareerTitle.tsx","statementMap":{"0":{"start":{"line":1,"column":0},"end":{"line":1,"column":26}},"1":{"start":{"line":2,"column":0},"end":{"line":2,"column":36}},"2":{"start":{"line":3,"column":0},"end":{"line":3,"column":60}},"3":{"start":{"line":4,"column":0},"end":{"line":4,"column":96}},"4":{"start":{"line":5,"column":0},"end":{"line":5,"column":74}},"5":{"start":{"line":6,"column":0},"end":{"line":6,"column":90}},"6":{"start":{"line":7,"column":0},"end":{"line":7,"column":70}},"7":{"start":{"line":19,"column":48},"end":{"line":45,"column":1}},"8":{"start":{"line":23,"column":4},"end":{"line":23,"column":32}},"9":{"start":{"line":26,"column":24},"end":{"line":26,"column":86}},"10":{"start":{"line":27,"column":24},"end":{"line":27,"column":58}},"11":{"start":{"line":28,"column":4},"end":{"line":33,"column":null}},"12":{"start":{"line":29,"column":26},"end":{"line":29,"column":42}},"13":{"start":{"line":30,"column":8},"end":{"line":30,"column":51}},"14":{"start":{"line":31,"column":8},"end":{"line":31,"column":44}},"15":{"start":{"line":32,"column":8},"end":{"line":32,"column":79}},"16":{"start":{"line":35,"column":31},"end":{"line":35,"column":83}},"17":{"start":{"line":37,"column":4},"end":{"line":37,"column":30}},"18":{"start":{"line":38,"column":4},"end":{"line":44,"column":6}},"19":{"start":{"line":47,"column":0},"end":{"line":47,"column":27}}},"fnMap":{"0":{"name":"(anonymous_1)","decl":{"start":{"line":19,"column":48},"end":{"line":19,"column":49}},"loc":{"start":{"line":22,"column":5},"end":{"line":45,"column":1}}}},"branchMap":{"0":{"loc":{"start":{"line":21,"column":4},"end":{"line":21,"column":18}},"type":"default-arg","locations":[{"start":{"line":21,"column":16},"end":{"line":21,"column":18}}]},"1":{"loc":{"start":{"line":28,"column":4},"end":{"line":33,"column":null}},"type":"if","locations":[{"start":{"line":28,"column":4},"end":{"line":33,"column":null}}]}},"s":{"0":1,"1":1,"2":1,"3":1,"4":1,"5":1,"6":1,"7":1,"8":6,"9":6,"10":6,"11":6,"12":1,"13":1,"14":1,"15":1,"16":5,"17":5,"18":5,"19":1},"f":{"0":6},"b":{"0":[2],"1":[1]}}
,"C:\\Users\\nanai\\Desktop\\フォルダ\\workspace\\workspace(nextjs)\\next-ts-intro-web-app\\src\\app\\components\\common\\error\\ErrorComponent.tsx": {"path":"C:\\Users\\nanai\\Desktop\\フォルダ\\workspace\\workspace(nextjs)\\next-ts-intro-web-app\\src\\app\\components\\common\\error\\ErrorComponent.tsx","statementMap":{"0":{"start":{"line":1,"column":0},"end":{"line":1,"column":26}},"1":{"start":{"line":13,"column":23},"end":{"line":18,"column":1}},"2":{"start":{"line":14,"column":26},"end":{"line":14,"column":31}},"3":{"start":{"line":15,"column":4},"end":{"line":17,"column":6}},"4":{"start":{"line":20,"column":0},"end":{"line":20,"column":30}}},"fnMap":{"0":{"name":"(anonymous_1)","decl":{"start":{"line":13,"column":23},"end":{"line":13,"column":24}},"loc":{"start":{"line":13,"column":40},"end":{"line":18,"column":1}}}},"branchMap":{},"s":{"0":39,"1":39,"2":69,"3":69,"4":39},"f":{"0":69},"b":{}}
,"C:\\Users\\nanai\\Desktop\\フォルダ\\workspace\\workspace(nextjs)\\next-ts-intro-web-app\\src\\app\\components\\common\\icons\\ArrowIcon.tsx": {"path":"C:\\Users\\nanai\\Desktop\\フォルダ\\workspace\\workspace(nextjs)\\next-ts-intro-web-app\\src\\app\\components\\common\\icons\\ArrowIcon.tsx","statementMap":{"0":{"start":{"line":1,"column":0},"end":{"line":1,"column":26}},"1":{"start":{"line":2,"column":0},"end":{"line":2,"column":36}},"2":{"start":{"line":15,"column":44},"end":{"line":36,"column":1}},"3":{"start":{"line":20,"column":22},"end":{"line":20,"column":42}},"4":{"start":{"line":22,"column":4},"end":{"line":35,"column":6}},"5":{"start":{"line":38,"column":0},"end":{"line":38,"column":25}}},"fnMap":{"0":{"name":"(anonymous_1)","decl":{"start":{"line":15,"column":44},"end":{"line":15,"column":45}},"loc":{"start":{"line":19,"column":5},"end":{"line":36,"column":1}}}},"branchMap":{"0":{"loc":{"start":{"line":16,"column":4},"end":{"line":16,"column":26}},"type":"default-arg","locations":[{"start":{"line":16,"column":16},"end":{"line":16,"column":26}}]},"1":{"loc":{"start":{"line":17,"column":4},"end":{"line":17,"column":18}},"type":"default-arg","locations":[{"start":{"line":17,"column":16},"end":{"line":17,"column":18}}]},"2":{"loc":{"start":{"line":18,"column":4},"end":{"line":18,"column":28}},"type":"default-arg","locations":[{"start":{"line":18,"column":16},"end":{"line":18,"column":28}}]}},"s":{"0":2,"1":2,"2":2,"3":56,"4":56,"5":2},"f":{"0":56},"b":{"0":[3],"1":[3],"2":[55]}}
,"C:\\Users\\nanai\\Desktop\\フォルダ\\workspace\\workspace(nextjs)\\next-ts-intro-web-app\\src\\app\\components\\common\\icons\\ProfileIcon.tsx": {"path":"C:\\Users\\nanai\\Desktop\\フォルダ\\workspace\\workspace(nextjs)\\next-ts-intro-web-app\\src\\app\\components\\common\\icons\\ProfileIcon.tsx","statementMap":{"0":{"start":{"line":1,"column":0},"end":{"line":1,"column":26}},"1":{"start":{"line":2,"column":0},"end":{"line":2,"column":31}},"2":{"start":{"line":13,"column":34},"end":{"line":13,"column":36}},"3":{"start":{"line":19,"column":48},"end":{"line":41,"column":1}},"4":{"start":{"line":25,"column":22},"end":{"line":25,"column":66}},"5":{"start":{"line":27,"column":4},"end":{"line":40,"column":6}},"6":{"start":{"line":43,"column":0},"end":{"line":43,"column":27}}},"fnMap":{"0":{"name":"(anonymous_1)","decl":{"start":{"line":19,"column":48},"end":{"line":19,"column":49}},"loc":{"start":{"line":24,"column":5},"end":{"line":41,"column":1}}}},"branchMap":{"0":{"loc":{"start":{"line":22,"column":4},"end":{"line":22,"column":36}},"type":"default-arg","locations":[{"start":{"line":22,"column":11},"end":{"line":22,"column":36}}]},"1":{"loc":{"start":{"line":23,"column":4},"end":{"line":23,"column":18}},"type":"default-arg","locations":[{"start":{"line":23,"column":16},"end":{"line":23,"column":18}}]},"2":{"loc":{"start":{"line":25,"column":22},"end":{"line":25,"column":66}},"type":"cond-expr","locations":[{"start":{"line":25,"column":34},"end":{"line":25,"column":59}},{"start":{"line":25,"column":62},"end":{"line":25,"column":66}}]}},"s":{"0":5,"1":5,"2":5,"3":5,"4":15,"5":15,"6":5},"f":{"0":15},"b":{"0":[3],"1":[14],"2":[1,14]}}
,"C:\\Users\\nanai\\Desktop\\フォルダ\\workspace\\workspace(nextjs)\\next-ts-intro-web-app\\src\\app\\components\\common\\icons\\ScrollTopIcon.tsx": {"path":"C:\\Users\\nanai\\Desktop\\フォルダ\\workspace\\workspace(nextjs)\\next-ts-intro-web-app\\src\\app\\components\\common\\icons\\ScrollTopIcon.tsx","statementMap":{"0":{"start":{"line":1,"column":0},"end":{"line":1,"column":26}},"1":{"start":{"line":2,"column":0},"end":{"line":2,"column":36}},"2":{"start":{"line":14,"column":52},"end":{"line":35,"column":1}},"3":{"start":{"line":18,"column":19},"end":{"line":18,"column":34}},"4":{"start":{"line":19,"column":19},"end":{"line":19,"column":34}},"5":{"start":{"line":20,"column":19},"end":{"line":20,"column":46}},"6":{"start":{"line":22,"column":4},"end":{"line":34,"column":6}},"7":{"start":{"line":37,"column":0},"end":{"line":37,"column":29}}},"fnMap":{"0":{"name":"(anonymous_1)","decl":{"start":{"line":14,"column":52},"end":{"line":14,"column":53}},"loc":{"start":{"line":17,"column":5},"end":{"line":35,"column":1}}}},"branchMap":{"0":{"loc":{"start":{"line":15,"column":4},"end":{"line":15,"column":16}},"type":"default-arg","locations":[{"start":{"line":15,"column":15},"end":{"line":15,"column":16}}]},"1":{"loc":{"start":{"line":16,"column":4},"end":{"line":16,"column":33}},"type":"default-arg","locations":[{"start":{"line":16,"column":16},"end":{"line":16,"column":33}}]}},"s":{"0":3,"1":3,"2":3,"3":11,"4":11,"5":11,"6":11,"7":3},"f":{"0":11},"b":{"0":[10],"1":[10]}}
,"C:\\Users\\nanai\\Desktop\\フォルダ\\workspace\\workspace(nextjs)\\next-ts-intro-web-app\\src\\app\\components\\common\\icons\\SnsIconLink.tsx": {"path":"C:\\Users\\nanai\\Desktop\\フォルダ\\workspace\\workspace(nextjs)\\next-ts-intro-web-app\\src\\app\\components\\common\\icons\\SnsIconLink.tsx","statementMap":{"0":{"start":{"line":1,"column":0},"end":{"line":1,"column":26}},"1":{"start":{"line":2,"column":0},"end":{"line":2,"column":31}},"2":{"start":{"line":3,"column":0},"end":{"line":3,"column":29}},"3":{"start":{"line":15,"column":30},"end":{"line":15,"column":32}},"4":{"start":{"line":21,"column":48},"end":{"line":45,"column":1}},"5":{"start":{"line":28,"column":21},"end":{"line":28,"column":71}},"6":{"start":{"line":30,"column":4},"end":{"line":44,"column":6}},"7":{"start":{"line":47,"column":0},"end":{"line":47,"column":27}}},"fnMap":{"0":{"name":"(anonymous_1)","decl":{"start":{"line":21,"column":48},"end":{"line":21,"column":49}},"loc":{"start":{"line":27,"column":5},"end":{"line":45,"column":1}}}},"branchMap":{"0":{"loc":{"start":{"line":24,"column":4},"end":{"line":24,"column":25}},"type":"default-arg","locations":[{"start":{"line":24,"column":15},"end":{"line":24,"column":25}}]},"1":{"loc":{"start":{"line":25,"column":4},"end":{"line":25,"column":37}},"type":"default-arg","locations":[{"start":{"line":25,"column":16},"end":{"line":25,"column":37}}]},"2":{"loc":{"start":{"line":26,"column":4},"end":{"line":26,"column":23}},"type":"default-arg","locations":[{"start":{"line":26,"column":21},"end":{"line":26,"column":23}}]},"3":{"loc":{"start":{"line":28,"column":21},"end":{"line":28,"column":71}},"type":"cond-expr","locations":[{"start":{"line":28,"column":38},"end":{"line":28,"column":59}},{"start":{"line":28,"column":62},"end":{"line":28,"column":71}}]}},"s":{"0":5,"1":5,"2":5,"3":5,"4":5,"5":25,"6":25,"7":5},"f":{"0":25},"b":{"0":[5],"1":[4],"2":[5],"3":[1,24]}}
,"C:\\Users\\nanai\\Desktop\\フォルダ\\workspace\\workspace(nextjs)\\next-ts-intro-web-app\\src\\app\\components\\common\\notice\\Notification.tsx": {"path":"C:\\Users\\nanai\\Desktop\\フォルダ\\workspace\\workspace(nextjs)\\next-ts-intro-web-app\\src\\app\\components\\common\\notice\\Notification.tsx","statementMap":{"0":{"start":{"line":1,"column":0},"end":{"line":1,"column":26}},"1":{"start":{"line":2,"column":0},"end":{"line":2,"column":60}},"2":{"start":{"line":3,"column":0},"end":{"line":3,"column":119}},"3":{"start":{"line":4,"column":0},"end":{"line":4,"column":74}},"4":{"start":{"line":5,"column":0},"end":{"line":5,"column":90}},"5":{"start":{"line":6,"column":0},"end":{"line":6,"column":70}},"6":{"start":{"line":21,"column":50},"end":{"line":50,"column":1}},"7":{"start":{"line":28,"column":4},"end":{"line":28,"column":33}},"8":{"start":{"line":30,"column":26},"end":{"line":30,"column":89}},"9":{"start":{"line":31,"column":26},"end":{"line":31,"column":84}},"10":{"start":{"line":32,"column":26},"end":{"line":32,"column":75}},"11":{"start":{"line":33,"column":4},"end":{"line":38,"column":null}},"12":{"start":{"line":34,"column":26},"end":{"line":34,"column":42}},"13":{"start":{"line":35,"column":8},"end":{"line":35,"column":52}},"14":{"start":{"line":36,"column":8},"end":{"line":36,"column":44}},"15":{"start":{"line":37,"column":8},"end":{"line":37,"column":79}},"16":{"start":{"line":40,"column":28},"end":{"line":40,"column":63}},"17":{"start":{"line":41,"column":25},"end":{"line":41,"column":66}},"18":{"start":{"line":43,"column":4},"end":{"line":43,"column":31}},"19":{"start":{"line":44,"column":4},"end":{"line":49,"column":6}},"20":{"start":{"line":52,"column":0},"end":{"line":52,"column":28}}},"fnMap":{"0":{"name":"(anonymous_1)","decl":{"start":{"line":21,"column":50},"end":{"line":21,"column":51}},"loc":{"start":{"line":27,"column":5},"end":{"line":50,"column":1}}}},"branchMap":{"0":{"loc":{"start":{"line":22,"column":4},"end":{"line":22,"column":21}},"type":"default-arg","locations":[{"start":{"line":22,"column":16},"end":{"line":22,"column":21}}]},"1":{"loc":{"start":{"line":23,"column":4},"end":{"line":23,"column":23}},"type":"default-arg","locations":[{"start":{"line":23,"column":18},"end":{"line":23,"column":23}}]},"2":{"loc":{"start":{"line":24,"column":4},"end":{"line":24,"column":28}},"type":"default-arg","locations":[{"start":{"line":24,"column":14},"end":{"line":24,"column":28}}]},"3":{"loc":{"start":{"line":33,"column":4},"end":{"line":38,"column":null}},"type":"if","locations":[{"start":{"line":33,"column":4},"end":{"line":38,"column":null}}]},"4":{"loc":{"start":{"line":40,"column":28},"end":{"line":40,"column":63}},"type":"cond-expr","locations":[{"start":{"line":40,"column":40},"end":{"line":40,"column":49}},{"start":{"line":40,"column":52},"end":{"line":40,"column":63}}]},"5":{"loc":{"start":{"line":41,"column":25},"end":{"line":41,"column":66}},"type":"cond-expr","locations":[{"start":{"line":41,"column":39},"end":{"line":41,"column":50}},{"start":{"line":41,"column":53},"end":{"line":41,"column":66}}]}},"s":{"0":2,"1":2,"2":2,"3":2,"4":2,"5":2,"6":2,"7":8,"8":8,"9":8,"10":8,"11":8,"12":1,"13":1,"14":1,"15":1,"16":7,"17":7,"18":7,"19":7,"20":2},"f":{"0":8},"b":{"0":[2],"1":[2],"2":[2],"3":[1],"4":[5,2],"5":[1,6]}}
,"C:\\Users\\nanai\\Desktop\\フォルダ\\workspace\\workspace(nextjs)\\next-ts-intro-web-app\\src\\app\\components\\common\\scroll\\ScrollComponent.tsx": {"path":"C:\\Users\\nanai\\Desktop\\フォルダ\\workspace\\workspace(nextjs)\\next-ts-intro-web-app\\src\\app\\components\\common\\scroll\\ScrollComponent.tsx","statementMap":{"0":{"start":{"line":1,"column":0},"end":{"line":1,"column":38}},"1":{"start":{"line":2,"column":0},"end":{"line":2,"column":69}},"2":{"start":{"line":8,"column":34},"end":{"line":21,"column":1}},"3":{"start":{"line":9,"column":14},"end":{"line":9,"column":42}},"4":{"start":{"line":11,"column":20},"end":{"line":11,"column":34}},"5":{"start":{"line":12,"column":22},"end":{"line":12,"column":41}},"6":{"start":{"line":14,"column":2},"end":{"line":20,"column":4}},"7":{"start":{"line":23,"column":0},"end":{"line":23,"column":31}}},"fnMap":{"0":{"name":"(anonymous_6)","decl":{"start":{"line":8,"column":34},"end":{"line":8,"column":37}},"loc":{"start":{"line":8,"column":39},"end":{"line":21,"column":1}}}},"branchMap":{},"s":{"0":1,"1":1,"2":1,"3":2,"4":2,"5":2,"6":2,"7":1},"f":{"0":2},"b":{}}
,"C:\\Users\\nanai\\Desktop\\フォルダ\\workspace\\workspace(nextjs)\\next-ts-intro-web-app\\src\\app\\components\\common\\slides\\Navigator.tsx": {"path":"C:\\Users\\nanai\\Desktop\\フォルダ\\workspace\\workspace(nextjs)\\next-ts-intro-web-app\\src\\app\\components\\common\\slides\\Navigator.tsx","statementMap":{"0":{"start":{"line":1,"column":0},"end":{"line":1,"column":26}},"1":{"start":{"line":2,"column":0},"end":{"line":2,"column":60}},"2":{"start":{"line":3,"column":0},"end":{"line":3,"column":98}},"3":{"start":{"line":4,"column":0},"end":{"line":4,"column":74}},"4":{"start":{"line":5,"column":0},"end":{"line":5,"column":90}},"5":{"start":{"line":6,"column":0},"end":{"line":6,"column":70}},"6":{"start":{"line":7,"column":0},"end":{"line":7,"column":64}},"7":{"start":{"line":21,"column":44},"end":{"line":52,"column":1}},"8":{"start":{"line":27,"column":4},"end":{"line":27,"column":30}},"9":{"start":{"line":30,"column":26},"end":{"line":30,"column":89}},"10":{"start":{"line":31,"column":26},"end":{"line":31,"column":62}},"11":{"start":{"line":32,"column":4},"end":{"line":37,"column":null}},"12":{"start":{"line":33,"column":26},"end":{"line":33,"column":42}},"13":{"start":{"line":34,"column":8},"end":{"line":34,"column":49}},"14":{"start":{"line":35,"column":8},"end":{"line":35,"column":44}},"15":{"start":{"line":36,"column":8},"end":{"line":36,"column":79}},"16":{"start":{"line":39,"column":19},"end":{"line":39,"column":39}},"17":{"start":{"line":41,"column":4},"end":{"line":41,"column":28}},"18":{"start":{"line":42,"column":4},"end":{"line":51,"column":6}},"19":{"start":{"line":54,"column":0},"end":{"line":54,"column":25}}},"fnMap":{"0":{"name":"(anonymous_1)","decl":{"start":{"line":21,"column":44},"end":{"line":21,"column":45}},"loc":{"start":{"line":26,"column":5},"end":{"line":52,"column":1}}}},"branchMap":{"0":{"loc":{"start":{"line":23,"column":4},"end":{"line":23,"column":27}},"type":"default-arg","locations":[{"start":{"line":23,"column":25},"end":{"line":23,"column":27}}]},"1":{"loc":{"start":{"line":24,"column":4},"end":{"line":24,"column":21}},"type":"default-arg","locations":[{"start":{"line":24,"column":19},"end":{"line":24,"column":21}}]},"2":{"loc":{"start":{"line":32,"column":4},"end":{"line":37,"column":null}},"type":"if","locations":[{"start":{"line":32,"column":4},"end":{"line":37,"column":null}}]},"3":{"loc":{"start":{"line":47,"column":28},"end":{"line":47,"column":56}},"type":"cond-expr","locations":[{"start":{"line":47,"column":37},"end":{"line":47,"column":47}},{"start":{"line":47,"column":50},"end":{"line":47,"column":56}}]},"4":{"loc":{"start":{"line":48,"column":37},"end":{"line":48,"column":72}},"type":"cond-expr","locations":[{"start":{"line":48,"column":46},"end":{"line":48,"column":58}},{"start":{"line":48,"column":61},"end":{"line":48,"column":72}}]}},"s":{"0":1,"1":1,"2":1,"3":1,"4":1,"5":1,"6":1,"7":1,"8":6,"9":6,"10":6,"11":6,"12":1,"13":1,"14":1,"15":1,"16":5,"17":5,"18":5,"19":1},"f":{"0":6},"b":{"0":[1],"1":[1],"2":[1],"3":[3,2],"4":[3,2]}}
,"C:\\Users\\nanai\\Desktop\\フォルダ\\workspace\\workspace(nextjs)\\next-ts-intro-web-app\\src\\app\\components\\common\\spinner\\LoadingSpinner.tsx": {"path":"C:\\Users\\nanai\\Desktop\\フォルダ\\workspace\\workspace(nextjs)\\next-ts-intro-web-app\\src\\app\\components\\common\\spinner\\LoadingSpinner.tsx","statementMap":{"0":{"start":{"line":1,"column":0},"end":{"line":1,"column":26}},"1":{"start":{"line":12,"column":54},"end":{"line":24,"column":1}},"2":{"start":{"line":15,"column":26},"end":{"line":15,"column":61}},"3":{"start":{"line":17,"column":2},"end":{"line":23,"column":4}},"4":{"start":{"line":26,"column":0},"end":{"line":26,"column":30}}},"fnMap":{"0":{"name":"(anonymous_1)","decl":{"start":{"line":12,"column":54},"end":{"line":12,"column":55}},"loc":{"start":{"line":14,"column":5},"end":{"line":24,"column":1}}}},"branchMap":{"0":{"loc":{"start":{"line":13,"column":2},"end":{"line":13,"column":19}},"type":"default-arg","locations":[{"start":{"line":13,"column":14},"end":{"line":13,"column":19}}]},"1":{"loc":{"start":{"line":15,"column":26},"end":{"line":15,"column":61}},"type":"cond-expr","locations":[{"start":{"line":15,"column":38},"end":{"line":15,"column":47}},{"start":{"line":15,"column":50},"end":{"line":15,"column":61}}]}},"s":{"0":2,"1":2,"2":5,"3":5,"4":2},"f":{"0":5},"b":{"0":[1],"1":[2,3]}}
,"C:\\Users\\nanai\\Desktop\\フォルダ\\workspace\\workspace(nextjs)\\next-ts-intro-web-app\\src\\app\\components\\common\\title\\Title.tsx": {"path":"C:\\Users\\nanai\\Desktop\\フォルダ\\workspace\\workspace(nextjs)\\next-ts-intro-web-app\\src\\app\\components\\common\\title\\Title.tsx","statementMap":{"0":{"start":{"line":1,"column":0},"end":{"line":1,"column":26}},"1":{"start":{"line":12,"column":14},"end":{"line":20,"column":1}},"2":{"start":{"line":13,"column":26},"end":{"line":13,"column":31}},"3":{"start":{"line":15,"column":4},"end":{"line":19,"column":6}},"4":{"start":{"line":22,"column":0},"end":{"line":22,"column":21}}},"fnMap":{"0":{"name":"(anonymous_1)","decl":{"start":{"line":12,"column":14},"end":{"line":12,"column":15}},"loc":{"start":{"line":12,"column":31},"end":{"line":20,"column":1}}}},"branchMap":{},"s":{"0":3,"1":3,"2":7,"3":7,"4":3},"f":{"0":7},"b":{}}
,"C:\\Users\\nanai\\Desktop\\フォルダ\\workspace\\workspace(nextjs)\\next-ts-intro-web-app\\src\\app\\components\\contact\\Contact.tsx": {"path":"C:\\Users\\nanai\\Desktop\\フォルダ\\workspace\\workspace(nextjs)\\next-ts-intro-web-app\\src\\app\\components\\contact\\Contact.tsx","statementMap":{"0":{"start":{"line":1,"column":0},"end":{"line":1,"column":26}},"1":{"start":{"line":2,"column":0},"end":{"line":2,"column":60}},"2":{"start":{"line":3,"column":0},"end":{"line":3,"column":115}},"3":{"start":{"line":4,"column":0},"end":{"line":4,"column":59}},"4":{"start":{"line":5,"column":0},"end":{"line":5,"column":74}},"5":{"start":{"line":6,"column":0},"end":{"line":6,"column":90}},"6":{"start":{"line":7,"column":0},"end":{"line":7,"column":70}},"7":{"start":{"line":8,"column":0},"end":{"line":8,"column":56}},"8":{"start":{"line":9,"column":0},"end":{"line":9,"column":63}},"9":{"start":{"line":15,"column":16},"end":{"line":61,"column":1}},"10":{"start":{"line":16,"column":4},"end":{"line":16,"column":28}},"11":{"start":{"line":19,"column":35},"end":{"line":19,"column":49}},"12":{"start":{"line":22,"column":5},"end":{"line":27,"column":null}},"13":{"start":{"line":23,"column":26},"end":{"line":23,"column":52}},"14":{"start":{"line":24,"column":8},"end":{"line":24,"column":47}},"15":{"start":{"line":25,"column":8},"end":{"line":25,"column":44}},"16":{"start":{"line":26,"column":8},"end":{"line":26,"column":75}},"17":{"start":{"line":28,"column":22},"end":{"line":31,"column":32}},"18":{"start":{"line":32,"column":26},"end":{"line":36,"column":83}},"19":{"start":{"line":37,"column":19},"end":{"line":37,"column":64}},"20":{"start":{"line":38,"column":4},"end":{"line":43,"column":null}},"21":{"start":{"line":39,"column":26},"end":{"line":39,"column":54}},"22":{"start":{"line":40,"column":8},"end":{"line":40,"column":47}},"23":{"start":{"line":41,"column":8},"end":{"line":41,"column":44}},"24":{"start":{"line":42,"column":8},"end":{"line":42,"column":76}},"25":{"start":{"line":45,"column":65},"end":{"line":45,"column":74}},"26":{"start":{"line":46,"column":4},"end":{"line":46,"column":26}},"27":{"start":{"line":47,"column":4},"end":{"line":60,"column":6}},"28":{"start":{"line":63,"column":0},"end":{"line":63,"column":23}}},"fnMap":{"0":{"name":"(anonymous_1)","decl":{"start":{"line":15,"column":16},"end":{"line":15,"column":19}},"loc":{"start":{"line":15,"column":21},"end":{"line":61,"column":1}}}},"branchMap":{"0":{"loc":{"start":{"line":22,"column":5},"end":{"line":27,"column":null}},"type":"if","locations":[{"start":{"line":22,"column":5},"end":{"line":27,"column":null}}]},"1":{"loc":{"start":{"line":22,"column":9},"end":{"line":22,"column":58}},"type":"binary-expr","locations":[{"start":{"line":22,"column":9},"end":{"line":22,"column":19}},{"start":{"line":22,"column":23},"end":{"line":22,"column":46}},{"start":{"line":22,"column":50},"end":{"line":22,"column":58}}]},"2":{"loc":{"start":{"line":33,"column":8},"end":{"line":33,"column":49}},"type":"binary-expr","locations":[{"start":{"line":33,"column":8},"end":{"line":33,"column":43}},{"start":{"line":33,"column":47},"end":{"line":33,"column":49}}]},"3":{"loc":{"start":{"line":34,"column":8},"end":{"line":34,"column":50}},"type":"binary-expr","locations":[{"start":{"line":34,"column":8},"end":{"line":34,"column":44}},{"start":{"line":34,"column":48},"end":{"line":34,"column":50}}]},"4":{"loc":{"start":{"line":35,"column":8},"end":{"line":35,"column":53}},"type":"binary-expr","locations":[{"start":{"line":35,"column":8},"end":{"line":35,"column":47}},{"start":{"line":35,"column":51},"end":{"line":35,"column":53}}]},"5":{"loc":{"start":{"line":36,"column":8},"end":{"line":36,"column":53}},"type":"binary-expr","locations":[{"start":{"line":36,"column":8},"end":{"line":36,"column":47}},{"start":{"line":36,"column":51},"end":{"line":36,"column":53}}]},"6":{"loc":{"start":{"line":38,"column":4},"end":{"line":43,"column":null}},"type":"if","locations":[{"start":{"line":38,"column":4},"end":{"line":43,"column":null}}]}},"s":{"0":1,"1":1,"2":1,"3":1,"4":1,"5":1,"6":1,"7":1,"8":1,"9":1,"10":6,"11":6,"12":6,"13":2,"14":2,"15":2,"16":2,"17":4,"18":4,"19":4,"20":4,"21":2,"22":2,"23":2,"24":2,"25":2,"26":2,"27":2,"28":1},"f":{"0":6},"b":{"0":[2],"1":[6,5,4],"2":[4,1],"3":[4,1],"4":[4,1],"5":[4,1],"6":[2]}}
,"C:\\Users\\nanai\\Desktop\\フォルダ\\workspace\\workspace(nextjs)\\next-ts-intro-web-app\\src\\app\\components\\contact\\ContactForm.tsx": {"path":"C:\\Users\\nanai\\Desktop\\フォルダ\\workspace\\workspace(nextjs)\\next-ts-intro-web-app\\src\\app\\components\\contact\\ContactForm.tsx","statementMap":{"0":{"start":{"line":1,"column":0},"end":{"line":1,"column":26}},"1":{"start":{"line":2,"column":0},"end":{"line":2,"column":60}},"2":{"start":{"line":4,"column":0},"end":{"line":4,"column":96}},"3":{"start":{"line":5,"column":0},"end":{"line":5,"column":69}},"4":{"start":{"line":6,"column":0},"end":{"line":6,"column":73}},"5":{"start":{"line":7,"column":0},"end":{"line":7,"column":74}},"6":{"start":{"line":8,"column":0},"end":{"line":8,"column":90}},"7":{"start":{"line":9,"column":0},"end":{"line":9,"column":70}},"8":{"start":{"line":10,"column":0},"end":{"line":10,"column":79}},"9":{"start":{"line":11,"column":0},"end":{"line":11,"column":71}},"10":{"start":{"line":12,"column":0},"end":{"line":12,"column":87}},"11":{"start":{"line":13,"column":0},"end":{"line":13,"column":73}},"12":{"start":{"line":21,"column":20},"end":{"line":21,"column":92}},"13":{"start":{"line":22,"column":20},"end":{"line":22,"column":148}},"14":{"start":{"line":28,"column":48},"end":{"line":119,"column":1}},"15":{"start":{"line":31,"column":4},"end":{"line":31,"column":32}},"16":{"start":{"line":43,"column":9},"end":{"line":43,"column":26}},"17":{"start":{"line":46,"column":26},"end":{"line":50,"column":66}},"18":{"start":{"line":51,"column":19},"end":{"line":51,"column":53}},"19":{"start":{"line":52,"column":4},"end":{"line":57,"column":null}},"20":{"start":{"line":53,"column":26},"end":{"line":53,"column":42}},"21":{"start":{"line":54,"column":8},"end":{"line":54,"column":51}},"22":{"start":{"line":55,"column":8},"end":{"line":55,"column":44}},"23":{"start":{"line":56,"column":8},"end":{"line":56,"column":79}},"24":{"start":{"line":59,"column":4},"end":{"line":59,"column":30}},"25":{"start":{"line":60,"column":4},"end":{"line":118,"column":6}},"26":{"start":{"line":78,"column":41},"end":{"line":78,"column":77}},"27":{"start":{"line":94,"column":41},"end":{"line":94,"column":78}},"28":{"start":{"line":108,"column":41},"end":{"line":108,"column":80}},"29":{"start":{"line":121,"column":0},"end":{"line":121,"column":27}}},"fnMap":{"0":{"name":"(anonymous_1)","decl":{"start":{"line":28,"column":48},"end":{"line":28,"column":49}},"loc":{"start":{"line":30,"column":5},"end":{"line":119,"column":1}}},"1":{"name":"(anonymous_2)","decl":{"start":{"line":78,"column":34},"end":{"line":78,"column":35}},"loc":{"start":{"line":78,"column":41},"end":{"line":78,"column":77}}},"2":{"name":"(anonymous_3)","decl":{"start":{"line":94,"column":34},"end":{"line":94,"column":35}},"loc":{"start":{"line":94,"column":41},"end":{"line":94,"column":78}}},"3":{"name":"(anonymous_4)","decl":{"start":{"line":108,"column":34},"end":{"line":108,"column":35}},"loc":{"start":{"line":108,"column":41},"end":{"line":108,"column":80}}}},"branchMap":{"0":{"loc":{"start":{"line":52,"column":4},"end":{"line":57,"column":null}},"type":"if","locations":[{"start":{"line":52,"column":4},"end":{"line":57,"column":null}}]}},"s":{"0":2,"1":2,"2":2,"3":2,"4":2,"5":2,"6":2,"7":2,"8":2,"9":2,"10":2,"11":2,"12":2,"13":2,"14":2,"15":44,"16":44,"17":44,"18":44,"19":44,"20":4,"21":4,"22":4,"23":4,"24":40,"25":40,"26":7,"27":6,"28":5,"29":2},"f":{"0":44,"1":7,"2":6,"3":5},"b":{"0":[4]}}
,"C:\\Users\\nanai\\Desktop\\フォルダ\\workspace\\workspace(nextjs)\\next-ts-intro-web-app\\src\\app\\components\\contact\\input\\ContactButton.tsx": {"path":"C:\\Users\\nanai\\Desktop\\フォルダ\\workspace\\workspace(nextjs)\\next-ts-intro-web-app\\src\\app\\components\\contact\\input\\ContactButton.tsx","statementMap":{"0":{"start":{"line":1,"column":0},"end":{"line":1,"column":26}},"1":{"start":{"line":2,"column":0},"end":{"line":2,"column":60}},"2":{"start":{"line":3,"column":0},"end":{"line":3,"column":96}},"3":{"start":{"line":4,"column":0},"end":{"line":4,"column":74}},"4":{"start":{"line":5,"column":0},"end":{"line":5,"column":90}},"5":{"start":{"line":6,"column":0},"end":{"line":6,"column":70}},"6":{"start":{"line":23,"column":52},"end":{"line":52,"column":1}},"7":{"start":{"line":30,"column":2},"end":{"line":30,"column":32}},"8":{"start":{"line":33,"column":24},"end":{"line":33,"column":82}},"9":{"start":{"line":34,"column":24},"end":{"line":34,"column":58}},"10":{"start":{"line":35,"column":2},"end":{"line":40,"column":null}},"11":{"start":{"line":36,"column":22},"end":{"line":36,"column":38}},"12":{"start":{"line":37,"column":4},"end":{"line":37,"column":49}},"13":{"start":{"line":38,"column":4},"end":{"line":38,"column":40}},"14":{"start":{"line":39,"column":4},"end":{"line":39,"column":75}},"15":{"start":{"line":42,"column":2},"end":{"line":42,"column":30}},"16":{"start":{"line":43,"column":2},"end":{"line":51,"column":4}},"17":{"start":{"line":54,"column":0},"end":{"line":54,"column":29}}},"fnMap":{"0":{"name":"defaultHandler","decl":{"start":{"line":17,"column":9},"end":{"line":17,"column":23}},"loc":{"start":{"line":17,"column":23},"end":{"line":17,"column":28}}},"1":{"name":"(anonymous_2)","decl":{"start":{"line":23,"column":52},"end":{"line":23,"column":53}},"loc":{"start":{"line":29,"column":5},"end":{"line":52,"column":1}}}},"branchMap":{"0":{"loc":{"start":{"line":24,"column":4},"end":{"line":24,"column":22}},"type":"default-arg","locations":[{"start":{"line":24,"column":14},"end":{"line":24,"column":22}}]},"1":{"loc":{"start":{"line":26,"column":4},"end":{"line":26,"column":18}},"type":"default-arg","locations":[{"start":{"line":26,"column":16},"end":{"line":26,"column":18}}]},"2":{"loc":{"start":{"line":27,"column":4},"end":{"line":27,"column":28}},"type":"default-arg","locations":[{"start":{"line":27,"column":14},"end":{"line":27,"column":28}}]},"3":{"loc":{"start":{"line":35,"column":2},"end":{"line":40,"column":null}},"type":"if","locations":[{"start":{"line":35,"column":2},"end":{"line":40,"column":null}}]},"4":{"loc":{"start":{"line":48,"column":20},"end":{"line":48,"column":40}},"type":"binary-expr","locations":[{"start":{"line":48,"column":20},"end":{"line":48,"column":29}},{"start":{"line":48,"column":33},"end":{"line":48,"column":40}}]}},"s":{"0":3,"1":3,"2":3,"3":3,"4":3,"5":3,"6":3,"7":48,"8":48,"9":48,"10":48,"11":1,"12":1,"13":1,"14":1,"15":47,"16":47,"17":3},"f":{"0":7,"1":48},"b":{"0":[41],"1":[7],"2":[47],"3":[1],"4":[47,46]}}
,"C:\\Users\\nanai\\Desktop\\フォルダ\\workspace\\workspace(nextjs)\\next-ts-intro-web-app\\src\\app\\components\\contact\\input\\ContactFreeTextInput.tsx": {"path":"C:\\Users\\nanai\\Desktop\\フォルダ\\workspace\\workspace(nextjs)\\next-ts-intro-web-app\\src\\app\\components\\contact\\input\\ContactFreeTextInput.tsx","statementMap":{"0":{"start":{"line":1,"column":0},"end":{"line":1,"column":43}},"1":{"start":{"line":2,"column":0},"end":{"line":2,"column":60}},"2":{"start":{"line":3,"column":0},"end":{"line":3,"column":119}},"3":{"start":{"line":4,"column":0},"end":{"line":4,"column":74}},"4":{"start":{"line":5,"column":0},"end":{"line":5,"column":90}},"5":{"start":{"line":6,"column":0},"end":{"line":6,"column":70}},"6":{"start":{"line":24,"column":66},"end":{"line":61,"column":1}},"7":{"start":{"line":34,"column":4},"end":{"line":34,"column":41}},"8":{"start":{"line":37,"column":26},"end":{"line":37,"column":90}},"9":{"start":{"line":38,"column":26},"end":{"line":38,"column":107}},"10":{"start":{"line":39,"column":26},"end":{"line":39,"column":75}},"11":{"start":{"line":40,"column":4},"end":{"line":45,"column":null}},"12":{"start":{"line":41,"column":26},"end":{"line":41,"column":42}},"13":{"start":{"line":42,"column":8},"end":{"line":42,"column":60}},"14":{"start":{"line":43,"column":8},"end":{"line":43,"column":44}},"15":{"start":{"line":44,"column":8},"end":{"line":44,"column":79}},"16":{"start":{"line":47,"column":4},"end":{"line":47,"column":39}},"17":{"start":{"line":48,"column":4},"end":{"line":60,"column":6}},"18":{"start":{"line":63,"column":0},"end":{"line":63,"column":36}}},"fnMap":{"0":{"name":"(anonymous_1)","decl":{"start":{"line":24,"column":66},"end":{"line":24,"column":67}},"loc":{"start":{"line":33,"column":5},"end":{"line":61,"column":1}}}},"branchMap":{"0":{"loc":{"start":{"line":29,"column":4},"end":{"line":29,"column":31}},"type":"default-arg","locations":[{"start":{"line":29,"column":17},"end":{"line":29,"column":31}}]},"1":{"loc":{"start":{"line":30,"column":4},"end":{"line":30,"column":12}},"type":"default-arg","locations":[{"start":{"line":30,"column":11},"end":{"line":30,"column":12}}]},"2":{"loc":{"start":{"line":40,"column":4},"end":{"line":45,"column":null}},"type":"if","locations":[{"start":{"line":40,"column":4},"end":{"line":45,"column":null}}]},"3":{"loc":{"start":{"line":57,"column":34},"end":{"line":57,"column":72}},"type":"cond-expr","locations":[{"start":{"line":57,"column":42},"end":{"line":57,"column":60}},{"start":{"line":57,"column":63},"end":{"line":57,"column":72}}]},"4":{"loc":{"start":{"line":58,"column":73},"end":{"line":58,"column":90}},"type":"binary-expr","locations":[{"start":{"line":58,"column":73},"end":{"line":58,"column":78}},{"start":{"line":58,"column":82},"end":{"line":58,"column":90}}]}},"s":{"0":3,"1":3,"2":3,"3":3,"4":3,"5":3,"6":3,"7":48,"8":48,"9":48,"10":48,"11":48,"12":3,"13":3,"14":3,"15":3,"16":45,"17":45,"18":3},"f":{"0":48},"b":{"0":[41],"1":[40],"2":[3],"3":[5,40],"4":[45,40]}}
,"C:\\Users\\nanai\\Desktop\\フォルダ\\workspace\\workspace(nextjs)\\next-ts-intro-web-app\\src\\app\\components\\contact\\input\\ContactInput.tsx": {"path":"C:\\Users\\nanai\\Desktop\\フォルダ\\workspace\\workspace(nextjs)\\next-ts-intro-web-app\\src\\app\\components\\contact\\input\\ContactInput.tsx","statementMap":{"0":{"start":{"line":1,"column":0},"end":{"line":1,"column":26}},"1":{"start":{"line":2,"column":0},"end":{"line":2,"column":60}},"2":{"start":{"line":3,"column":0},"end":{"line":3,"column":96}},"3":{"start":{"line":4,"column":0},"end":{"line":4,"column":74}},"4":{"start":{"line":5,"column":0},"end":{"line":5,"column":90}},"5":{"start":{"line":6,"column":0},"end":{"line":6,"column":70}},"6":{"start":{"line":22,"column":50},"end":{"line":61,"column":1}},"7":{"start":{"line":30,"column":4},"end":{"line":30,"column":33}},"8":{"start":{"line":33,"column":26},"end":{"line":33,"column":107}},"9":{"start":{"line":34,"column":26},"end":{"line":34,"column":60}},"10":{"start":{"line":35,"column":4},"end":{"line":40,"column":null}},"11":{"start":{"line":36,"column":26},"end":{"line":36,"column":42}},"12":{"start":{"line":37,"column":8},"end":{"line":37,"column":52}},"13":{"start":{"line":38,"column":8},"end":{"line":38,"column":44}},"14":{"start":{"line":39,"column":8},"end":{"line":39,"column":79}},"15":{"start":{"line":42,"column":4},"end":{"line":42,"column":31}},"16":{"start":{"line":43,"column":4},"end":{"line":60,"column":6}},"17":{"start":{"line":63,"column":0},"end":{"line":63,"column":28}}},"fnMap":{"0":{"name":"(anonymous_1)","decl":{"start":{"line":22,"column":50},"end":{"line":22,"column":51}},"loc":{"start":{"line":29,"column":5},"end":{"line":61,"column":1}}}},"branchMap":{"0":{"loc":{"start":{"line":26,"column":4},"end":{"line":26,"column":33}},"type":"default-arg","locations":[{"start":{"line":26,"column":19},"end":{"line":26,"column":33}}]},"1":{"loc":{"start":{"line":27,"column":4},"end":{"line":27,"column":22}},"type":"default-arg","locations":[{"start":{"line":27,"column":17},"end":{"line":27,"column":22}}]},"2":{"loc":{"start":{"line":35,"column":4},"end":{"line":40,"column":null}},"type":"if","locations":[{"start":{"line":35,"column":4},"end":{"line":40,"column":null}}]},"3":{"loc":{"start":{"line":51,"column":25},"end":{"line":51,"column":88}},"type":"binary-expr","locations":[{"start":{"line":51,"column":25},"end":{"line":51,"column":35}},{"start":{"line":51,"column":39},"end":{"line":51,"column":88}}]}},"s":{"0":3,"1":3,"2":3,"3":3,"4":3,"5":3,"6":3,"7":129,"8":129,"9":129,"10":129,"11":3,"12":3,"13":3,"14":3,"15":126,"16":126,"17":3},"f":{"0":129},"b":{"0":[124],"1":[3],"2":[3],"3":[126,122]}}
,"C:\\Users\\nanai\\Desktop\\フォルダ\\workspace\\workspace(nextjs)\\next-ts-intro-web-app\\src\\app\\components\\contact\\input\\ContactTextInput.tsx": {"path":"C:\\Users\\nanai\\Desktop\\フォルダ\\workspace\\workspace(nextjs)\\next-ts-intro-web-app\\src\\app\\components\\contact\\input\\ContactTextInput.tsx","statementMap":{"0":{"start":{"line":1,"column":0},"end":{"line":1,"column":43}},"1":{"start":{"line":2,"column":0},"end":{"line":2,"column":60}},"2":{"start":{"line":3,"column":0},"end":{"line":3,"column":119}},"3":{"start":{"line":4,"column":0},"end":{"line":4,"column":74}},"4":{"start":{"line":5,"column":0},"end":{"line":5,"column":90}},"5":{"start":{"line":6,"column":0},"end":{"line":6,"column":70}},"6":{"start":{"line":25,"column":58},"end":{"line":64,"column":1}},"7":{"start":{"line":36,"column":4},"end":{"line":36,"column":37}},"8":{"start":{"line":39,"column":26},"end":{"line":39,"column":90}},"9":{"start":{"line":40,"column":26},"end":{"line":40,"column":131}},"10":{"start":{"line":41,"column":26},"end":{"line":41,"column":75}},"11":{"start":{"line":42,"column":4},"end":{"line":47,"column":null}},"12":{"start":{"line":43,"column":26},"end":{"line":43,"column":42}},"13":{"start":{"line":44,"column":8},"end":{"line":44,"column":56}},"14":{"start":{"line":45,"column":8},"end":{"line":45,"column":44}},"15":{"start":{"line":46,"column":8},"end":{"line":46,"column":79}},"16":{"start":{"line":49,"column":4},"end":{"line":49,"column":35}},"17":{"start":{"line":50,"column":4},"end":{"line":63,"column":6}},"18":{"start":{"line":66,"column":0},"end":{"line":66,"column":32}}},"fnMap":{"0":{"name":"(anonymous_1)","decl":{"start":{"line":25,"column":58},"end":{"line":25,"column":59}},"loc":{"start":{"line":35,"column":5},"end":{"line":64,"column":1}}}},"branchMap":{"0":{"loc":{"start":{"line":31,"column":4},"end":{"line":31,"column":31}},"type":"default-arg","locations":[{"start":{"line":31,"column":17},"end":{"line":31,"column":31}}]},"1":{"loc":{"start":{"line":42,"column":4},"end":{"line":47,"column":null}},"type":"if","locations":[{"start":{"line":42,"column":4},"end":{"line":47,"column":null}}]},"2":{"loc":{"start":{"line":60,"column":34},"end":{"line":60,"column":72}},"type":"cond-expr","locations":[{"start":{"line":60,"column":42},"end":{"line":60,"column":60}},{"start":{"line":60,"column":63},"end":{"line":60,"column":72}}]},"3":{"loc":{"start":{"line":61,"column":73},"end":{"line":61,"column":90}},"type":"binary-expr","locations":[{"start":{"line":61,"column":73},"end":{"line":61,"column":78}},{"start":{"line":61,"column":82},"end":{"line":61,"column":90}}]}},"s":{"0":3,"1":3,"2":3,"3":3,"4":3,"5":3,"6":3,"7":89,"8":89,"9":89,"10":89,"11":89,"12":5,"13":5,"14":5,"15":5,"16":84,"17":84,"18":3},"f":{"0":89},"b":{"0":[81],"1":[5],"2":[5,79],"3":[84,79]}}
,"C:\\Users\\nanai\\Desktop\\フォルダ\\workspace\\workspace(nextjs)\\next-ts-intro-web-app\\src\\app\\components\\contact\\notice\\ContactSendNotification.tsx": {"path":"C:\\Users\\nanai\\Desktop\\フォルダ\\workspace\\workspace(nextjs)\\next-ts-intro-web-app\\src\\app\\components\\contact\\notice\\ContactSendNotification.tsx","statementMap":{"0":{"start":{"line":1,"column":0},"end":{"line":1,"column":26}},"1":{"start":{"line":2,"column":0},"end":{"line":2,"column":60}},"2":{"start":{"line":3,"column":0},"end":{"line":3,"column":73}},"3":{"start":{"line":4,"column":0},"end":{"line":4,"column":79}},"4":{"start":{"line":5,"column":0},"end":{"line":5,"column":71}},"5":{"start":{"line":11,"column":32},"end":{"line":33,"column":1}},"6":{"start":{"line":12,"column":4},"end":{"line":12,"column":44}},"7":{"start":{"line":20,"column":8},"end":{"line":20,"column":25}},"8":{"start":{"line":21,"column":20},"end":{"line":21,"column":81}},"9":{"start":{"line":22,"column":21},"end":{"line":22,"column":127}},"10":{"start":{"line":24,"column":4},"end":{"line":24,"column":42}},"11":{"start":{"line":25,"column":4},"end":{"line":32,"column":6}},"12":{"start":{"line":35,"column":0},"end":{"line":35,"column":39}}},"fnMap":{"0":{"name":"(anonymous_1)","decl":{"start":{"line":11,"column":32},"end":{"line":11,"column":35}},"loc":{"start":{"line":11,"column":37},"end":{"line":33,"column":1}}}},"branchMap":{"0":{"loc":{"start":{"line":21,"column":20},"end":{"line":21,"column":81}},"type":"cond-expr","locations":[{"start":{"line":21,"column":52},"end":{"line":21,"column":64}},{"start":{"line":21,"column":67},"end":{"line":21,"column":81}}]},"1":{"loc":{"start":{"line":22,"column":21},"end":{"line":22,"column":127}},"type":"binary-expr","locations":[{"start":{"line":22,"column":22},"end":{"line":22,"column":114}},{"start":{"line":22,"column":119},"end":{"line":22,"column":127}}]},"2":{"loc":{"start":{"line":22,"column":22},"end":{"line":22,"column":114}},"type":"cond-expr","locations":[{"start":{"line":22,"column":54},"end":{"line":22,"column":81}},{"start":{"line":22,"column":84},"end":{"line":22,"column":114}}]}},"s":{"0":1,"1":1,"2":1,"3":1,"4":1,"5":1,"6":4,"7":4,"8":4,"9":4,"10":4,"11":4,"12":1},"f":{"0":4},"b":{"0":[2,2],"1":[4,0],"2":[2,2]}}
,"C:\\Users\\nanai\\Desktop\\フォルダ\\workspace\\workspace(nextjs)\\next-ts-intro-web-app\\src\\app\\components\\contact\\spinner\\ContactActionSpinner.tsx": {"path":"C:\\Users\\nanai\\Desktop\\フォルダ\\workspace\\workspace(nextjs)\\next-ts-intro-web-app\\src\\app\\components\\contact\\spinner\\ContactActionSpinner.tsx","statementMap":{"0":{"start":{"line":1,"column":0},"end":{"line":1,"column":26}},"1":{"start":{"line":2,"column":0},"end":{"line":2,"column":73}},"2":{"start":{"line":3,"column":0},"end":{"line":3,"column":79}},"3":{"start":{"line":4,"column":0},"end":{"line":4,"column":76}},"4":{"start":{"line":10,"column":29},"end":{"line":23,"column":1}},"5":{"start":{"line":11,"column":4},"end":{"line":11,"column":41}},"6":{"start":{"line":16,"column":8},"end":{"line":16,"column":25}},"7":{"start":{"line":17,"column":22},"end":{"line":17,"column":52}},"8":{"start":{"line":19,"column":4},"end":{"line":19,"column":39}},"9":{"start":{"line":20,"column":4},"end":{"line":22,"column":6}},"10":{"start":{"line":25,"column":0},"end":{"line":25,"column":36}}},"fnMap":{"0":{"name":"(anonymous_1)","decl":{"start":{"line":10,"column":29},"end":{"line":10,"column":32}},"loc":{"start":{"line":10,"column":34},"end":{"line":23,"column":1}}}},"branchMap":{},"s":{"0":1,"1":1,"2":1,"3":1,"4":1,"5":2,"6":2,"7":2,"8":2,"9":2,"10":1},"f":{"0":2},"b":{}}
,"C:\\Users\\nanai\\Desktop\\フォルダ\\workspace\\workspace(nextjs)\\next-ts-intro-web-app\\src\\app\\components\\footer\\Footer.tsx": {"path":"C:\\Users\\nanai\\Desktop\\フォルダ\\workspace\\workspace(nextjs)\\next-ts-intro-web-app\\src\\app\\components\\footer\\Footer.tsx","statementMap":{"0":{"start":{"line":1,"column":0},"end":{"line":1,"column":26}},"1":{"start":{"line":2,"column":0},"end":{"line":2,"column":60}},"2":{"start":{"line":5,"column":0},"end":{"line":5,"column":59}},"3":{"start":{"line":6,"column":0},"end":{"line":6,"column":53}},"4":{"start":{"line":7,"column":0},"end":{"line":7,"column":74}},"5":{"start":{"line":8,"column":0},"end":{"line":8,"column":90}},"6":{"start":{"line":9,"column":0},"end":{"line":9,"column":70}},"7":{"start":{"line":10,"column":0},"end":{"line":10,"column":76}},"8":{"start":{"line":11,"column":0},"end":{"line":11,"column":66}},"9":{"start":{"line":12,"column":0},"end":{"line":12,"column":76}},"10":{"start":{"line":13,"column":0},"end":{"line":13,"column":74}},"11":{"start":{"line":19,"column":15},"end":{"line":71,"column":1}},"12":{"start":{"line":20,"column":4},"end":{"line":20,"column":27}},"13":{"start":{"line":23,"column":35},"end":{"line":23,"column":49}},"14":{"start":{"line":25,"column":22},"end":{"line":25,"column":36}},"15":{"start":{"line":28,"column":4},"end":{"line":33,"column":null}},"16":{"start":{"line":29,"column":26},"end":{"line":29,"column":52}},"17":{"start":{"line":30,"column":8},"end":{"line":30,"column":46}},"18":{"start":{"line":31,"column":8},"end":{"line":31,"column":44}},"19":{"start":{"line":32,"column":8},"end":{"line":32,"column":null}},"20":{"start":{"line":35,"column":35},"end":{"line":35,"column":56}},"21":{"start":{"line":36,"column":35},"end":{"line":36,"column":56}},"22":{"start":{"line":38,"column":4},"end":{"line":38,"column":25}},"23":{"start":{"line":39,"column":4},"end":{"line":70,"column":6}},"24":{"start":{"line":73,"column":0},"end":{"line":73,"column":22}}},"fnMap":{"0":{"name":"(anonymous_1)","decl":{"start":{"line":19,"column":15},"end":{"line":19,"column":18}},"loc":{"start":{"line":19,"column":20},"end":{"line":71,"column":1}}}},"branchMap":{"0":{"loc":{"start":{"line":28,"column":4},"end":{"line":33,"column":null}},"type":"if","locations":[{"start":{"line":28,"column":4},"end":{"line":33,"column":null}}]},"1":{"loc":{"start":{"line":28,"column":8},"end":{"line":28,"column":44}},"type":"binary-expr","locations":[{"start":{"line":28,"column":8},"end":{"line":28,"column":18}},{"start":{"line":28,"column":22},"end":{"line":28,"column":44}}]}},"s":{"0":1,"1":1,"2":1,"3":1,"4":1,"5":1,"6":1,"7":1,"8":1,"9":1,"10":1,"11":1,"12":7,"13":7,"14":7,"15":7,"16":1,"17":1,"18":1,"19":1,"20":6,"21":6,"22":6,"23":6,"24":1},"f":{"0":7},"b":{"0":[1],"1":[7,7]}}
,"C:\\Users\\nanai\\Desktop\\フォルダ\\workspace\\workspace(nextjs)\\next-ts-intro-web-app\\src\\app\\components\\footer\\parts\\FooterArrowLink.tsx": {"path":"C:\\Users\\nanai\\Desktop\\フォルダ\\workspace\\workspace(nextjs)\\next-ts-intro-web-app\\src\\app\\components\\footer\\parts\\FooterArrowLink.tsx","statementMap":{"0":{"start":{"line":1,"column":0},"end":{"line":1,"column":26}},"1":{"start":{"line":2,"column":0},"end":{"line":2,"column":60}},"2":{"start":{"line":3,"column":0},"end":{"line":3,"column":98}},"3":{"start":{"line":4,"column":0},"end":{"line":4,"column":74}},"4":{"start":{"line":5,"column":0},"end":{"line":5,"column":72}},"5":{"start":{"line":6,"column":0},"end":{"line":6,"column":90}},"6":{"start":{"line":7,"column":0},"end":{"line":7,"column":70}},"7":{"start":{"line":21,"column":56},"end":{"line":48,"column":1}},"8":{"start":{"line":27,"column":4},"end":{"line":27,"column":36}},"9":{"start":{"line":30,"column":26},"end":{"line":30,"column":89}},"10":{"start":{"line":31,"column":26},"end":{"line":31,"column":62}},"11":{"start":{"line":32,"column":4},"end":{"line":37,"column":null}},"12":{"start":{"line":33,"column":26},"end":{"line":33,"column":42}},"13":{"start":{"line":34,"column":8},"end":{"line":34,"column":55}},"14":{"start":{"line":35,"column":8},"end":{"line":35,"column":44}},"15":{"start":{"line":36,"column":8},"end":{"line":36,"column":79}},"16":{"start":{"line":39,"column":4},"end":{"line":39,"column":34}},"17":{"start":{"line":40,"column":4},"end":{"line":47,"column":6}},"18":{"start":{"line":50,"column":0},"end":{"line":50,"column":31}}},"fnMap":{"0":{"name":"(anonymous_1)","decl":{"start":{"line":21,"column":56},"end":{"line":21,"column":57}},"loc":{"start":{"line":26,"column":5},"end":{"line":48,"column":1}}}},"branchMap":{"0":{"loc":{"start":{"line":22,"column":4},"end":{"line":22,"column":18}},"type":"default-arg","locations":[{"start":{"line":22,"column":16},"end":{"line":22,"column":18}}]},"1":{"loc":{"start":{"line":23,"column":4},"end":{"line":23,"column":35}},"type":"default-arg","locations":[{"start":{"line":23,"c
[...]
,"C:\\Users\\nanai\\Desktop\\フォルダ\\workspace\\workspace(nextjs)\\next-ts-intro-web-app\\src\\app\\shared\\constants\\constants.ts": {"path":"C:\\Users\\nanai\\Desktop\\フォルダ\\workspace\\workspace(nextjs)\\next-ts-intro-web-app\\src\\app\\shared\\constants\\constants.ts","statementMap":{"0":{"start":{"line":5,"column":13},"end":{"line":38,"column":2}}},"fnMap":{},"branchMap":{},"s":{"0":48},"f":{},"b":{}}
,"C:\\Users\\nanai\\Desktop\\フォルダ\\workspace\\workspace(nextjs)\\next-ts-intro-web-app\\src\\app\\shared\\helper\\googleCloudLogger.ts": {"path":"C:\\Users\\nanai\\Desktop\\フォルダ\\workspace\\workspace(nextjs)\\next-ts-intro-web-app\\src\\app\\shared\\helper\\googleCloudLogger.ts","statementMap":{"0":{"start":{"line":1,"column":0},"end":{"line":1,"column":68}},"1":{"start":{"line":2,"column":0},"end":{"line":2,"column":60}},"2":{"start":{"line":9,"column":29},"end":{"line":44,"column":1}},"3":{"start":{"line":10,"column":26},"end":{"line":10,"column":132}},"4":{"start":{"line":12,"column":18},"end":{"line":15,"column":4}},"5":{"start":{"line":18,"column":2},"end":{"line":20,"column":null}},"6":{"start":{"line":19,"column":4},"end":{"line":19,"column":12}},"7":{"start":{"line":22,"column":2},"end":{"line":25,"column":null}},"8":{"start":{"line":23,"column":4},"end":{"line":23,"column":87}},"9":{"start":{"line":24,"column":4},"end":{"line":24,"column":11}},"10":{"start":{"line":27,"column":2},"end":{"line":43,"column":null}},"11":{"start":{"line":28,"column":21},"end":{"line":34,"column":6}},"12":{"start":{"line":36,"column":4},"end":{"line":40,"column":null}},"13":{"start":{"line":37,"column":6},"end":{"line":37,"column":68}},"14":{"start":{"line":39,"column":6},"end":{"line":39,"column":63}},"15":{"start":{"line":42,"column":4},"end":{"line":42,"column":69}},"16":{"start":{"line":9,"column":13},"end":{"line":9,"column":29}}},"fnMap":{"0":{"name":"(anonymous_0)","decl":{"start":{"line":9,"column":29},"end":{"line":9,"column":34}},"loc":{"start":{"line":9,"column":101},"end":{"line":44,"column":1}}}},"branchMap":{"0":{"loc":{"start":{"line":9,"column":52},"end":{"line":9,"column":97}},"type":"default-arg","locations":[{"start":{"line":9,"column":91},"end":{"line":9,"column":97}}]},"1":{"loc":{"start":{"line":10,"column":26},"end":{"line":10,"column":132}},"type":"binary-expr","locations":[{"start":{"line":10,"column":27},"end":{"line":10,"column":125}},{"start":{"line":10,"column":130},"end":{"line":10,"column":132}}]},"2":{"loc":{"start":{"line":10,"column":27},"end":{"line":10,"column":125}},"type":"cond-expr","locations":[{"start":{"line":10,"column":41},"end":{"line":10,"column":84}},{"start":{"line":10,"column":87},"end":{"line":10,"column":125}}]},"3":{"loc":{"start":{"line":18,"column":2},"end":{"line":20,"column":null}},"type":"if","locations":[{"start":{"line":18,"column":2},"end":{"line":20,"column":null}}]},"4":{"loc":{"start":{"line":22,"column":2},"end":{"line":25,"column":null}},"type":"if","locations":[{"start":{"line":22,"column":2},"end":{"line":25,"column":null}}]},"5":{"loc":{"start":{"line":36,"column":4},"end":{"line":40,"column":null}},"type":"if","locations":[{"start":{"line":36,"column":4},"end":{"line":40,"column":null}},{"start":{"line":38,"column":11},"end":{"line":40,"column":null}}]}},"s":{"0":40,"1":40,"2":40,"3":76,"4":76,"5":76,"6":1,"7":75,"8":1,"9":1,"10":74,"11":74,"12":4,"13":3,"14":1,"15":70,"16":40},"f":{"0":76},"b":{"0":[7],"1":[76,1],"2":[1,75],"3":[1],"4":[1],"5":[3,1]}}
,"C:\\Users\\nanai\\Desktop\\フォルダ\\workspace\\workspace(nextjs)\\next-ts-intro-web-app\\src\\app\\shared\\utils\\formUtilities.ts": {"path":"C:\\Users\\nanai\\Desktop\\フォルダ\\workspace\\workspace(nextjs)\\next-ts-intro-web-app\\src\\app\\shared\\utils\\formUtilities.ts","statementMap":{"0":{"start":{"line":8,"column":33},"end":{"line":10,"column":1}},"1":{"start":{"line":9,"column":4},"end":{"line":9,"column":27}},"2":{"start":{"line":8,"column":13},"end":{"line":8,"column":33}}},"fnMap":{"0":{"name":"(anonymous_0)","decl":{"start":{"line":8,"column":33},"end":{"line":8,"column":34}},"loc":{"start":{"line":8,"column":110},"end":{"line":10,"column":1}}}},"branchMap":{},"s":{"0":2,"1":18,"2":2},"f":{"0":18},"b":{}}
,"C:\\Users\\nanai\\Desktop\\フォルダ\\workspace\\workspace(nextjs)\\next-ts-intro-web-app\\src\\app\\shared\\utils\\logUtilities.ts": {"path":"C:\\Users\\nanai\\Desktop\\フォルダ\\workspace\\workspace(nextjs)\\next-ts-intro-web-app\\src\\app\\shared\\utils\\logUtilities.ts","statementMap":{"0":{"start":{"line":1,"column":0},"end":{"line":1,"column":57}},"1":{"start":{"line":8,"column":32},"end":{"line":10,"column":1}},"2":{"start":{"line":9,"column":4},"end":{"line":9,"column":66}},"3":{"start":{"line":8,"column":13},"end":{"line":8,"column":32}},"4":{"start":{"line":18,"column":27},"end":{"line":23,"column":1}},"5":{"start":{"line":19,"column":4},"end":{"line":22,"column":null}},"6":{"start":{"line":20,"column":30},"end":{"line":20,"column":57}},"7":{"start":{"line":21,"column":8},"end":{"line":21,"column":82}},"8":{"start":{"line":18,"column":13},"end":{"line":18,"column":27}},"9":{"start":{"line":32,"column":25},"end":{"line":41,"column":1}},"10":{"start":{"line":33,"column":27},"end":{"line":33,"column":96}},"11":{"start":{"line":34,"column":27},"end":{"line":34,"column":60}},"12":{"start":{"line":36,"column":4},"end":{"line":40,"column":null}},"13":{"start":{"line":37,"column":8},"end":{"line":37,"column":91}},"14":{"start":{"line":39,"column":8},"end":{"line":39,"column":89}},"15":{"start":{"line":32,"column":13},"end":{"line":32,"column":25}},"16":{"start":{"line":47,"column":30},"end":{"line":49,"column":1}},"17":{"start":{"line":48,"column":4},"end":{"line":48,"column":39}},"18":{"start":{"line":47,"column":13},"end":{"line":47,"column":30}},"19":{"start":{"line":55,"column":28},"end":{"line":57,"column":1}},"20":{"start":{"line":56,"column":4},"end":{"line":56,"column":35}},"21":{"start":{"line":55,"column":13},"end":{"line":55,"column":28}}},"fnMap":{"0":{"name":"(anonymous_0)","decl":{"start":{"line":8,"column":32},"end":{"line":8,"column":33}},"loc":{"start":{"line":8,"column":80},"end":{"line":10,"column":1}}},"1":{"name":"(anonymous_1)","decl":{"start":{"line":18,"column":27},"end":{"line":18,"column":28}},"loc":{"start":{"line":18,"column":110},"end":{"line":23,"column":1}}},"2":{"name":"(anonymous_2)","decl":{"start":{"line":32,"column":25},"end":{"line":32,"column":26}},"loc":{"start":{"line":32,"column":140},"end":{"line":41,"column":1}}},"3":{"name":"(anonymous_3)","decl":{"start":{"line":47,"column":30},"end":{"line":47,"column":31}},"loc":{"start":{"line":47,"column":70},"end":{"line":49,"column":1}}},"4":{"name":"(anonymous_4)","decl":{"start":{"line":55,"column":28},"end":{"line":55,"column":29}},"loc":{"start":{"line":55,"column":68},"end":{"line":57,"column":1}}}},"branchMap":{"0":{"loc":{"start":{"line":9,"column":12},"end":{"line":9,"column":64}},"type":"binary-expr","locations":[{"start":{"line":9,"column":12},"end":{"line":9,"column":33}},{"start":{"line":9,"column":37},"end":{"line":9,"column":51}},{"start":{"line":9,"column":55},"end":{"line":9,"column":64}}]},"1":{"loc":{"start":{"line":19,"column":4},"end":{"line":22,"column":null}},"type":"if","locations":[{"start":{"line":19,"column":4},"end":{"line":22,"column":null}}]},"2":{"loc":{"start":{"line":33,"column":27},"end":{"line":33,"column":96}},"type":"cond-expr","locations":[{"start":{"line":33,"column":61},"end":{"line":33,"column":88}},{"start":{"line":33,"column":91},"end":{"line":33,"column":96}}]},"3":{"loc":{"start":{"line":34,"column":27},"end":{"line":34,"column":60}},"type":"cond-expr","locations":[{"start":{"line":34,"column":45},"end":{"line":34,"column":52}},{"start":{"line":34,"column":55},"end":{"line":34,"column":60}}]},"4":{"loc":{"start":{"line":36,"column":4},"end":{"line":40,"column":null}},"type":"if","locations":[{"start":{"line":36,"column":4},"end":{"line":40,"column":null}},{"start":{"line":38,"column":11},"end":{"line":40,"column":null}}]}},"s":{"0":48,"1":48,"2":73,"3":48,"4":48,"5":1452,"6":1,"7":1,"8":48,"9":48,"10":143,"11":143,"12":143,"13":142,"14":1,"15":48,"16":48,"17":754,"18":48,"19":48,"20":698,"21":48},"f":{"0":73,"1":1452,"2":143,"3":754,"4":698},"b":{"0":[73,73,0],"1":[1],"2":[71,72],"3":[142,1],"4":[142,1]}}
,"C:\\Users\\nanai\\Desktop\\フォルダ\\workspace\\workspace(nextjs)\\next-ts-intro-web-app\\src\\app\\shared\\utils\\utilities.ts": {"path":"C:\\Users\\nanai\\Desktop\\フォルダ\\workspace\\workspace(nextjs)\\next-ts-intro-web-app\\src\\app\\shared\\utils\\utilities.ts","statementMap":{"0":{"start":{"line":1,"column":0},"end":{"line":1,"column":61}},"1":{"start":{"line":7,"column":25},"end":{"line":10,"column":1}},"2":{"start":{"line":8,"column":16},"end":{"line":8,"column":36}},"3":{"start":{"line":9,"column":4},"end":{"line":9,"column":39}},"4":{"start":{"line":7,"column":13},"end":{"line":7,"column":25}},"5":{"start":{"line":16,"column":24},"end":{"line":19,"column":1}},"6":{"start":{"line":17,"column":16},"end":{"line":17,"column":36}},"7":{"start":{"line":18,"column":4},"end":{"line":18,"column":38}},"8":{"start":{"line":16,"column":13},"end":{"line":16,"column":24}},"9":{"start":{"line":25,"column":25},"end":{"line":28,"column":1}},"10":{"start":{"line":26,"column":16},"end":{"line":26,"column":36}},"11":{"start":{"line":27,"column":4},"end":{"line":27,"column":39}},"12":{"start":{"line":25,"column":13},"end":{"line":25,"column":25}}},"fnMap":{"0":{"name":"(anonymous_0)","decl":{"start":{"line":7,"column":25},"end":{"line":7,"column":28}},"loc":{"start":{"line":7,"column":30},"end":{"line":10,"column":1}}},"1":{"name":"(anonymous_1)","decl":{"start":{"line":16,"column":24},"end":{"line":16,"column":27}},"loc":{"start":{"line":16,"column":29},"end":{"line":19,"column":1}}},"2":{"name":"(anonymous_2)","decl":{"start":{"line":25,"column":25},"end":{"line":25,"column":28}},"loc":{"start":{"line":25,"column":30},"end":{"line":28,"column":1}}}},"branchMap":{},"s":{"0":46,"1":46,"2":78,"3":78,"4":46,"5":46,"6":1521,"7":1521,"8":46,"9":46,"10":6,"11":6,"12":46},"f":{"0":78,"1":1521,"2":6},"b":{}}
,"C:\\Users\\nanai\\Desktop\\フォルダ\\workspace\\workspace(nextjs)\\next-ts-intro-web-app\\src\\app\\shared\\utils\\validateUtilities.ts": {"path":"C:\\Users\\nanai\\Desktop\\フォルダ\\workspace\\workspace(nextjs)\\next-ts-intro-web-app\\src\\app\\shared\\utils\\validateUtilities.ts","statementMap":{"0":{"start":{"line":8,"column":29},"end":{"line":10,"column":1}},"1":{"start":{"line":9,"column":4},"end":{"line":9,"column":59}},"2":{"start":{"line":8,"column":13},"end":{"line":8,"column":29}},"3":{"start":{"line":17,"column":28},"end":{"line":20,"column":1}},"4":{"start":{"line":18,"column":23},"end":{"line":18,"column":72}},"5":{"start":{"line":19,"column":4},"end":{"line":19,"column":34}},"6":{"start":{"line":17,"column":13},"end":{"line":17,"column":28}},"7":{"start":{"line":27,"column":40},"end":{"line":31,"column":1}},"8":{"start":{"line":29,"column":30},"end":{"line":29,"column":65}},"9":{"start":{"line":30,"column":4},"end":{"line":30,"column":41}},"10":{"start":{"line":27,"column":13},"end":{"line":27,"column":40}},"11":{"start":{"line":39,"column":35},"end":{"line":46,"column":1}},"12":{"start":{"line":40,"column":4},"end":{"line":44,"column":null}},"13":{"start":{"line":41,"column":8},"end":{"line":43,"column":null}},"14":{"start":{"line":42,"column":8},"end":{"line":42,"column":28}},"15":{"start":{"line":45,"column":4},"end":{"line":45,"column":16}},"16":{"start":{"line":39,"column":13},"end":{"line":39,"column":35}},"17":{"start":{"line":54,"column":35},"end":{"line":61,"column":1}},"18":{"start":{"line":55,"column":4},"end":{"line":59,"column":null}},"19":{"start":{"line":56,"column":6},"end":{"line":58,"column":null}},"20":{"start":{"line":57,"column":8},"end":{"line":57,"column":28}},"21":{"start":{"line":60,"column":4},"end":{"line":60,"column":16}},"22":{"start":{"line":54,"column":13},"end":{"line":54,"column":35}},"23":{"start":{"line":69,"column":37},"end":{"line":76,"column":1}},"24":{"start":{"line":70,"column":4},"end":{"line":74,"column":null}},"25":{"start":{"line":71,"column":6},"end":{"line":73,"column":null}},"26":{"start":{"line":72,"column":8},"end":{"line":72,"column":28}},"27":{"start":{"line":75,"column":4},"end":{"line":75,"column":16}},"28":{"start":{"line":69,"column":13},"end":{"line":69,"column":37}},"29":{"start":{"line":84,"column":33},"end":{"line":91,"column":1}},"30":{"start":{"line":85,"column":2},"end":{"line":89,"column":null}},"31":{"start":{"line":86,"column":6},"end":{"line":88,"column":null}},"32":{"start":{"line":87,"column":8},"end":{"line":87,"column":28}},"33":{"start":{"line":90,"column":2},"end":{"line":90,"column":14}},"34":{"start":{"line":84,"column":13},"end":{"line":84,"column":33}},"35":{"start":{"line":99,"column":35},"end":{"line":106,"column":1}},"36":{"start":{"line":100,"column":2},"end":{"line":104,"column":null}},"37":{"start":{"line":101,"column":6},"end":{"line":103,"column":null}},"38":{"start":{"line":102,"column":8},"end":{"line":102,"column":28}},"39":{"start":{"line":105,"column":2},"end":{"line":105,"column":14}},"40":{"start":{"line":99,"column":13},"end":{"line":99,"column":35}},"41":{"start":{"line":114,"column":32},"end":{"line":121,"column":1}},"42":{"start":{"line":115,"column":2},"end":{"line":119,"column":null}},"43":{"start":{"line":116,"column":6},"end":{"line":118,"column":null}},"44":{"start":{"line":117,"column":8},"end":{"line":117,"column":28}},"45":{"start":{"line":120,"column":2},"end":{"line":120,"column":14}},"46":{"start":{"line":114,"column":13},"end":{"line":114,"column":32}},"47":{"start":{"line":128,"column":35},"end":{"line":131,"column":1}},"48":{"start":{"line":129,"column":25},"end":{"line":129,"column":94}},"49":{"start":{"line":129,"column":47},"end":{"line":129,"column":76}},"50":{"start":{"line":130,"column":2},"end":{"line":130,"column":84}},"51":{"start":{"line":128,"column":13},"end":{"line":128,"column":35}}},"fnMap":{"0":{"name":"(anonymous_0)","decl":{"start":{"line":8,"column":29},"end":{"line":8,"column":30}},"loc":{"start":{"line":8,"column":73},"end":{"line":10,"column":1}}},"1":{"name":"(anonymous_1)","decl":{"start":{"line":17,"column":28},"end":{"line":17,"column":29}},"loc":{"start":{"line":17,"column":55},"end":{"line":20,"column":1}}},"2":{"name":"(anonymous_2)","decl":{"start":{"line":27,"column":40},"end":{"line":27,"column":41}},"loc":{"start":{"line":27,"column":66},"end":{"line":31,"column":1}}},"3":{"name":"(anonymous_3)","decl":{"start":{"line":39,"column":35},"end":{"line":39,"column":36}},"loc":{"start":{"line":39,"column":92},"end":{"line":46,"column":1}}},"4":{"name":"(anonymous_4)","decl":{"start":{"line":54,"column":35},"end":{"line":54,"column":36}},"loc":{"start":{"line":54,"column":106},"end":{"line":61,"column":1}}},"5":{"name":"(anonymous_5)","decl":{"start":{"line":69,"column":37},"end":{"line":69,"column":38}},"loc":{"start":{"line":69,"column":130},"end":{"line":76,"column":1}}},"6":{"name":"(anonymous_6)","decl":{"start":{"line":84,"column":33},"end":{"line":84,"column":34}},"loc":{"start":{"line":84,"column":86},"end":{"line":91,"column":1}}},"7":{"name":"(anonymous_7)","decl":{"start":{"line":99,"column":35},"end":{"line":99,"column":36}},"loc":{"start":{"line":99,"column":109},"end":{"line":106,"column":1}}},"8":{"name":"(anonymous_8)","decl":{"start":{"line":114,"column":32},"end":{"line":114,"column":33}},"loc":{"start":{"line":114,"column":130},"end":{"line":121,"column":1}}},"9":{"name":"(anonymous_9)","decl":{"start":{"line":128,"column":35},"end":{"line":128,"column":36}},"loc":{"start":{"line":128,"column":93},"end":{"line":131,"column":1}}},"10":{"name":"(anonymous_10)","decl":{"start":{"line":129,"column":42},"end":{"line":129,"column":43}},"loc":{"start":{"line":129,"column":47},"end":{"line":129,"column":76}}}},"branchMap":{"0":{"loc":{"start":{"line":9,"column":12},"end":{"line":9,"column":57}},"type":"binary-expr","locations":[{"start":{"line":9,"column":12},"end":{"line":9,"column":30}},{"start":{"line":9,"column":34},"end":{"line":9,"column":57}}]},"1":{"loc":{"start":{"line":41,"column":8},"end":{"line":43,"column":null}},"type":"if","locations":[{"start":{"line":41,"column":8},"end":{"line":43,"column":null}}]},"2":{"loc":{"start":{"line":56,"column":6},"end":{"line":58,"column":null}},"type":"if","locations":[{"start":{"line":56,"column":6},"end":{"line":58,"column":null}}]},"3":{"loc":{"start":{"line":56,"column":10},"end":{"line":56,"column":45}},"type":"binary-expr","locations":[{"start":{"line":56,"column":10},"end":{"line":56,"column":23}},{"start":{"line":56,"column":27},"end":{"line":56,"column":45}}]},"4":{"loc":{"start":{"line":71,"column":6},"end":{"line":73,"column":null}},"type":"if","locations":[{"start":{"line":71,"column":6},"end":{"line":73,"column":null}}]},"5":{"loc":{"start":{"line":86,"column":6},"end":{"line":88,"column":null}},"type":"if","locations":[{"start":{"line":86,"column":6},"end":{"line":88,"column":null}}]},"6":{"loc":{"start":{"line":101,"column":6},"end":{"line":103,"column":null}},"type":"if","locations":[{"start":{"line":101,"column":6},"end":{"line":103,"column":null}}]},"7":{"loc":{"start":{"line":101,"column":10},"end":{"line":101,"column":49}},"type":"binary-expr","locations":[{"start":{"line":101,"column":10},"end":{"line":101,"column":29}},{"start":{"line":101,"column":33},"end":{"line":101,"column":49}}]},"8":{"loc":{"start":{"line":116,"column":6},"end":{"line":118,"column":null}},"type":"if","locations":[{"start":{"line":116,"column":6},"end":{"line":118,"column":null}}]},"9":{"loc":{"start":{"line":129,"column":47},"end":{"line":129,"column":76}},"type":"binary-expr","locations":[{"start":{"line":129,"column":47},"end":{"line":129,"column":57}},{"start":{"line":129,"column":61},"end":{"line":129,"column":76}}]},"10":{"loc":{"start":{"line":130,"column":9},"end":{"line":130,"column":83}},"type":"cond-expr","locations":[{"start":{"line":130,"column":64},"end":{"line":130,"column":78}},{"start":{"line":130,"column":81},"end":{"line":130,"column":83}}]},"11":{"loc":{"start":{"line":130,"column":9},"end":{"line":130,"column":61}},"type":"binary-expr","locations":[{"start":{"line":130,"column":9},"end":{"line":130,"column":32}},{"start":{"line":130,"column":36},"end":{"line":130,"column":61}}]}},"s":{"0":44,"1":11,"2":44,"3":44,"4":11,"5":11,"6":44,"7":44,"8":20,"9":20,"10":44,"11":44,"12":639,"13":1652,"14":41,"15":598,"16":44,"17":44,"18":23,"19":43,"20":2,"21":21,"22":44,"23":44,"24":318,"25":318,"26":5,"27":313,"28":44,"29":44,"30":64,"31":79,"32":3,"33":61,"34":44,"35":44,"36":53,"37":53,"38":6,"39":47,"40":44,"41":44,"42":30,"43":30,"44":5,"45":25,"46":44,"47":44,"48":717,"49":1127,"50":717,"51":44},"f":{"0":11,"1":11,"2":20,"3":639,"4":23,"5":318,"6":64,"7":53,"8":30,"9":717,"10":1127},"b":{"0":[11,11],"1":[41],"2":[2],"3":[43,43],"4":[5],"5":[3],"6":[6],"7":[53,51],"8":[5],"9":[1127,62],"10":[57,660],"11":[717,717]}}
,"C:\\Users\\nanai\\Desktop\\フォルダ\\workspace\\workspace(nextjs)\\next-ts-intro-web-app\\src\\test\\mocks\\mockData.ts": {"path":"C:\\Users\\nanai\\Desktop\\フォルダ\\workspace\\workspace(nextjs)\\next-ts-intro-web-app\\src\\test\\mocks\\mockData.ts","statementMap":{"0":{"start":{"line":4,"column":13},"end":{"line":77,"column":2}},"1":{"start":{"line":79,"column":16},"end":{"line":81,"column":2}},"2":{"start":{"line":83,"column":13},"end":{"line":88,"column":2}}},"fnMap":{},"branchMap":{},"s":{"0":9,"1":9,"2":9},"f":{},"b":{}}
}
