{"C:\\Users\\nanai\\Desktop\\workspace\\workspace(nextjs)\\next-ts-intro-web-app\\src\\app\\components\\about\\About.tsx": {"path":"C:\\Users\\nanai\\Desktop\\workspace\\workspace(nextjs)\\next-ts-intro-web-app\\src\\app\\components\\about\\About.tsx","statementMap":{"0":{"start":{"line":1,"column":0},"end":{"line":1,"column":26}},"1":{"start":{"line":2,"column":0},"end":{"line":2,"column":60}},"2":{"start":{"line":3,"column":0},"end":{"line":3,"column":59}},"3":{"start":{"line":4,"column":0},"end":{"line":4,"column":74}},"4":{"start":{"line":5,"column":0},"end":{"line":5,"column":90}},"5":{"start":{"line":6,"column":0},"end":{"line":6,"column":70}},"6":{"start":{"line":7,"column":0},"end":{"line":7,"column":56}},"7":{"start":{"line":8,"column":0},"end":{"line":8,"column":65}},"8":{"start":{"line":14,"column":14},"end":{"line":45,"column":1}},"9":{"start":{"line":15,"column":4},"end":{"line":15,"column":26}},"10":{"start":{"line":18,"column":35},"end":{"line":18,"column":49}},"11":{"start":{"line":18,"column":21},"end":{"line":18,"column":23}},"12":{"start":{"line":18,"column":30},"end":{"line":18,"column":35}},"13":{"start":{"line":21,"column":4},"end":{"line":26,"column":null}},"14":{"start":{"line":22,"column":26},"end":{"line":22,"column":52}},"15":{"start":{"line":23,"column":8},"end":{"line":23,"column":45}},"16":{"start":{"line":24,"column":8},"end":{"line":24,"column":44}},"17":{"start":{"line":25,"column":8},"end":{"line":25,"column":null}},"18":{"start":{"line":28,"column":63},"end":{"line":28,"column":73}},"19":{"start":{"line":30,"column":4},"end":{"line":30,"column":24}},"20":{"start":{"line":31,"column":4},"end":{"line":44,"column":6}},"21":{"start":{"line":47,"column":0},"end":{"line":47,"column":21}}},"fnMap":{"0":{"name":"(anonymous_1)","decl":{"start":{"line":14,"column":14},"end":{"line":14,"column":null}},"loc":{"start":{"line":14,"column":14},"end":{"line":45,"column":1}}}},"branchMap":{"0":{"loc":{"start":{"line":21,"column":4},"end":{"line":26,"column":null}},"type":"if","locations":[{"start":{"line":21,"column":4},"end":{"line":26,"column":null}}]},"1":{"loc":{"start":{"line":21,"column":8},"end":{"line":21,"column":55}},"type":"binary-expr","locations":[{"start":{"line":21,"column":8},"end":{"line":21,"column":18}},{"start":{"line":21,"column":22},"end":{"line":21,"column":43}},{"start":{"line":21,"column":47},"end":{"line":21,"column":55}}]}},"s":{"0":1,"1":1,"2":1,"3":1,"4":1,"5":1,"6":1,"7":1,"8":1,"9":2,"10":2,"11":2,"12":2,"13":2,"14":1,"15":1,"16":1,"17":1,"18":2,"19":1,"20":1,"21":1},"f":{"0":2},"b":{"0":[1],"1":[2,1,1]}}
,"C:\\Users\\nanai\\Desktop\\workspace\\workspace(nextjs)\\next-ts-intro-web-app\\src\\app\\components\\about\\AboutContents.tsx": {"path":"C:\\Users\\nanai\\Desktop\\workspace\\workspace(nextjs)\\next-ts-intro-web-app\\src\\app\\components\\about\\AboutContents.tsx","statementMap":{"0":{"start":{"line":1,"column":0},"end":{"line":1,"column":25}},"1":{"start":{"line":2,"column":0},"end":{"line":2,"column":31}},"2":{"start":{"line":3,"column":0},"end":{"line":3,"column":36}},"3":{"start":{"line":4,"column":0},"end":{"line":4,"column":60}},"4":{"start":{"line":6,"column":0},"end":{"line":6,"column":94}},"5":{"start":{"line":7,"column":0},"end":{"line":7,"column":74}},"6":{"start":{"line":8,"column":0},"end":{"line":8,"column":90}},"7":{"start":{"line":9,"column":0},"end":{"line":9,"column":70}},"8":{"start":{"line":10,"column":0},"end":{"line":10,"column":69}},"9":{"start":{"line":21,"column":52},"end":{"line":55,"column":1}},"10":{"start":{"line":22,"column":13},"end":{"line":22,"column":null}},"11":{"start":{"line":24,"column":4},"end":{"line":24,"column":34}},"12":{"start":{"line":27,"column":22},"end":{"line":27,"column":78}},"13":{"start":{"line":28,"column":22},"end":{"line":28,"column":54}},"14":{"start":{"line":29,"column":4},"end":{"line":34,"column":null}},"15":{"start":{"line":30,"column":26},"end":{"line":30,"column":42}},"16":{"start":{"line":31,"column":8},"end":{"line":31,"column":53}},"17":{"start":{"line":32,"column":8},"end":{"line":32,"column":44}},"18":{"start":{"line":33,"column":8},"end":{"line":33,"column":79}},"19":{"start":{"line":36,"column":27},"end":{"line":36,"column":130}},"20":{"start":{"line":37,"column":27},"end":{"line":37,"column":62}},"21":{"start":{"line":38,"column":27},"end":{"line":38,"column":76}},"22":{"start":{"line":40,"column":4},"end":{"line":40,"column":32}},"23":{"start":{"line":41,"column":4},"end":{"line":54,"column":6}},"24":{"start":{"line":57,"column":0},"end":{"line":57,"column":29}}},"fnMap":{"0":{"name":"(anonymous_1)","decl":{"start":{"line":21,"column":52},"end":{"line":21,"column":53}},"loc":{"start":{"line":23,"column":1},"end":{"line":55,"column":1}}}},"branchMap":{"0":{"loc":{"start":{"line":29,"column":4},"end":{"line":34,"column":null}},"type":"if","locations":[{"start":{"line":29,"column":4},"end":{"line":34,"column":null}}]}},"s":{"0":2,"1":2,"2":2,"3":2,"4":2,"5":2,"6":2,"7":2,"8":2,"9":2,"10":5,"11":4,"12":4,"13":4,"14":4,"15":1,"16":1,"17":1,"18":1,"19":3,"20":3,"21":3,"22":3,"23":3,"24":2},"f":{"0":5},"b":{"0":[1]}}
,"C:\\Users\\nanai\\Desktop\\workspace\\workspace(nextjs)\\next-ts-intro-web-app\\src\\app\\components\\about\\profile\\ProfileCard.tsx": {"path":"C:\\Users\\nanai\\Desktop\\workspace\\workspace(nextjs)\\next-ts-intro-web-app\\src\\app\\components\\about\\profile\\ProfileCard.tsx","statementMap":{"0":{"start":{"line":1,"column":0},"end":{"line":1,"column":26}},"1":{"start":{"line":2,"column":0},"end":{"line":2,"column":60}},"2":{"start":{"line":4,"column":0},"end":{"line":4,"column":94}},"3":{"start":{"line":5,"column":0},"end":{"line":5,"column":74}},"4":{"start":{"line":6,"column":0},"end":{"line":6,"column":90}},"5":{"start":{"line":7,"column":0},"end":{"line":7,"column":70}},"6":{"start":{"line":8,"column":0},"end":{"line":8,"column":85}},"7":{"start":{"line":9,"column":0},"end":{"line":9,"column":85}},"8":{"start":{"line":20,"column":48},"end":{"line":47,"column":1}},"9":{"start":{"line":21,"column":15},"end":{"line":21,"column":null}},"10":{"start":{"line":23,"column":4},"end":{"line":23,"column":32}},"11":{"start":{"line":26,"column":22},"end":{"line":26,"column":80}},"12":{"start":{"line":27,"column":22},"end":{"line":27,"column":54}},"13":{"start":{"line":28,"column":4},"end":{"line":33,"column":null}},"14":{"start":{"line":29,"column":26},"end":{"line":29,"column":42}},"15":{"start":{"line":30,"column":8},"end":{"line":30,"column":51}},"16":{"start":{"line":31,"column":8},"end":{"line":31,"column":44}},"17":{"start":{"line":32,"column":8},"end":{"line":32,"column":79}},"18":{"start":{"line":35,"column":4},"end":{"line":35,"column":30}},"19":{"start":{"line":36,"column":4},"end":{"line":46,"column":6}},"20":{"start":{"line":49,"column":0},"end":{"line":49,"column":27}}},"fnMap":{"0":{"name":"(anonymous_1)","decl":{"start":{"line":20,"column":48},"end":{"line":20,"column":49}},"loc":{"start":{"line":22,"column":1},"end":{"line":47,"column":1}}}},"branchMap":{"0":{"loc":{"start":{"line":28,"column":4},"end":{"line":33,"column":null}},"type":"if","locations":[{"start":{"line":28,"column":4},"end":{"line":33,"column":null}}]}},"s":{"0":3,"1":3,"2":3,"3":3,"4":3,"5":3,"6":3,"7":3,"8":3,"9":5,"10":5,"11":5,"12":5,"13":5,"14":1,"15":1,"16":1,"17":1,"18":4,"19":4,"20":3},"f":{"0":5},"b":{"0":[1]}}
,"C:\\Users\\nanai\\Desktop\\workspace\\workspace(nextjs)\\next-ts-intro-web-app\\src\\app\\components\\about\\profile\\ProfileContentsCard.tsx": {"path":"C:\\Users\\nanai\\Desktop\\workspace\\workspace(nextjs)\\next-ts-intro-web-app\\src\\app\\components\\about\\profile\\ProfileContentsCard.tsx","statementMap":{"0":{"start":{"line":1,"column":0},"end":{"line":1,"column":26}},"1":{"start":{"line":2,"column":0},"end":{"line":2,"column":36}},"2":{"start":{"line":3,"column":0},"end":{"line":3,"column":60}},"3":{"start":{"line":4,"column":0},"end":{"line":4,"column":96}},"4":{"start":{"line":5,"column":0},"end":{"line":5,"column":74}},"5":{"start":{"line":6,"column":0},"end":{"line":6,"column":57}},"6":{"start":{"line":7,"column":0},"end":{"line":7,"column":90}},"7":{"start":{"line":8,"column":0},"end":{"line":8,"column":70}},"8":{"start":{"line":19,"column":64},"end":{"line":51,"column":1}},"9":{"start":{"line":20,"column":17},"end":{"line":20,"column":null}},"10":{"start":{"line":22,"column":2},"end":{"line":22,"column":38}},"11":{"start":{"line":25,"column":21},"end":{"line":25,"column":87}},"12":{"start":{"line":26,"column":21},"end":{"line":26,"column":54}},"13":{"start":{"line":27,"column":2},"end":{"line":32,"column":null}},"14":{"start":{"line":28,"column":22},"end":{"line":28,"column":38}},"15":{"start":{"line":29,"column":4},"end":{"line":29,"column":55}},"16":{"start":{"line":30,"column":4},"end":{"line":30,"column":40}},"17":{"start":{"line":31,"column":4},"end":{"line":31,"column":75}},"18":{"start":{"line":34,"column":21},"end":{"line":34,"column":62}},"19":{"start":{"line":35,"column":20},"end":{"line":35,"column":42}},"20":{"start":{"line":37,"column":2},"end":{"line":37,"column":36}},"21":{"start":{"line":38,"column":2},"end":{"line":50,"column":4}},"22":{"start":{"line":42,"column":47},"end":{"line":48,"column":8}},"23":{"start":{"line":53,"column":0},"end":{"line":53,"column":35}}},"fnMap":{"0":{"name":"(anonymous_3)","decl":{"start":{"line":19,"column":64},"end":{"line":19,"column":65}},"loc":{"start":{"line":21,"column":1},"end":{"line":51,"column":1}}},"1":{"name":"(anonymous_4)","decl":{"start":{"line":42,"column":27},"end":{"line":42,"column":28}},"loc":{"start":{"line":42,"column":42},"end":{"line":42,"column":null}}}},"branchMap":{"0":{"loc":{"start":{"line":27,"column":2},"end":{"line":32,"column":null}},"type":"if","locations":[{"start":{"line":27,"column":2},"end":{"line":32,"column":null}}]},"1":{"loc":{"start":{"line":40,"column":11},"end":{"line":40,"column":72}},"type":"cond-expr","locations":[{"start":{"line":40,"column":25},"end":{"line":40,"column":67}},{"start":{"line":40,"column":70},"end":{"line":40,"column":72}}]}},"s":{"0":4,"1":4,"2":4,"3":4,"4":4,"5":4,"6":4,"7":4,"8":4,"9":8,"10":8,"11":8,"12":8,"13":8,"14":1,"15":1,"16":1,"17":1,"18":7,"19":7,"20":7,"21":7,"22":12,"23":4},"f":{"0":8,"1":12},"b":{"0":[1],"1":[2,5]}}
,"C:\\Users\\nanai\\Desktop\\workspace\\workspace(nextjs)\\next-ts-intro-web-app\\src\\app\\components\\about\\profile\\ProfileStandardCard.tsx": {"path":"C:\\Users\\nanai\\Desktop\\workspace\\workspace(nextjs)\\next-ts-intro-web-app\\src\\app\\components\\about\\profile\\ProfileStandardCard.tsx","statementMap":{"0":{"start":{"line":1,"column":0},"end":{"line":1,"column":26}},"1":{"start":{"line":2,"column":0},"end":{"line":2,"column":36}},"2":{"start":{"line":3,"column":0},"end":{"line":3,"column":60}},"3":{"start":{"line":5,"column":0},"end":{"line":5,"column":57}},"4":{"start":{"line":6,"column":0},"end":{"line":6,"column":117}},"5":{"start":{"line":7,"column":0},"end":{"line":7,"column":74}},"6":{"start":{"line":8,"column":0},"end":{"line":8,"column":90}},"7":{"start":{"line":9,"column":0},"end":{"line":9,"column":70}},"8":{"start":{"line":10,"column":0},"end":{"line":10,"column":68}},"9":{"start":{"line":11,"column":0},"end":{"line":11,"column":68}},"10":{"start":{"line":21,"column":16},"end":{"line":21,"column":30}},"11":{"start":{"line":27,"column":64},"end":{"line":85,"column":1}},"12":{"start":{"line":28,"column":15},"end":{"line":28,"column":null}},"13":{"start":{"line":29,"column":4},"end":{"line":29,"column":19}},"14":{"start":{"line":29,"column":19},"end":{"line":29,"column":null}},"15":{"start":{"line":30,"column":4},"end":{"line":30,"column":15}},"16":{"start":{"line":30,"column":15},"end":{"line":30,"column":null}},"17":{"start":{"line":32,"column":4},"end":{"line":32,"column":40}},"18":{"start":{"line":35,"column":24},"end":{"line":35,"column":128}},"19":{"start":{"line":36,"column":24},"end":{"line":36,"column":95}},"20":{"start":{"line":37,"column":24},"end":{"line":37,"column":70}},"21":{"start":{"line":38,"column":4},"end":{"line":43,"column":null}},"22":{"start":{"line":39,"column":26},"end":{"line":39,"column":42}},"23":{"start":{"line":40,"column":8},"end":{"line":40,"column":59}},"24":{"start":{"line":41,"column":8},"end":{"line":41,"column":44}},"25":{"start":{"line":42,"column":8},"end":{"line":42,"column":79}},"26":{"start":{"line":45,"column":29},"end":{"line":45,"column":70}},"27":{"start":{"line":46,"column":29},"end":{"line":46,"column":51}},"28":{"start":{"line":48,"column":4},"end":{"line":48,"column":38}},"29":{"start":{"line":49,"column":4},"end":{"line":84,"column":6}},"30":{"start":{"line":67,"column":42},"end":{"line":67,"column":97}},"31":{"start":{"line":69,"column":20},"end":{"line":80,"column":22}},"32":{"start":{"line":87,"column":0},"end":{"line":87,"column":35}}},"fnMap":{"0":{"name":"(anonymous_3)","decl":{"start":{"line":27,"column":64},"end":{"line":27,"column":65}},"loc":{"start":{"line":31,"column":1},"end":{"line":85,"column":1}}},"1":{"name":"(anonymous_4)","decl":{"start":{"line":66,"column":42},"end":{"line":66,"column":43}},"loc":{"start":{"line":66,"column":53},"end":{"line":81,"column":17}}}},"branchMap":{"0":{"loc":{"start":{"line":29,"column":19},"end":{"line":29,"column":null}},"type":"cond-expr","locations":[{"start":{"line":29,"column":22},"end":{"line":29,"column":25}},{"start":{"line":29,"column":25},"end":{"line":29,"column":null}}]},"1":{"loc":{"start":{"line":30,"column":15},"end":{"line":30,"column":null}},"type":"cond-expr","locations":[{"start":{"line":30,"column":18},"end":{"line":30,"column":20}},{"start":{"line":30,"column":20},"end":{"line":30,"column":null}}]},"2":{"loc":{"start":{"line":38,"column":4},"end":{"line":43,"column":null}},"type":"if","locations":[{"start":{"line":38,"column":4},"end":{"line":43,"column":null}}]},"3":{"loc":{"start":{"line":51,"column":17},"end":{"line":51,"column":78}},"type":"cond-expr","locations":[{"start":{"line":51,"column":31},"end":{"line":51,"column":73}},{"start":{"line":51,"column":76},"end":{"line":51,"column":78}}]},"4":{"loc":{"start":{"line":61,"column":21},"end":{"line":61,"column":54}},"type":"binary-expr","locations":[{"start":{"line":61,"column":21},"end":{"line":61,"column":43}},{"start":{"line":61,"column":47},"end":{"line":61,"column":54}}]},"5":{"loc":{"start":{"line":67,"column":42},"end":{"line":67,"column":97}},"type":"cond-expr","locations":[{"start":{"line":67,"column":86},"end":{"line":67,"column":92}},{"start":{"line":67,"column":95},"end":{"line":67,"column":97}}]}},"s":{"0":4,"1":4,"2":4,"3":4,"4":4,"5":4,"6":4,"7":4,"8":4,"9":4,"10":4,"11":4,"12":12,"13":12,"14":12,"15":12,"16":12,"17":12,"18":12,"19":12,"20":12,"21":12,"22":2,"23":2,"24":2,"25":2,"26":10,"27":10,"28":10,"29":10,"30":19,"31":19,"32":4},"f":{"0":12,"1":19},"b":{"0":[11,1],"1":[11,1],"2":[2],"3":[3,7],"4":[10,1],"5":[9,10]}}
,"C:\\Users\\nanai\\Desktop\\workspace\\workspace(nextjs)\\next-ts-intro-web-app\\src\\app\\components\\careers\\cards\\CareerCard.tsx": {"path":"C:\\Users\\nanai\\Desktop\\workspace\\workspace(nextjs)\\next-ts-intro-web-app\\src\\app\\components\\careers\\cards\\CareerCard.tsx","statementMap":{"0":{"start":{"line":1,"column":0},"end":{"line":1,"column":26}},"1":{"start":{"line":2,"column":0},"end":{"line":2,"column":36}},"2":{"start":{"line":3,"column":0},"end":{"line":3,"column":60}},"3":{"start":{"line":5,"column":0},"end":{"line":5,"column":70}},"4":{"start":{"line":6,"column":0},"end":{"line":6,"column":115}},"5":{"start":{"line":7,"column":0},"end":{"line":7,"column":74}},"6":{"start":{"line":8,"column":0},"end":{"line":8,"column":90}},"7":{"start":{"line":9,"column":0},"end":{"line":9,"column":70}},"8":{"start":{"line":10,"column":0},"end":{"line":10,"column":69}},"9":{"start":{"line":11,"column":0},"end":{"line":11,"column":71}},"10":{"start":{"line":12,"column":0},"end":{"line":12,"column":71}},"11":{"start":{"line":13,"column":0},"end":{"line":13,"column":75}},"12":{"start":{"line":14,"column":0},"end":{"line":14,"column":71}},"13":{"start":{"line":15,"column":0},"end":{"line":15,"column":69}},"14":{"start":{"line":16,"column":0},"end":{"line":16,"column":67}},"15":{"start":{"line":30,"column":46},"end":{"line":102,"column":1}},"16":{"start":{"line":31,"column":16},"end":{"line":31,"column":null}},"17":{"start":{"line":32,"column":19},"end":{"line":32,"column":null}},"18":{"start":{"line":33,"column":14},"end":{"line":33,"column":null}},"19":{"start":{"line":34,"column":4},"end":{"line":34,"column":13}},"20":{"start":{"line":34,"column":13},"end":{"line":34,"column":null}},"21":{"start":{"line":36,"column":4},"end":{"line":36,"column":31}},"22":{"start":{"line":39,"column":36},"end":{"line":39,"column":53}},"23":{"start":{"line":42,"column":24},"end":{"line":42,"column":88}},"24":{"start":{"line":43,"column":24},"end":{"line":43,"column":98}},"25":{"start":{"line":44,"column":24},"end":{"line":44,"column":69}},"26":{"start":{"line":45,"column":4},"end":{"line":50,"column":null}},"27":{"start":{"line":46,"column":26},"end":{"line":46,"column":42}},"28":{"start":{"line":47,"column":8},"end":{"line":47,"column":50}},"29":{"start":{"line":48,"column":8},"end":{"line":48,"column":44}},"30":{"start":{"line":49,"column":8},"end":{"line":49,"column":79}},"31":{"start":{"line":53,"column":28},"end":{"line":53,"column":121}},"32":{"start":{"line":54,"column":4},"end":{"line":54,"column":123}},"33":{"start":{"line":55,"column":28},"end":{"line":55,"column":95}},"34":{"start":{"line":56,"column":28},"end":{"line":56,"column":133}},"35":{"start":{"line":58,"column":4},"end":{"line":58,"column":29}},"36":{"start":{"line":59,"column":4},"end":{"line":101,"column":6}},"37":{"start":{"line":63,"column":31},"end":{"line":63,"column":null}},"38":{"start":{"line":104,"column":0},"end":{"line":104,"column":26}}},"fnMap":{"0":{"name":"(anonymous_1)","decl":{"start":{"line":30,"column":46},"end":{"line":30,"column":47}},"loc":{"start":{"line":35,"column":1},"end":{"line":102,"column":1}}},"1":{"name":"(anonymous_2)","decl":{"start":{"line":63,"column":25},"end":{"line":63,"column":31}},"loc":{"start":{"line":63,"column":25},"end":{"line":63,"column":50}}}},"branchMap":{"0":{"loc":{"start":{"line":34,"column":13},"end":{"line":34,"column":null}},"type":"cond-expr","locations":[{"start":{"line":34,"column":16},"end":{"line":34,"column":18}},{"start":{"line":34,"column":18},"end":{"line":34,"column":null}}]},"1":{"loc":{"start":{"line":45,"column":4},"end":{"line":50,"column":null}},"type":"if","locations":[{"start":{"line":45,"column":4},"end":{"line":50,"column":null}}]}},"s":{"0":1,"1":1,"2":1,"3":1,"4":1,"5":1,"6":1,"7":1,"8":1,"9":1,"10":1,"11":1,"12":1,"13":1,"14":1,"15":1,"16":12,"17":12,"18":12,"19":12,"20":12,"21":12,"22":12,"23":12,"24":12,"25":12,"26":12,"27":1,"28":1,"29":1,"30":1,"31":11,"32":11,"33":11,"34":11,"35":11,"36":11,"37":1,"38":1},"f":{"0":12,"1":1},"b":{"0":[2,10],"1":[1]}}
,"C:\\Users\\nanai\\Desktop\\workspace\\workspace(nextjs)\\next-ts-intro-web-app\\src\\app\\components\\careers\\cards\\StackCard.tsx": {"path":"C:\\Users\\nanai\\Desktop\\workspace\\workspace(nextjs)\\next-ts-intro-web-app\\src\\app\\components\\careers\\cards\\StackCard.tsx","statementMap":{"0":{"start":{"line":1,"column":0},"end":{"line":1,"column":26}},"1":{"start":{"line":2,"column":0},"end":{"line":2,"column":63}},"2":{"start":{"line":13,"column":44},"end":{"line":22,"column":1}},"3":{"start":{"line":14,"column":4},"end":{"line":14,"column":13}},"4":{"start":{"line":14,"column":13},"end":{"line":14,"column":null}},"5":{"start":{"line":16,"column":4},"end":{"line":16,"column":28}},"6":{"start":{"line":17,"column":4},"end":{"line":21,"column":6}},"7":{"start":{"line":24,"column":0},"end":{"line":24,"column":25}}},"fnMap":{"0":{"name":"(anonymous_1)","decl":{"start":{"line":13,"column":44},"end":{"line":13,"column":45}},"loc":{"start":{"line":15,"column":1},"end":{"line":22,"column":1}}}},"branchMap":{"0":{"loc":{"start":{"line":14,"column":13},"end":{"line":14,"column":null}},"type":"cond-expr","locations":[{"start":{"line":14,"column":16},"end":{"line":14,"column":31}},{"start":{"line":14,"column":31},"end":{"line":14,"column":null}}]}},"s":{"0":1,"1":1,"2":1,"3":4,"4":4,"5":4,"6":4,"7":1},"f":{"0":4},"b":{"0":[1,3]}}
,"C:\\Users\\nanai\\Desktop\\workspace\\workspace(nextjs)\\next-ts-intro-web-app\\src\\app\\components\\careers\\parts\\CareerContents.tsx": {"path":"C:\\Users\\nanai\\Desktop\\workspace\\workspace(nextjs)\\next-ts-intro-web-app\\src\\app\\components\\careers\\parts\\CareerContents.tsx","statementMap":{"0":{"start":{"line":1,"column":0},"end":{"line":1,"column":26}},"1":{"start":{"line":2,"column":0},"end":{"line":2,"column":60}},"2":{"start":{"line":3,"column":0},"end":{"line":3,"column":96}},"3":{"start":{"line":4,"column":0},"end":{"line":4,"column":74}},"4":{"start":{"line":5,"column":0},"end":{"line":5,"column":90}},"5":{"start":{"line":6,"column":0},"end":{"line":6,"column":70}},"6":{"start":{"line":19,"column":54},"end":{"line":46,"column":1}},"7":{"start":{"line":20,"column":15},"end":{"line":20,"column":null}},"8":{"start":{"line":21,"column":21},"end":{"line":21,"column":null}},"9":{"start":{"line":22,"column":4},"end":{"line":22,"column":13}},"10":{"start":{"line":22,"column":13},"end":{"line":22,"column":null}},"11":{"start":{"line":24,"column":4},"end":{"line":24,"column":35}},"12":{"start":{"line":27,"column":24},"end":{"line":27,"column":105}},"13":{"start":{"line":28,"column":24},"end":{"line":28,"column":58}},"14":{"start":{"line":29,"column":4},"end":{"line":34,"column":null}},"15":{"start":{"line":30,"column":26},"end":{"line":30,"column":42}},"16":{"start":{"line":31,"column":8},"end":{"line":31,"column":54}},"17":{"start":{"line":32,"column":8},"end":{"line":32,"column":44}},"18":{"start":{"line":33,"column":8},"end":{"line":33,"column":79}},"19":{"start":{"line":36,"column":4},"end":{"line":36,"column":33}},"20":{"start":{"line":37,"column":4},"end":{"line":45,"column":6}},"21":{"start":{"line":48,"column":0},"end":{"line":48,"column":30}}},"fnMap":{"0":{"name":"(anonymous_1)","decl":{"start":{"line":19,"column":54},"end":{"line":19,"column":55}},"loc":{"start":{"line":23,"column":1},"end":{"line":46,"column":1}}}},"branchMap":{"0":{"loc":{"start":{"line":22,"column":13},"end":{"line":22,"column":null}},"type":"cond-expr","locations":[{"start":{"line":22,"column":16},"end":{"line":22,"column":18}},{"start":{"line":22,"column":18},"end":{"line":22,"column":null}}]},"1":{"loc":{"start":{"line":29,"column":4},"end":{"line":34,"column":null}},"type":"if","locations":[{"start":{"line":29,"column":4},"end":{"line":34,"column":null}}]}},"s":{"0":1,"1":1,"2":1,"3":1,"4":1,"5":1,"6":1,"7":8,"8":8,"9":8,"10":8,"11":8,"12":8,"13":8,"14":8,"15":1,"16":1,"17":1,"18":1,"19":7,"20":7,"21":1},"f":{"0":8},"b":{"0":[1,7],"1":[1]}}
,"C:\\Users\\nanai\\Desktop\\workspace\\workspace(nextjs)\\next-ts-intro-web-app\\src\\app\\components\\careers\\parts\\CareerMember.tsx": {"path":"C:\\Users\\nanai\\Desktop\\workspace\\workspace(nextjs)\\next-ts-intro-web-app\\src\\app\\components\\careers\\parts\\CareerMember.tsx","statementMap":{"0":{"start":{"line":1,"column":0},"end":{"line":1,"column":26}},"1":{"start":{"line":2,"column":0},"end":{"line":2,"column":60}},"2":{"start":{"line":3,"column":0},"end":{"line":3,"column":96}},"3":{"start":{"line":4,"column":0},"end":{"line":4,"column":74}},"4":{"start":{"line":5,"column":0},"end":{"line":5,"column":90}},"5":{"start":{"line":6,"column":0},"end":{"line":6,"column":70}},"6":{"start":{"line":19,"column":51},"end":{"line":44,"column":1}},"7":{"start":{"line":20,"column":15},"end":{"line":20,"column":null}},"8":{"start":{"line":21,"column":16},"end":{"line":21,"column":null}},"9":{"start":{"line":22,"column":4},"end":{"line":22,"column":13}},"10":{"start":{"line":22,"column":13},"end":{"line":22,"column":null}},"11":{"start":{"line":24,"column":4},"end":{"line":24,"column":33}},"12":{"start":{"line":27,"column":24},"end":{"line":27,"column":100}},"13":{"start":{"line":28,"column":24},"end":{"line":28,"column":58}},"14":{"start":{"line":29,"column":4},"end":{"line":34,"column":null}},"15":{"start":{"line":30,"column":26},"end":{"line":30,"column":42}},"16":{"start":{"line":31,"column":8},"end":{"line":31,"column":52}},"17":{"start":{"line":32,"column":8},"end":{"line":32,"column":44}},"18":{"start":{"line":33,"column":8},"end":{"line":33,"column":79}},"19":{"start":{"line":36,"column":4},"end":{"line":36,"column":31}},"20":{"start":{"line":37,"column":4},"end":{"line":43,"column":6}},"21":{"start":{"line":46,"column":0},"end":{"line":46,"column":28}}},"fnMap":{"0":{"name":"(anonymous_1)","decl":{"start":{"line":19,"column":51},"end":{"line":19,"column":52}},"loc":{"start":{"line":23,"column":1},"end":{"line":44,"column":1}}}},"branchMap":{"0":{"loc":{"start":{"line":22,"column":13},"end":{"line":22,"column":null}},"type":"cond-expr","locations":[{"start":{"line":22,"column":16},"end":{"line":22,"column":18}},{"start":{"line":22,"column":18},"end":{"line":22,"column":null}}]},"1":{"loc":{"start":{"line":29,"column":4},"end":{"line":34,"column":null}},"type":"if","locations":[{"start":{"line":29,"column":4},"end":{"line":34,"column":null}}]}},"s":{"0":1,"1":1,"2":1,"3":1,"4":1,"5":1,"6":1,"7":8,"8":8,"9":8,"10":8,"11":8,"12":8,"13":8,"14":8,"15":1,"16":1,"17":1,"18":1,"19":7,"20":7,"21":1},"f":{"0":8},"b":{"0":[1,7],"1":[1]}}
,"C:\\Users\\nanai\\Desktop\\workspace\\workspace(nextjs)\\next-ts-intro-web-app\\src\\app\\components\\careers\\parts\\CareerPeriod.tsx": {"path":"C:\\Users\\nanai\\Desktop\\workspace\\workspace(nextjs)\\next-ts-intro-web-app\\src\\app\\components\\careers\\parts\\CareerPeriod.tsx","statementMap":{"0":{"start":{"line":1,"column":0},"end":{"line":1,"column":26}},"1":{"start":{"line":2,"column":0},"end":{"line":2,"column":60}},"2":{"start":{"line":3,"column":0},"end":{"line":3,"column":96}},"3":{"start":{"line":4,"column":0},"end":{"line":4,"column":74}},"4":{"start":{"line":5,"column":0},"end":{"line":5,"column":90}},"5":{"start":{"line":6,"column":0},"end":{"line":6,"column":70}},"6":{"start":{"line":20,"column":50},"end":{"line":48,"column":1}},"7":{"start":{"line":21,"column":15},"end":{"line":21,"column":null}},"8":{"start":{"line":22,"column":15},"end":{"line":22,"column":null}},"9":{"start":{"line":23,"column":13},"end":{"line":23,"column":null}},"10":{"start":{"line":24,"column":4},"end":{"line":24,"column":13}},"11":{"start":{"line":24,"column":13},"end":{"line":24,"column":null}},"12":{"start":{"line":26,"column":4},"end":{"line":26,"column":33}},"13":{"start":{"line":29,"column":24},"end":{"line":29,"column":110}},"14":{"start":{"line":30,"column":24},"end":{"line":30,"column":58}},"15":{"start":{"line":31,"column":4},"end":{"line":36,"column":null}},"16":{"start":{"line":32,"column":26},"end":{"line":32,"column":42}},"17":{"start":{"line":33,"column":8},"end":{"line":33,"column":52}},"18":{"start":{"line":34,"column":8},"end":{"line":34,"column":44}},"19":{"start":{"line":35,"column":8},"end":{"line":35,"column":79}},"20":{"start":{"line":38,"column":4},"end":{"line":38,"column":31}},"21":{"start":{"line":39,"column":4},"end":{"line":47,"column":6}},"22":{"start":{"line":50,"column":0},"end":{"line":50,"column":28}}},"fnMap":{"0":{"name":"(anonymous_1)","decl":{"start":{"line":20,"column":50},"end":{"line":20,"column":51}},"loc":{"start":{"line":25,"column":1},"end":{"line":48,"column":1}}}},"branchMap":{"0":{"loc":{"start":{"line":24,"column":13},"end":{"line":24,"column":null}},"type":"cond-expr","locations":[{"start":{"line":24,"column":16},"end":{"line":24,"column":18}},{"start":{"line":24,"column":18},"end":{"line":24,"column":null}}]},"1":{"loc":{"start":{"line":31,"column":4},"end":{"line":36,"column":null}},"type":"if","locations":[{"start":{"line":31,"column":4},"end":{"line":36,"column":null}}]}},"s":{"0":1,"1":1,"2":1,"3":1,"4":1,"5":1,"6":1,"7":9,"8":9,"9":9,"10":9,"11":9,"12":9,"13":9,"14":9,"15":9,"16":1,"17":1,"18":1,"19":1,"20":8,"21":8,"22":1},"f":{"0":9},"b":{"0":[2,7],"1":[1]}}
,"C:\\Users\\nanai\\Desktop\\workspace\\workspace(nextjs)\\next-ts-intro-web-app\\src\\app\\components\\careers\\parts\\CareerPhase.tsx": {"path":"C:\\Users\\nanai\\Desktop\\workspace\\workspace(nextjs)\\next-ts-intro-web-app\\src\\app\\components\\careers\\parts\\CareerPhase.tsx","statementMap":{"0":{"start":{"line":1,"column":0},"end":{"line":1,"column":26}},"1":{"start":{"line":2,"column":0},"end":{"line":2,"column":60}},"2":{"start":{"line":3,"column":0},"end":{"line":3,"column":117}},"3":{"start":{"line":4,"column":0},"end":{"line":4,"column":74}},"4":{"start":{"line":5,"column":0},"end":{"line":5,"column":90}},"5":{"start":{"line":6,"column":0},"end":{"line":6,"column":70}},"6":{"start":{"line":7,"column":0},"end":{"line":7,"column":65}},"7":{"start":{"line":20,"column":48},"end":{"line":53,"column":1}},"8":{"start":{"line":21,"column":15},"end":{"line":21,"column":null}},"9":{"start":{"line":22,"column":16},"end":{"line":22,"column":null}},"10":{"start":{"line":23,"column":4},"end":{"line":23,"column":13}},"11":{"start":{"line":23,"column":13},"end":{"line":23,"column":null}},"12":{"start":{"line":25,"column":4},"end":{"line":25,"column":32}},"13":{"start":{"line":28,"column":24},"end":{"line":28,"column":86}},"14":{"start":{"line":29,"column":24},"end":{"line":29,"column":87}},"15":{"start":{"line":30,"column":24},"end":{"line":30,"column":70}},"16":{"start":{"line":31,"column":4},"end":{"line":36,"column":null}},"17":{"start":{"line":32,"column":26},"end":{"line":32,"column":42}},"18":{"start":{"line":33,"column":8},"end":{"line":33,"column":51}},"19":{"start":{"line":34,"column":8},"end":{"line":34,"column":44}},"20":{"start":{"line":35,"column":8},"end":{"line":35,"column":79}},"21":{"start":{"line":38,"column":4},"end":{"line":38,"column":30}},"22":{"start":{"line":39,"column":4},"end":{"line":52,"column":6}},"23":{"start":{"line":47,"column":52},"end":{"line":49,"column":18}},"24":{"start":{"line":55,"column":0},"end":{"line":55,"column":27}}},"fnMap":{"0":{"name":"(anonymous_1)","decl":{"start":{"line":20,"column":48},"end":{"line":20,"column":49}},"loc":{"start":{"line":24,"column":1},"end":{"line":53,"column":1}}},"1":{"name":"(anonymous_2)","decl":{"start":{"line":47,"column":34},"end":{"line":47,"column":35}},"loc":{"start":{"line":47,"column":47},"end":{"line":47,"column":null}}}},"branchMap":{"0":{"loc":{"start":{"line":23,"column":13},"end":{"line":23,"column":null}},"type":"cond-expr","locations":[{"start":{"line":23,"column":16},"end":{"line":23,"column":18}},{"start":{"line":23,"column":18},"end":{"line":23,"column":null}}]},"1":{"loc":{"start":{"line":31,"column":4},"end":{"line":36,"column":null}},"type":"if","locations":[{"start":{"line":31,"column":4},"end":{"line":36,"column":null}}]}},"s":{"0":1,"1":1,"2":1,"3":1,"4":1,"5":1,"6":1,"7":1,"8":8,"9":8,"10":8,"11":8,"12":8,"13":8,"14":8,"15":8,"16":8,"17":1,"18":1,"19":1,"20":1,"21":7,"22":7,"23":21,"24":1},"f":{"0":8,"1":21},"b":{"0":[2,6],"1":[1]}}
,"C:\\Users\\nanai\\Desktop\\workspace\\workspace(nextjs)\\next-ts-intro-web-app\\src\\app\\components\\careers\\parts\\CareerRole.tsx": {"path":"C:\\Users\\nanai\\Desktop\\workspace\\workspace(nextjs)\\next-ts-intro-web-app\\src\\app\\components\\careers\\parts\\CareerRole.tsx","statementMap":{"0":{"start":{"line":1,"column":0},"end":{"line":1,"column":26}},"1":{"start":{"line":2,"column":0},"end":{"line":2,"column":60}},"2":{"start":{"line":3,"column":0},"end":{"line":3,"column":96}},"3":{"start":{"line":4,"column":0},"end":{"line":4,"column":74}},"4":{"start":{"line":5,"column":0},"end":{"line":5,"column":90}},"5":{"start":{"line":6,"column":0},"end":{"line":6,"column":70}},"6":{"start":{"line":19,"column":46},"end":{"line":46,"column":1}},"7":{"start":{"line":20,"column":15},"end":{"line":20,"column":null}},"8":{"start":{"line":21,"column":14},"end":{"line":21,"column":null}},"9":{"start":{"line":22,"column":4},"end":{"line":22,"column":13}},"10":{"start":{"line":22,"column":13},"end":{"line":22,"column":null}},"11":{"start":{"line":24,"column":4},"end":{"line":24,"column":31}},"12":{"start":{"line":27,"column":24},"end":{"line":27,"column":98}},"13":{"start":{"line":28,"column":24},"end":{"line":28,"column":58}},"14":{"start":{"line":29,"column":4},"end":{"line":34,"column":null}},"15":{"start":{"line":30,"column":26},"end":{"line":30,"column":42}},"16":{"start":{"line":31,"column":8},"end":{"line":31,"column":50}},"17":{"start":{"line":32,"column":8},"end":{"line":32,"column":44}},"18":{"start":{"line":33,"column":8},"end":{"line":33,"column":79}},"19":{"start":{"line":36,"column":4},"end":{"line":36,"column":29}},"20":{"start":{"line":37,"column":4},"end":{"line":45,"column":6}},"21":{"start":{"line":48,"column":0},"end":{"line":48,"column":26}}},"fnMap":{"0":{"name":"(anonymous_1)","decl":{"start":{"line":19,"column":46},"end":{"line":19,"column":47}},"loc":{"start":{"line":23,"column":1},"end":{"line":46,"column":1}}}},"branchMap":{"0":{"loc":{"start":{"line":22,"column":13},"end":{"line":22,"column":null}},"type":"cond-expr","locations":[{"start":{"line":22,"column":16},"end":{"line":22,"column":18}},{"start":{"line":22,"column":18},"end":{"line":22,"column":null}}]},"1":{"loc":{"start":{"line":29,"column":4},"end":{"line":34,"column":null}},"type":"if","locations":[{"start":{"line":29,"column":4},"end":{"line":34,"column":null}}]}},"s":{"0":1,"1":1,"2":1,"3":1,"4":1,"5":1,"6":1,"7":8,"8":8,"9":8,"10":8,"11":8,"12":8,"13":8,"14":8,"15":1,"16":1,"17":1,"18":1,"19":7,"20":7,"21":1},"f":{"0":8},"b":{"0":[2,6],"1":[1]}}
,"C:\\Users\\nanai\\Desktop\\workspace\\workspace(nextjs)\\next-ts-intro-web-app\\src\\app\\components\\careers\\parts\\CareerStacks.tsx": {"path":"C:\\Users\\nanai\\Desktop\\workspace\\workspace(nextjs)\\next-ts-intro-web-app\\src\\app\\components\\careers\\parts\\CareerStacks.tsx","statementMap":{"0":{"start":{"line":1,"column":0},"end":{"line":1,"column":26}},"1":{"start":{"line":2,"column":0},"end":{"line":2,"column":60}},"2":{"start":{"line":3,"column":0},"end":{"line":3,"column":117}},"3":{"start":{"line":4,"column":0},"end":{"line":4,"column":74}},"4":{"start":{"line":5,"column":0},"end":{"line":5,"column":90}},"5":{"start":{"line":6,"column":0},"end":{"line":6,"column":70}},"6":{"start":{"line":7,"column":0},"end":{"line":7,"column":65}},"7":{"start":{"line":20,"column":50},"end":{"line":53,"column":1}},"8":{"start":{"line":21,"column":15},"end":{"line":21,"column":null}},"9":{"start":{"line":22,"column":16},"end":{"line":22,"column":null}},"10":{"start":{"line":23,"column":4},"end":{"line":23,"column":13}},"11":{"start":{"line":23,"column":13},"end":{"line":23,"column":null}},"12":{"start":{"line":25,"column":4},"end":{"line":25,"column":33}},"13":{"start":{"line":28,"column":24},"end":{"line":28,"column":86}},"14":{"start":{"line":29,"column":24},"end":{"line":29,"column":87}},"15":{"start":{"line":30,"column":24},"end":{"line":30,"column":70}},"16":{"start":{"line":31,"column":4},"end":{"line":36,"column":null}},"17":{"start":{"line":32,"column":26},"end":{"line":32,"column":42}},"18":{"start":{"line":33,"column":8},"end":{"line":33,"column":52}},"19":{"start":{"line":34,"column":8},"end":{"line":34,"column":44}},"20":{"start":{"line":35,"column":8},"end":{"line":35,"column":79}},"21":{"start":{"line":38,"column":4},"end":{"line":38,"column":31}},"22":{"start":{"line":39,"column":4},"end":{"line":52,"column":6}},"23":{"start":{"line":47,"column":52},"end":{"line":49,"column":18}},"24":{"start":{"line":55,"column":0},"end":{"line":55,"column":28}}},"fnMap":{"0":{"name":"(anonymous_1)","decl":{"start":{"line":20,"column":50},"end":{"line":20,"column":51}},"loc":{"start":{"line":24,"column":1},"end":{"line":53,"column":1}}},"1":{"name":"(anonymous_2)","decl":{"start":{"line":47,"column":34},"end":{"line":47,"column":35}},"loc":{"start":{"line":47,"column":47},"end":{"line":47,"column":null}}}},"branchMap":{"0":{"loc":{"start":{"line":23,"column":13},"end":{"line":23,"column":null}},"type":"cond-expr","locations":[{"start":{"line":23,"column":16},"end":{"line":23,"column":18}},{"start":{"line":23,"column":18},"end":{"line":23,"column":null}}]},"1":{"loc":{"start":{"line":31,"column":4},"end":{"line":36,"column":null}},"type":"if","locations":[{"start":{"line":31,"column":4},"end":{"line":36,"column":null}}]}},"s":{"0":1,"1":1,"2":1,"3":1,"4":1,"5":1,"6":1,"7":1,"8":8,"9":8,"10":8,"11":8,"12":8,"13":8,"14":8,"15":8,"16":8,"17":1,"18":1,"19":1,"20":1,"21":7,"22":7,"23":21,"24":1},"f":{"0":8,"1":21},"b":{"0":[2,6],"1":[1]}}
,"C:\\Users\\nanai\\Desktop\\workspace\\workspace(nextjs)\\next-ts-intro-web-app\\src\\app\\components\\careers\\parts\\CareerTitle.tsx": {"path":"C:\\Users\\nanai\\Desktop\\workspace\\workspace(nextjs)\\next-ts-intro-web-app\\src\\app\\components\\careers\\parts\\CareerTitle.tsx","statementMap":{"0":{"start":{"line":1,"column":0},"end":{"line":1,"column":26}},"1":{"start":{"line":2,"column":0},"end":{"line":2,"column":36}},"2":{"start":{"line":3,"column":0},"end":{"line":3,"column":60}},"3":{"start":{"line":4,"column":0},"end":{"line":4,"column":96}},"4":{"start":{"line":5,"column":0},"end":{"line":5,"column":74}},"5":{"start":{"line":6,"column":0},"end":{"line":6,"column":90}},"6":{"start":{"line":7,"column":0},"end":{"line":7,"column":70}},"7":{"start":{"line":19,"column":48},"end":{"line":45,"column":1}},"8":{"start":{"line":20,"column":15},"end":{"line":20,"column":null}},"9":{"start":{"line":21,"column":4},"end":{"line":21,"column":13}},"10":{"start":{"line":21,"column":13},"end":{"line":21,"column":null}},"11":{"start":{"line":23,"column":4},"end":{"line":23,"column":32}},"12":{"start":{"line":26,"column":24},"end":{"line":26,"column":86}},"13":{"start":{"line":27,"column":24},"end":{"line":27,"column":58}},"14":{"start":{"line":28,"column":4},"end":{"line":33,"column":null}},"15":{"start":{"line":29,"column":26},"end":{"line":29,"column":42}},"16":{"start":{"line":30,"column":8},"end":{"line":30,"column":51}},"17":{"start":{"line":31,"column":8},"end":{"line":31,"column":44}},"18":{"start":{"line":32,"column":8},"end":{"line":32,"column":79}},"19":{"start":{"line":35,"column":31},"end":{"line":35,"column":83}},"20":{"start":{"line":37,"column":4},"end":{"line":37,"column":30}},"21":{"start":{"line":38,"column":4},"end":{"line":44,"column":6}},"22":{"start":{"line":47,"column":0},"end":{"line":47,"column":27}}},"fnMap":{"0":{"name":"(anonymous_1)","decl":{"start":{"line":19,"column":48},"end":{"line":19,"column":49}},"loc":{"start":{"line":22,"column":1},"end":{"line":45,"column":1}}}},"branchMap":{"0":{"loc":{"start":{"line":21,"column":13},"end":{"line":21,"column":null}},"type":"cond-expr","locations":[{"start":{"line":21,"column":16},"end":{"line":21,"column":18}},{"start":{"line":21,"column":18},"end":{"line":21,"column":null}}]},"1":{"loc":{"start":{"line":28,"column":4},"end":{"line":33,"column":null}},"type":"if","locations":[{"start":{"line":28,"column":4},"end":{"line":33,"column":null}}]}},"s":{"0":1,"1":1,"2":1,"3":1,"4":1,"5":1,"6":1,"7":1,"8":6,"9":6,"10":6,"11":6,"12":6,"13":6,"14":6,"15":1,"16":1,"17":1,"18":1,"19":5,"20":5,"21":5,"22":1},"f":{"0":6},"b":{"0":[2,4],"1":[1]}}
,"C:\\Users\\nanai\\Desktop\\workspace\\workspace(nextjs)\\next-ts-intro-web-app\\src\\app\\components\\careers\\slides\\CareerNavigator.tsx": {"path":"C:\\Users\\nanai\\Desktop\\workspace\\workspace(nextjs)\\next-ts-intro-web-app\\src\\app\\components\\careers\\slides\\CareerNavigator.tsx","statementMap":{"0":{"start":{"line":1,"column":0},"end":{"line":1,"column":26}},"1":{"start":{"line":2,"column":0},"end":{"line":2,"column":60}},"2":{"start":{"line":3,"column":0},"end":{"line":3,"column":98}},"3":{"start":{"line":4,"column":0},"end":{"line":4,"column":74}},"4":{"start":{"line":5,"column":0},"end":{"line":5,"column":90}},"5":{"start":{"line":6,"column":0},"end":{"line":6,"column":70}},"6":{"start":{"line":7,"column":0},"end":{"line":7,"column":64}},"7":{"start":{"line":21,"column":56},"end":{"line":52,"column":1}},"8":{"start":{"line":22,"column":13},"end":{"line":22,"column":null}},"9":{"start":{"line":23,"column":4},"end":{"line":23,"column":22}},"10":{"start":{"line":23,"column":22},"end":{"line":23,"column":null}},"11":{"start":{"line":24,"column":4},"end":{"line":24,"column":16}},"12":{"start":{"line":24,"column":16},"end":{"line":24,"column":null}},"13":{"start":{"line":25,"column":11},"end":{"line":25,"column":null}},"14":{"start":{"line":27,"column":4},"end":{"line":27,"column":36}},"15":{"start":{"line":30,"column":26},"end":{"line":30,"column":89}},"16":{"start":{"line":31,"column":26},"end":{"line":31,"column":62}},"17":{"start":{"line":32,"column":4},"end":{"line":37,"column":null}},"18":{"start":{"line":33,"column":26},"end":{"line":33,"column":42}},"19":{"start":{"line":34,"column":8},"end":{"line":34,"column":55}},"20":{"start":{"line":35,"column":8},"end":{"line":35,"column":44}},"21":{"start":{"line":36,"column":8},"end":{"line":36,"column":79}},"22":{"start":{"line":39,"column":19},"end":{"line":39,"column":39}},"23":{"start":{"line":41,"column":4},"end":{"line":41,"column":34}},"24":{"start":{"line":42,"column":4},"end":{"line":51,"column":6}},"25":{"start":{"line":54,"column":0},"end":{"line":54,"column":31}}},"fnMap":{"0":{"name":"(anonymous_1)","decl":{"start":{"line":21,"column":56},"end":{"line":21,"column":57}},"loc":{"start":{"line":26,"column":1},"end":{"line":52,"column":1}}}},"branchMap":{"0":{"loc":{"start":{"line":23,"column":22},"end":{"line":23,"column":null}},"type":"cond-expr","locations":[{"start":{"line":23,"column":25},"end":{"line":23,"column":27}},{"start":{"line":23,"column":27},"end":{"line":23,"column":null}}]},"1":{"loc":{"start":{"line":24,"column":16},"end":{"line":24,"column":null}},"type":"cond-expr","locations":[{"start":{"line":24,"column":19},"end":{"line":24,"column":21}},{"start":{"line":24,"column":21},"end":{"line":24,"column":null}}]},"2":{"loc":{"start":{"line":32,"column":4},"end":{"line":37,"column":null}},"type":"if","locations":[{"start":{"line":32,"column":4},"end":{"line":37,"column":null}}]},"3":{"loc":{"start":{"line":47,"column":28},"end":{"line":47,"column":70}},"type":"cond-expr","locations":[{"start":{"line":47,"column":37},"end":{"line":47,"column":54}},{"start":{"line":47,"column":57},"end":{"line":47,"column":70}}]},"4":{"loc":{"start":{"line":48,"column":37},"end":{"line":48,"column":72}},"type":"cond-expr","locations":[{"start":{"line":48,"column":46},"end":{"line":48,"column":58}},{"start":{"line":48,"column":61},"end":{"line":48,"column":72}}]}},"s":{"0":1,"1":1,"2":1,"3":1,"4":1,"5":1,"6":1,"7":1,"8":6,"9":6,"10":6,"11":6,"12":6,"13":6,"14":6,"15":6,"16":6,"17":6,"18":1,"19":1,"20":1,"21":1,"22":5,"23":5,"24":5,"25":1},"f":{"0":6},"b":{"0":[2,4],"1":[2,4],"2":[1],"3":[3,2],"4":[3,2]}}
,"C:\\Users\\nanai\\Desktop\\workspace\\workspace(nextjs)\\next-ts-intro-web-app\\src\\app\\components\\common\\error\\ErrorComponent.tsx": {"path":"C:\\Users\\nanai\\Desktop\\workspace\\workspace(nextjs)\\next-ts-intro-web-app\\src\\app\\components\\common\\error\\ErrorComponent.tsx","statementMap":{"0":{"start":{"line":1,"column":0},"end":{"line":1,"column":26}},"1":{"start":{"line":13,"column":23},"end":{"line":18,"column":1}},"2":{"start":{"line":14,"column":26},"end":{"line":14,"column":32}},"3":{"start":{"line":15,"column":4},"end":{"line":17,"column":6}},"4":{"start":{"line":20,"column":0},"end":{"line":20,"column":30}}},"fnMap":{"0":{"name":"(anonymous_1)","decl":{"start":{"line":13,"column":23},"end":{"line":13,"column":24}},"loc":{"start":{"line":13,"column":36},"end":{"line":18,"column":1}}}},"branchMap":{},"s":{"0":38,"1":38,"2":71,"3":71,"4":38},"f":{"0":71},"b":{}}
,"C:\\Users\\nanai\\Desktop\\workspace\\workspace(nextjs)\\next-ts-intro-web-app\\src\\app\\components\\common\\icons\\ArrowIcon.tsx": {"path":"C:\\Users\\nanai\\Desktop\\workspace\\workspace(nextjs)\\next-ts-intro-web-app\\src\\app\\components\\common\\icons\\ArrowIcon.tsx","statementMap":{"0":{"start":{"line":1,"column":0},"end":{"line":1,"column":26}},"1":{"start":{"line":2,"column":0},"end":{"line":2,"column":36}},"2":{"start":{"line":15,"column":44},"end":{"line":36,"column":1}},"3":{"start":{"line":16,"column":4},"end":{"line":16,"column":12}},"4":{"start":{"line":16,"column":12},"end":{"line":16,"column":null}},"5":{"start":{"line":17,"column":4},"end":{"line":17,"column":12}},"6":{"start":{"line":17,"column":12},"end":{"line":17,"column":null}},"7":{"start":{"line":18,"column":4},"end":{"line":18,"column":13}},"8":{"start":{"line":18,"column":13},"end":{"line":18,"column":null}},"9":{"start":{"line":20,"column":22},"end":{"line":20,"column":42}},"10":{"start":{"line":22,"column":4},"end":{"line":35,"column":6}},"11":{"start":{"line":38,"column":0},"end":{"line":38,"column":25}}},"fnMap":{"0":{"name":"(anonymous_1)","decl":{"start":{"line":15,"column":44},"end":{"line":15,"column":45}},"loc":{"start":{"line":19,"column":1},"end":{"line":36,"column":1}}}},"branchMap":{"0":{"loc":{"start":{"line":16,"column":12},"end":{"line":16,"column":null}},"type":"cond-expr","locations":[{"start":{"line":16,"column":16},"end":{"line":16,"column":26}},{"start":{"line":16,"column":26},"end":{"line":16,"column":null}}]},"1":{"loc":{"start":{"line":17,"column":12},"end":{"line":17,"column":null}},"type":"cond-expr","locations":[{"start":{"line":17,"column":16},"end":{"line":17,"column":18}},{"start":{"line":17,"column":18},"end":{"line":17,"column":null}}]},"2":{"loc":{"start":{"line":18,"column":13},"end":{"line":18,"column":null}},"type":"cond-expr","locations":[{"start":{"line":18,"column":16},"end":{"line":18,"column":28}},{"start":{"line":18,"column":28},"end":{"line":18,"column":null}}]}},"s":{"0":2,"1":2,"2":2,"3":44,"4":44,"5":44,"6":44,"7":44,"8":44,"9":44,"10":44,"11":2},"f":{"0":44},"b":{"0":[3,41],"1":[3,41],"2":[43,1]}}
,"C:\\Users\\nanai\\Desktop\\workspace\\workspace(nextjs)\\next-ts-intro-web-app\\src\\app\\components\\common\\icons\\ProfileIcon.tsx": {"path":"C:\\Users\\nanai\\Desktop\\workspace\\workspace(nextjs)\\next-ts-intro-web-app\\src\\app\\components\\common\\icons\\ProfileIcon.tsx","statementMap":{"0":{"start":{"line":1,"column":0},"end":{"line":1,"column":26}},"1":{"start":{"line":2,"column":0},"end":{"line":2,"column":31}},"2":{"start":{"line":13,"column":34},"end":{"line":13,"column":36}},"3":{"start":{"line":19,"column":48},"end":{"line":41,"column":1}},"4":{"start":{"line":20,"column":7},"end":{"line":20,"column":null}},"5":{"start":{"line":21,"column":7},"end":{"line":21,"column":null}},"6":{"start":{"line":22,"column":4},"end":{"line":22,"column":8}},"7":{"start":{"line":22,"column":8},"end":{"line":22,"column":null}},"8":{"start":{"line":23,"column":4},"end":{"line":23,"column":13}},"9":{"start":{"line":23,"column":13},"end":{"line":23,"column":null}},"10":{"start":{"line":25,"column":22},"end":{"line":25,"column":66}},"11":{"start":{"line":27,"column":4},"end":{"line":40,"column":6}},"12":{"start":{"line":43,"column":0},"end":{"line":43,"column":27}}},"fnMap":{"0":{"name":"(anonymous_1)","decl":{"start":{"line":19,"column":48},"end":{"line":19,"column":49}},"loc":{"start":{"line":24,"column":1},"end":{"line":41,"column":1}}}},"branchMap":{"0":{"loc":{"start":{"line":22,"column":8},"end":{"line":22,"column":null}},"type":"cond-expr","locations":[{"start":{"line":22,"column":11},"end":{"line":22,"column":36}},{"start":{"line":22,"column":36},"end":{"line":22,"column":null}}]},"1":{"loc":{"start":{"line":23,"column":13},"end":{"line":23,"column":null}},"type":"cond-expr","locations":[{"start":{"line":23,"column":16},"end":{"line":23,"column":18}},{"start":{"line":23,"column":18},"end":{"line":23,"column":null}}]},"2":{"loc":{"start":{"line":25,"column":22},"end":{"line":25,"column":66}},"type":"cond-expr","locations":[{"start":{"line":25,"column":34},"end":{"line":25,"column":59}},{"start":{"line":25,"column":62},"end":{"line":25,"column":66}}]}},"s":{"0":5,"1":5,"2":5,"3":5,"4":15,"5":15,"6":15,"7":15,"8":15,"9":15,"10":15,"11":15,"12":5},"f":{"0":15},"b":{"0":[3,12],"1":[14,1],"2":[1,14]}}
,"C:\\Users\\nanai\\Desktop\\workspace\\workspace(nextjs)\\next-ts-intro-web-app\\src\\app\\components\\common\\icons\\ScrollTopIcon.tsx": {"path":"C:\\Users\\nanai\\Desktop\\workspace\\workspace(nextjs)\\next-ts-intro-web-app\\src\\app\\components\\common\\icons\\ScrollTopIcon.tsx","statementMap":{"0":{"start":{"line":1,"column":0},"end":{"line":1,"column":26}},"1":{"start":{"line":2,"column":0},"end":{"line":2,"column":36}},"2":{"start":{"line":14,"column":52},"end":{"line":35,"column":1}},"3":{"start":{"line":15,"column":4},"end":{"line":15,"column":12}},"4":{"start":{"line":15,"column":12},"end":{"line":15,"column":null}},"5":{"start":{"line":16,"column":4},"end":{"line":16,"column":13}},"6":{"start":{"line":16,"column":13},"end":{"line":16,"column":null}},"7":{"start":{"line":18,"column":19},"end":{"line":18,"column":34}},"8":{"start":{"line":19,"column":19},"end":{"line":19,"column":34}},"9":{"start":{"line":20,"column":19},"end":{"line":20,"column":46}},"10":{"start":{"line":22,"column":4},"end":{"line":34,"column":6}},"11":{"start":{"line":37,"column":0},"end":{"line":37,"column":29}}},"fnMap":{"0":{"name":"(anonymous_1)","decl":{"start":{"line":14,"column":52},"end":{"line":14,"column":53}},"loc":{"start":{"line":17,"column":1},"end":{"line":35,"column":1}}}},"branchMap":{"0":{"loc":{"start":{"line":15,"column":12},"end":{"line":15,"column":null}},"type":"cond-expr","locations":[{"start":{"line":15,"column":15},"end":{"line":15,"column":16}},{"start":{"line":15,"column":16},"end":{"line":15,"column":null}}]},"1":{"loc":{"start":{"line":16,"column":13},"end":{"line":16,"column":null}},"type":"cond-expr","locations":[{"start":{"line":16,"column":16},"end":{"line":16,"column":33}},{"start":{"line":16,"column":33},"end":{"line":16,"column":null}}]}},"s":{"0":3,"1":3,"2":3,"3":11,"4":11,"5":11,"6":11,"7":11,"8":11,"9":11,"10":11,"11":3},"f":{"0":11},"b":{"0":[10,1],"1":[10,1]}}
,"C:\\Users\\nanai\\Desktop\\workspace\\workspace(nextjs)\\next-ts-intro-web-app\\src\\app\\components\\common\\icons\\SnsIconLink.tsx": {"path":"C:\\Users\\nanai\\Desktop\\workspace\\workspace(nextjs)\\next-ts-intro-web-app\\src\\app\\components\\common\\icons\\SnsIconLink.tsx","statementMap":{"0":{"start":{"line":1,"column":0},"end":{"line":1,"column":26}},"1":{"start":{"line":2,"column":0},"end":{"line":2,"column":31}},"2":{"start":{"line":3,"column":0},"end":{"line":3,"column":29}},"3":{"start":{"line":15,"column":30},"end":{"line":15,"column":32}},"4":{"start":{"line":21,"column":48},"end":{"line":45,"column":1}},"5":{"start":{"line":22,"column":7},"end":{"line":22,"column":null}},"6":{"start":{"line":23,"column":12},"end":{"line":23,"column":null}},"7":{"start":{"line":24,"column":4},"end":{"line":24,"column":12}},"8":{"start":{"line":24,"column":12},"end":{"line":24,"column":null}},"9":{"start":{"line":25,"column":4},"end":{"line":25,"column":13}},"10":{"start":{"line":25,"column":13},"end":{"line":25,"column":null}},"11":{"start":{"line":26,"column":4},"end":{"line":26,"column":18}},"12":{"start":{"line":26,"column":18},"end":{"line":26,"column":null}},"13":{"start":{"line":28,"column":21},"end":{"line":28,"column":71}},"14":{"start":{"line":30,"column":4},"end":{"line":44,"column":6}},"15":{"start":{"line":47,"column":0},"end":{"line":47,"column":27}}},"fnMap":{"0":{"name":"(anonymous_1)","decl":{"start":{"line":21,"column":48},"end":{"line":21,"column":49}},"loc":{"start":{"line":27,"column":1},"end":{"line":45,"column":1}}}},"branchMap":{"0":{"loc":{"start":{"line":24,"column":12},"end":{"line":24,"column":null}},"type":"cond-expr","locations":[{"start":{"line":24,"column":15},"end":{"line":24,"column":25}},{"start":{"line":24,"column":25},"end":{"line":24,"column":null}}]},"1":{"loc":{"start":{"line":25,"column":13},"end":{"line":25,"column":null}},"type":"cond-expr","locations":[{"start":{"line":25,"column":16},"end":{"line":25,"column":37}},{"start":{"line":25,"column":37},"end":{"line":25,"column":null}}]},"2":{"loc":{"start":{"line":26,"column":18},"end":{"line":26,"column":null}},"type":"cond-expr","locations":[{"start":{"line":26,"column":21},"end":{"line":26,"column":23}},{"start":{"line":26,"column":23},"end":{"line":26,"column":null}}]},"3":{"loc":{"start":{"line":28,"column":21},"end":{"line":28,"column":71}},"type":"cond-expr","locations":[{"start":{"line":28,"column":38},"end":{"line":28,"column":59}},{"start":{"line":28,"column":62},"end":{"line":28,"column":71}}]}},"s":{"0":5,"1":5,"2":5,"3":5,"4":5,"5":25,"6":25,"7":25,"8":25,"9":25,"10":25,"11":25,"12":25,"13":25,"14":25,"15":5},"f":{"0":25},"b":{"0":[5,20],"1":[4,21],"2":[5,20],"3":[1,24]}}
,"C:\\Users\\nanai\\Desktop\\workspace\\workspace(nextjs)\\next-ts-intro-web-app\\src\\app\\components\\common\\notice\\Notification.tsx": {"path":"C:\\Users\\nanai\\Desktop\\workspace\\workspace(nextjs)\\next-ts-intro-web-app\\src\\app\\components\\common\\notice\\Notification.tsx","statementMap":{"0":{"start":{"line":1,"column":0},"end":{"line":1,"column":26}},"1":{"start":{"line":2,"column":0},"end":{"line":2,"column":60}},"2":{"start":{"line":3,"column":0},"end":{"line":3,"column":119}},"3":{"start":{"line":4,"column":0},"end":{"line":4,"column":74}},"4":{"start":{"line":5,"column":0},"end":{"line":5,"column":90}},"5":{"start":{"line":6,"column":0},"end":{"line":6,"column":70}},"6":{"start":{"line":21,"column":50},"end":{"line":50,"column":1}},"7":{"start":{"line":22,"column":4},"end":{"line":22,"column":13}},"8":{"start":{"line":22,"column":13},"end":{"line":22,"column":null}},"9":{"start":{"line":23,"column":4},"end":{"line":23,"column":15}},"10":{"start":{"line":23,"column":15},"end":{"line":23,"column":null}},"11":{"start":{"line":24,"column":4},"end":{"line":24,"column":11}},"12":{"start":{"line":24,"column":11},"end":{"line":24,"column":null}},"13":{"start":{"line":25,"column":11},"end":{"line":25,"column":null}},"14":{"start":{"line":26,"column":11},"end":{"line":26,"column":null}},"15":{"start":{"line":28,"column":4},"end":{"line":28,"column":33}},"16":{"start":{"line":30,"column":26},"end":{"line":30,"column":89}},"17":{"start":{"line":31,"column":26},"end":{"line":31,"column":84}},"18":{"start":{"line":32,"column":26},"end":{"line":32,"column":75}},"19":{"start":{"line":33,"column":4},"end":{"line":38,"column":null}},"20":{"start":{"line":34,"column":26},"end":{"line":34,"column":42}},"21":{"start":{"line":35,"column":8},"end":{"line":35,"column":52}},"22":{"start":{"line":36,"column":8},"end":{"line":36,"column":44}},"23":{"start":{"line":37,"column":8},"end":{"line":37,"column":79}},"24":{"start":{"line":40,"column":28},"end":{"line":40,"column":63}},"25":{"start":{"line":41,"column":25},"end":{"line":41,"column":66}},"26":{"start":{"line":43,"column":4},"end":{"line":43,"column":31}},"27":{"start":{"line":44,"column":4},"end":{"line":49,"column":6}},"28":{"start":{"line":52,"column":0},"end":{"line":52,"column":28}}},"fnMap":{"0":{"name":"(anonymous_1)","decl":{"start":{"line":21,"column":50},"end":{"line":21,"column":51}},"loc":{"start":{"line":27,"column":1},"end":{"line":50,"column":1}}}},"branchMap":{"0":{"loc":{"start":{"line":22,"column":13},"end":{"line":22,"column":null}},"type":"cond-expr","locations":[{"start":{"line":22,"column":16},"end":{"line":22,"column":21}},{"start":{"line":22,"column":21},"end":{"line":22,"column":null}}]},"1":{"loc":{"start":{"line":23,"column":15},"end":{"line":23,"column":null}},"type":"cond-expr","locations":[{"start":{"line":23,"column":18},"end":{"line":23,"column":23}},{"start":{"line":23,"column":23},"end":{"line":23,"column":null}}]},"2":{"loc":{"start":{"line":24,"column":11},"end":{"line":24,"column":null}},"type":"cond-expr","locations":[{"start":{"line":24,"column":14},"end":{"line":24,"column":28}},{"start":{"line":24,"column":28},"end":{"line":24,"column":null}}]},"3":{"loc":{"start":{"line":33,"column":4},"end":{"line":38,"column":null}},"type":"if","locations":[{"start":{"line":33,"column":4},"end":{"line":38,"column":null}}]},"4":{"loc":{"start":{"line":40,"column":28},"end":{"line":40,"column":63}},"type":"cond-expr","locations":[{"start":{"line":40,"column":40},"end":{"line":40,"column":49}},{"start":{"line":40,"column":52},"end":{"line":40,"column":63}}]},"5":{"loc":{"start":{"line":41,"column":25},"end":{"line":41,"column":66}},"type":"cond-expr","locations":[{"start":{"line":41,"column":39},"end":{"line":41,"column":50}},{"start":{"line":41,"column":53},"end":{"line":41,"column":66}}]}},"s":{"0":2,"1":2,"2":2,"3":2,"4":2,"5":2,"6":2,"7":8,"8":8,"9":8,"10":8,"11":8,"12":8,"13":8,"14":8,"15":8,"16":8,"17":8,"18":8,"19":8,"20":1,"21":1,"22":1,"23":1,"24":7,"25":7,"26":7,"27":7,"28":2},"f":{"0":8},"b":{"0":[2,6],"1":[2,6],"2":[2,6],"3":[1],"4":[5,2],"5":[1,6]}}
,"C:\\Users\\nanai\\Desktop\\workspace\\workspace(nextjs)\\next-ts-intro-web-app\\src\\app\\components\\common\\spinner\\LoadingSpinner.tsx": {"path":"C:\\Users\\nanai\\Desktop\\workspace\\workspace(nextjs)\\next-ts-intro-web-app\\src\\app\\components\\common\\spinner\\LoadingSpinner.tsx","statementMap":{"0":{"start":{"line":1,"column":0},"end":{"line":1,"column":26}},"1":{"start":{"line":12,"column":54},"end":{"line":24,"column":1}},"2":{"start":{"line":13,"column":2},"end":{"line":13,"column":11}},"3":{"start":{"line":13,"column":11},"end":{"line":13,"column":null}},"4":{"start":{"line":15,"column":26},"end":{"line":15,"column":61}},"5":{"start":{"line":17,"column":2},"end":{"line":23,"column":4}},"6":{"start":{"line":26,"column":0},"end":{"line":26,"column":30}}},"fnMap":{"0":{"name":"(anonymous_1)","decl":{"start":{"line":12,"column":54},"end":{"line":12,"column":55}},"loc":{"start":{"line":14,"column":1},"end":{"line":24,"column":1}}}},"branchMap":{"0":{"loc":{"start":{"line":13,"column":11},"end":{"line":13,"column":null}},"type":"cond-expr","locations":[{"start":{"line":13,"column":14},"end":{"line":13,"column":19}},{"start":{"line":13,"column":19},"end":{"line":13,"column":null}}]},"1":{"loc":{"start":{"line":15,"column":26},"end":{"line":15,"column":61}},"type":"cond-expr","locations":[{"start":{"line":15,"column":38},"end":{"line":15,"column":47}},{"start":{"line":15,"column":50},"end":{"line":15,"column":61}}]}},"s":{"0":2,"1":2,"2":5,"3":5,"4":5,"5":5,"6":2},"f":{"0":5},"b":{"0":[1,4],"1":[2,3]}}
,"C:\\Users\\nanai\\Desktop\\workspace\\workspace(nextjs)\\next-ts-intro-web-app\\src\\app\\components\\common\\title\\Title.tsx": {"path":"C:\\Users\\nanai\\Desktop\\workspace\\workspace(nextjs)\\next-ts-intro-web-app\\src\\app\\components\\common\\title\\Title.tsx","statementMap":{"0":{"start":{"line":1,"column":0},"end":{"line":1,"column":26}},"1":{"start":{"line":13,"column":14},"end":{"line":21,"column":1}},"2":{"start":{"line":14,"column":26},"end":{"line":14,"column":32}},"3":{"start":{"line":16,"column":4},"end":{"line":20,"column":6}},"4":{"start":{"line":23,"column":0},"end":{"line":23,"column":21}}},"fnMap":{"0":{"name":"(anonymous_1)","decl":{"start":{"line":13,"column":14},"end":{"line":13,"column":15}},"loc":{"start":{"line":13,"column":27},"end":{"line":21,"column":1}}}},"branchMap":{},"s":{"0":3,"1":3,"2":7,"3":7,"4":3},"f":{"0":7},"b":{}}
,"C:\\Users\\nanai\\Desktop\\workspace\\workspace(nextjs)\\next-ts-intro-web-app\\src\\app\\components\\contact\\Contact.tsx": {"path":"C:\\Users\\nanai\\Desktop\\workspace\\workspace(nextjs)\\next-ts-intro-web-app\\src\\app\\components\\contact\\Contact.tsx","statementMap":{"0":{"start":{"line":1,"column":0},"end":{"line":1,"column":26}},"1":{"start":{"line":2,"column":0},"end":{"line":2,"column":60}},"2":{"start":{"line":3,"column":0},"end":{"line":3,"column":115}},"3":{"start":{"line":4,"column":0},"end":{"line":4,"column":59}},"4":{"start":{"line":5,"column":0},"end":{"line":5,"column":74}},"5":{"start":{"line":6,"column":0},"end":{"line":6,"column":90}},"6":{"start":{"line":7,"column":0},"end":{"line":7,"column":70}},"7":{"start":{"line":8,"column":0},"end":{"line":8,"column":56}},"8":{"start":{"line":9,"column":0},"end":{"line":9,"column":63}},"9":{"start":{"line":15,"column":16},"end":{"line":61,"column":1}},"10":{"start":{"line":16,"column":4},"end":{"line":16,"column":28}},"11":{"start":{"line":19,"column":35},"end":{"line":19,"column":49}},"12":{"start":{"line":19,"column":21},"end":{"line":19,"column":23}},"13":{"start":{"line":19,"column":30},"end":{"line":19,"column":35}},"14":{"start":{"line":22,"column":5},"end":{"line":27,"column":null}},"15":{"start":{"line":23,"column":26},"end":{"line":23,"column":54}},"16":{"start":{"line":24,"column":8},"end":{"line":24,"column":47}},"17":{"start":{"line":25,"column":8},"end":{"line":25,"column":44}},"18":{"start":{"line":26,"column":8},"end":{"line":26,"column":75}},"19":{"start":{"line":28,"column":22},"end":{"line":31,"column":32}},"20":{"start":{"line":32,"column":26},"end":{"line":36,"column":83}},"21":{"start":{"line":37,"column":19},"end":{"line":37,"column":64}},"22":{"start":{"line":38,"column":4},"end":{"line":43,"column":null}},"23":{"start":{"line":39,"column":26},"end":{"line":39,"column":54}},"24":{"start":{"line":40,"column":8},"end":{"line":40,"column":47}},"25":{"start":{"line":41,"column":8},"end":{"line":41,"column":44}},"26":{"start":{"line":42,"column":8},"end":{"line":42,"column":76}},"27":{"start":{"line":45,"column":65},"end":{"line":45,"column":75}},"28":{"start":{"line":46,"column":4},"end":{"line":46,"column":26}},"29":{"start":{"line":47,"column":4},"end":{"line":60,"column":6}},"30":{"start":{"line":63,"column":0},"end":{"line":63,"column":23}}},"fnMap":{"0":{"name":"(anonymous_1)","decl":{"start":{"line":15,"column":16},"end":{"line":15,"column":null}},"loc":{"start":{"line":15,"column":16},"end":{"line":61,"column":1}}}},"branchMap":{"0":{"loc":{"start":{"line":22,"column":5},"end":{"line":27,"column":null}},"type":"if","locations":[{"start":{"line":22,"column":5},"end":{"line":27,"column":null}}]},"1":{"loc":{"start":{"line":22,"column":9},"end":{"line":22,"column":31}},"type":"binary-expr","locations":[{"start":{"line":22,"column":9},"end":{"line":22,"column":19}},{"start":{"line":22,"column":23},"end":{"line":22,"column":31}}]},"2":{"loc":{"start":{"line":33,"column":8},"end":{"line":33,"column":49}},"type":"cond-expr","locations":[{"start":{"line":33,"column":43},"end":{"line":33,"column":47}},{"start":{"line":33,"column":47},"end":{"line":33,"column":49}}]},"3":{"loc":{"start":{"line":33,"column":8},"end":{"line":33,"column":47}},"type":"binary-expr","locations":[{"start":{"line":33,"column":8},"end":{"line":33,"column":47}},{"start":{"line":33,"column":43},"end":{"line":33,"column":47}}]},"4":{"loc":{"start":{"line":34,"column":8},"end":{"line":34,"column":50}},"type":"cond-expr","locations":[{"start":{"line":34,"column":44},"end":{"line":34,"column":48}},{"start":{"line":34,"column":48},"end":{"line":34,"column":50}}]},"5":{"loc":{"start":{"line":34,"column":8},"end":{"line":34,"column":48}},"type":"binary-expr","locations":[{"start":{"line":34,"column":8},"end":{"line":34,"column":48}},{"start":{"line":34,"column":44},"end":{"line":34,"column":48}}]},"6":{"loc":{"start":{"line":35,"column":8},"end":{"line":35,"column":53}},"type":"cond-expr","locations":[{"start":{"line":35,"column":47},"end":{"line":35,"column":51}},{"start":{"line":35,"column":51},"end":{"line":35,"column":53}}]},"7":{"loc":{"start":{"line":35,"column":8},"end":{"line":35,"column":51}},"type":"binary-expr","locations":[{"start":{"line":35,"column":8},"end":{"line":35,"column":51}},{"start":{"line":35,"column":47},"end":{"line":35,"column":51}}]},"8":{"loc":{"start":{"line":36,"column":8},"end":{"line":36,"column":53}},"type":"cond-expr","locations":[{"start":{"line":36,"column":47},"end":{"line":36,"column":51}},{"start":{"line":36,"column":51},"end":{"line":36,"column":53}}]},"9":{"loc":{"start":{"line":36,"column":8},"end":{"line":36,"column":51}},"type":"binary-expr","locations":[{"start":{"line":36,"column":8},"end":{"line":36,"column":51}},{"start":{"line":36,"column":47},"end":{"line":36,"column":51}}]},"10":{"loc":{"start":{"line":38,"column":4},"end":{"line":43,"column":null}},"type":"if","locations":[{"start":{"line":38,"column":4},"end":{"line":43,"column":null}}]}},"s":{"0":1,"1":1,"2":1,"3":1,"4":1,"5":1,"6":1,"7":1,"8":1,"9":1,"10":6,"11":6,"12":6,"13":6,"14":6,"15":2,"16":2,"17":2,"18":2,"19":4,"20":4,"21":4,"22":4,"23":2,"24":2,"25":2,"26":2,"27":4,"28":2,"29":2,"30":1},"f":{"0":6},"b":{"0":[2],"1":[6,5],"2":[3,1],"3":[4,4],"4":[3,1],"5":[4,4],"6":[3,1],"7":[4,4],"8":[3,1],"9":[4,4],"10":[2]}}
,"C:\\Users\\nanai\\Desktop\\workspace\\workspace(nextjs)\\next-ts-intro-web-app\\src\\app\\components\\contact\\ContactForm.tsx": {"path":"C:\\Users\\nanai\\Desktop\\workspace\\workspace(nextjs)\\next-ts-intro-web-app\\src\\app\\components\\contact\\ContactForm.tsx","statementMap":{"0":{"start":{"line":1,"column":0},"end":{"line":1,"column":26}},"1":{"start":{"line":2,"column":0},"end":{"line":2,"column":60}},"2":{"start":{"line":4,"column":0},"end":{"line":4,"column":96}},"3":{"start":{"line":5,"column":0},"end":{"line":5,"column":69}},"4":{"start":{"line":6,"column":0},"end":{"line":6,"column":73}},"5":{"start":{"line":7,"column":0},"end":{"line":7,"column":74}},"6":{"start":{"line":8,"column":0},"end":{"line":8,"column":90}},"7":{"start":{"line":9,"column":0},"end":{"line":9,"column":70}},"8":{"start":{"line":10,"column":0},"end":{"line":10,"column":79}},"9":{"start":{"line":11,"column":0},"end":{"line":11,"column":71}},"10":{"start":{"line":12,"column":0},"end":{"line":12,"column":87}},"11":{"start":{"line":13,"column":0},"end":{"line":13,"column":73}},"12":{"start":{"line":21,"column":20},"end":{"line":21,"column":92}},"13":{"start":{"line":22,"column":20},"end":{"line":22,"column":148}},"14":{"start":{"line":28,"column":48},"end":{"line":119,"column":1}},"15":{"start":{"line":29,"column":15},"end":{"line":29,"column":null}},"16":{"start":{"line":31,"column":4},"end":{"line":31,"column":32}},"17":{"start":{"line":43,"column":9},"end":{"line":43,"column":26}},"18":{"start":{"line":35,"column":19},"end":{"line":35,"column":null}},"19":{"start":{"line":36,"column":20},"end":{"line":36,"column":null}},"20":{"start":{"line":37,"column":22},"end":{"line":37,"column":null}},"21":{"start":{"line":38,"column":24},"end":{"line":38,"column":null}},"22":{"start":{"line":39,"column":22},"end":{"line":39,"column":null}},"23":{"start":{"line":40,"column":23},"end":{"line":40,"column":null}},"24":{"start":{"line":41,"column":25},"end":{"line":41,"column":null}},"25":{"start":{"line":42,"column":20},"end":{"line":42,"column":null}},"26":{"start":{"line":46,"column":26},"end":{"line":50,"column":66}},"27":{"start":{"line":51,"column":19},"end":{"line":51,"column":53}},"28":{"start":{"line":52,"column":4},"end":{"line":57,"column":null}},"29":{"start":{"line":53,"column":26},"end":{"line":53,"column":42}},"30":{"start":{"line":54,"column":8},"end":{"line":54,"column":51}},"31":{"start":{"line":55,"column":8},"end":{"line":55,"column":44}},"32":{"start":{"line":56,"column":8},"end":{"line":56,"column":79}},"33":{"start":{"line":59,"column":4},"end":{"line":59,"column":30}},"34":{"start":{"line":60,"column":4},"end":{"line":118,"column":6}},"35":{"start":{"line":78,"column":41},"end":{"line":78,"column":null}},"36":{"start":{"line":94,"column":41},"end":{"line":94,"column":null}},"37":{"start":{"line":108,"column":41},"end":{"line":108,"column":null}},"38":{"start":{"line":121,"column":0},"end":{"line":121,"column":27}}},"fnMap":{"0":{"name":"(anonymous_1)","decl":{"start":{"line":28,"column":48},"end":{"line":28,"column":49}},"loc":{"start":{"line":30,"column":1},"end":{"line":119,"column":1}}},"1":{"name":"(anonymous_2)","decl":{"start":{"line":78,"column":34},"end":{"line":78,"column":35}},"loc":{"start":{"line":78,"column":36},"end":{"line":78,"column":58}}},"2":{"name":"(anonymous_3)","decl":{"start":{"line":94,"column":34},"end":{"line":94,"column":35}},"loc":{"start":{"line":94,"column":36},"end":{"line":94,"column":58}}},"3":{"name":"(anonymous_4)","decl":{"start":{"line":108,"column":34},"end":{"line":108,"column":35}},"loc":{"start":{"line":108,"column":36},"end":{"line":108,"column":58}}}},"branchMap":{"0":{"loc":{"start":{"line":52,"column":4},"end":{"line":57,"column":null}},"type":"if","locations":[{"start":{"line":52,"column":4},"end":{"line":57,"column":null}}]}},"s":{"0":2,"1":2,"2":2,"3":2,"4":2,"5":2,"6":2,"7":2,"8":2,"9":2,"10":2,"11":2,"12":2,"13":2,"14":2,"15":42,"16":42,"17":42,"18":42,"19":42,"20":42,"21":42,"22":42,"23":42,"24":42,"25":42,"26":42,"27":42,"28":42,"29":4,"30":4,"31":4,"32":4,"33":38,"34":38,"35":7,"36":6,"37":5,"38":2},"f":{"0":42,"1":7,"2":6,"3":5},"b":{"0":[4]}}
,"C:\\Users\\nanai\\Desktop\\workspace\\workspace(nextjs)\\next-ts-intro-web-app\\src\\app\\components\\contact\\input\\ContactButton.tsx": {"path":"C:\\Users\\nanai\\Desktop\\workspace\\workspace(nextjs)\\next-ts-intro-web-app\\src\\app\\components\\contact\\input\\ContactButton.tsx","statementMap":{"0":{"start":{"line":1,"column":0},"end":{"line":1,"column":26}},"1":{"start":{"line":2,"column":0},"end":{"line":2,"column":60}},"2":{"start":{"line":3,"column":0},"end":{"line":3,"column":96}},"3":{"start":{"line":4,"column":0},"end":{"line":4,"column":74}},"4":{"start":{"line":5,"column":0},"end":{"line":5,"column":90}},"5":{"start":{"line":6,"column":0},"end":{"line":6,"column":70}},"6":{"start":{"line":23,"column":52},"end":{"line":52,"column":1}},"7":{"start":{"line":24,"column":4},"end":{"line":24,"column":11}},"8":{"start":{"line":24,"column":11},"end":{"line":24,"column":null}},"9":{"start":{"line":25,"column":11},"end":{"line":25,"column":null}},"10":{"start":{"line":26,"column":4},"end":{"line":26,"column":13}},"11":{"start":{"line":26,"column":13},"end":{"line":26,"column":null}},"12":{"start":{"line":27,"column":4},"end":{"line":27,"column":11}},"13":{"start":{"line":27,"column":11},"end":{"line":27,"column":null}},"14":{"start":{"line":28,"column":13},"end":{"line":28,"column":null}},"15":{"start":{"line":30,"column":2},"end":{"line":30,"column":32}},"16":{"start":{"line":33,"column":24},"end":{"line":33,"column":82}},"17":{"start":{"line":34,"column":24},"end":{"line":34,"column":58}},"18":{"start":{"line":35,"column":2},"end":{"line":40,"column":null}},"19":{"start":{"line":36,"column":22},"end":{"line":36,"column":38}},"20":{"start":{"line":37,"column":4},"end":{"line":37,"column":49}},"21":{"start":{"line":38,"column":4},"end":{"line":38,"column":40}},"22":{"start":{"line":39,"column":4},"end":{"line":39,"column":75}},"23":{"start":{"line":42,"column":2},"end":{"line":42,"column":30}},"24":{"start":{"line":43,"column":2},"end":{"line":51,"column":4}},"25":{"start":{"line":54,"column":0},"end":{"line":54,"column":29}}},"fnMap":{"0":{"name":"defaultHandler","decl":{"start":{"line":17,"column":9},"end":{"line":17,"column":23}},"loc":{"start":{"line":17,"column":23},"end":{"line":17,"column":28}}},"1":{"name":"(anonymous_2)","decl":{"start":{"line":23,"column":52},"end":{"line":23,"column":53}},"loc":{"start":{"line":29,"column":1},"end":{"line":52,"column":1}}}},"branchMap":{"0":{"loc":{"start":{"line":24,"column":11},"end":{"line":24,"column":null}},"type":"cond-expr","locations":[{"start":{"line":24,"column":14},"end":{"line":24,"column":22}},{"start":{"line":24,"column":22},"end":{"line":24,"column":null}}]},"1":{"loc":{"start":{"line":26,"column":13},"end":{"line":26,"column":null}},"type":"cond-expr","locations":[{"start":{"line":26,"column":16},"end":{"line":26,"column":18}},{"start":{"line":26,"column":18},"end":{"line":26,"column":null}}]},"2":{"loc":{"start":{"line":27,"column":11},"end":{"line":27,"column":null}},"type":"cond-expr","locations":[{"start":{"line":27,"column":14},"end":{"line":27,"column":28}},{"start":{"line":27,"column":28},"end":{"line":27,"column":null}}]},"3":{"loc":{"start":{"line":35,"column":2},"end":{"line":40,"column":null}},"type":"if","locations":[{"start":{"line":35,"column":2},"end":{"line":40,"column":null}}]},"4":{"loc":{"start":{"line":48,"column":20},"end":{"line":48,"column":40}},"type":"binary-expr","locations":[{"start":{"line":48,"column":20},"end":{"line":48,"column":29}},{"start":{"line":48,"column":33},"end":{"line":48,"column":40}}]}},"s":{"0":3,"1":3,"2":3,"3":3,"4":3,"5":3,"6":3,"7":46,"8":46,"9":46,"10":46,"11":46,"12":46,"13":46,"14":46,"15":46,"16":46,"17":46,"18":46,"19":1,"20":1,"21":1,"22":1,"23":45,"24":45,"25":3},"f":{"0":7,"1":46},"b":{"0":[39,7],"1":[7,39],"2":[45,1],"3":[1],"4":[45,44]}}
,"C:\\Users\\nanai\\Desktop\\workspace\\workspace(nextjs)\\next-ts-intro-web-app\\src\\app\\components\\contact\\input\\ContactFreeTextInput.tsx": {"path":"C:\\Users\\nanai\\Desktop\\workspace\\workspace(nextjs)\\next-ts-intro-web-app\\src\\app\\components\\contact\\input\\ContactFreeTextInput.tsx","statementMap":{"0":{"start":{"line":1,"column":0},"end":{"line":1,"column":43}},"1":{"start":{"line":2,"column":0},"end":{"line":2,"column":60}},"2":{"start":{"line":3,"column":0},"end":{"line":3,"column":119}},"3":{"start":{"line":4,"column":0},"end":{"line":4,"column":74}},"4":{"start":{"line":5,"column":0},"end":{"line":5,"column":90}},"5":{"start":{"line":6,"column":0},"end":{"line":6,"column":70}},"6":{"start":{"line":24,"column":66},"end":{"line":61,"column":1}},"7":{"start":{"line":25,"column":11},"end":{"line":25,"column":null}},"8":{"start":{"line":26,"column":13},"end":{"line":26,"column":null}},"9":{"start":{"line":27,"column":14},"end":{"line":27,"column":null}},"10":{"start":{"line":28,"column":14},"end":{"line":28,"column":null}},"11":{"start":{"line":29,"column":4},"end":{"line":29,"column":14}},"12":{"start":{"line":29,"column":14},"end":{"line":29,"column":null}},"13":{"start":{"line":30,"column":4},"end":{"line":30,"column":8}},"14":{"start":{"line":30,"column":8},"end":{"line":30,"column":null}},"15":{"start":{"line":31,"column":12},"end":{"line":31,"column":null}},"16":{"start":{"line":32,"column":9},"end":{"line":32,"column":null}},"17":{"start":{"line":34,"column":4},"end":{"line":34,"column":41}},"18":{"start":{"line":37,"column":26},"end":{"line":37,"column":90}},"19":{"start":{"line":38,"column":26},"end":{"line":38,"column":107}},"20":{"start":{"line":39,"column":26},"end":{"line":39,"column":75}},"21":{"start":{"line":40,"column":4},"end":{"line":45,"column":null}},"22":{"start":{"line":41,"column":26},"end":{"line":41,"column":42}},"23":{"start":{"line":42,"column":8},"end":{"line":42,"column":60}},"24":{"start":{"line":43,"column":8},"end":{"line":43,"column":44}},"25":{"start":{"line":44,"column":8},"end":{"line":44,"column":79}},"26":{"start":{"line":47,"column":4},"end":{"line":47,"column":39}},"27":{"start":{"line":48,"column":4},"end":{"line":60,"column":6}},"28":{"start":{"line":63,"column":0},"end":{"line":63,"column":36}}},"fnMap":{"0":{"name":"(anonymous_1)","decl":{"start":{"line":24,"column":66},"end":{"line":24,"column":67}},"loc":{"start":{"line":33,"column":1},"end":{"line":61,"column":1}}}},"branchMap":{"0":{"loc":{"start":{"line":29,"column":14},"end":{"line":29,"column":null}},"type":"cond-expr","locations":[{"start":{"line":29,"column":17},"end":{"line":29,"column":31}},{"start":{"line":29,"column":31},"end":{"line":29,"column":null}}]},"1":{"loc":{"start":{"line":30,"column":8},"end":{"line":30,"column":null}},"type":"cond-expr","locations":[{"start":{"line":30,"column":11},"end":{"line":30,"column":12}},{"start":{"line":30,"column":12},"end":{"line":30,"column":null}}]},"2":{"loc":{"start":{"line":40,"column":4},"end":{"line":45,"column":null}},"type":"if","locations":[{"start":{"line":40,"column":4},"end":{"line":45,"column":null}}]},"3":{"loc":{"start":{"line":57,"column":34},"end":{"line":57,"column":72}},"type":"cond-expr","locations":[{"start":{"line":57,"column":42},"end":{"line":57,"column":60}},{"start":{"line":57,"column":63},"end":{"line":57,"column":72}}]},"4":{"loc":{"start":{"line":58,"column":73},"end":{"line":58,"column":90}},"type":"binary-expr","locations":[{"start":{"line":58,"column":73},"end":{"line":58,"column":78}},{"start":{"line":58,"column":82},"end":{"line":58,"column":90}}]}},"s":{"0":3,"1":3,"2":3,"3":3,"4":3,"5":3,"6":3,"7":46,"8":46,"9":46,"10":46,"11":46,"12":46,"13":46,"14":46,"15":46,"16":46,"17":46,"18":46,"19":46,"20":46,"21":46,"22":3,"23":3,"24":3,"25":3,"26":43,"27":43,"28":3},"f":{"0":46},"b":{"0":[39,7],"1":[38,8],"2":[3],"3":[5,38],"4":[43,38]}}
,"C:\\Users\\nanai\\Desktop\\workspace\\workspace(nextjs)\\next-ts-intro-web-app\\src\\app\\components\\contact\\input\\ContactInput.tsx": {"path":"C:\\Users\\nanai\\Desktop\\workspace\\workspace(nextjs)\\next-ts-intro-web-app\\src\\app\\components\\contact\\input\\ContactInput.tsx","statementMap":{"0":{"start":{"line":1,"column":0},"end":{"line":1,"column":26}},"1":{"start":{"line":2,"column":0},"end":{"line":2,"column":60}},"2":{"start":{"line":3,"column":0},"end":{"line":3,"column":96}},"3":{"start":{"line":4,"column":0},"end":{"line":4,"column":74}},"4":{"start":{"line":5,"column":0},"end":{"line":5,"column":90}},"5":{"start":{"line":6,"column":0},"end":{"line":6,"column":70}},"6":{"start":{"line":22,"column":50},"end":{"line":61,"column":1}},"7":{"start":{"line":23,"column":11},"end":{"line":23,"column":null}},"8":{"start":{"line":24,"column":13},"end":{"line":24,"column":null}},"9":{"start":{"line":25,"column":14},"end":{"line":25,"column":null}},"10":{"start":{"line":26,"column":4},"end":{"line":26,"column":16}},"11":{"start":{"line":26,"column":16},"end":{"line":26,"column":null}},"12":{"start":{"line":27,"column":4},"end":{"line":27,"column":14}},"13":{"start":{"line":27,"column":14},"end":{"line":27,"column":null}},"14":{"start":{"line":28,"column":12},"end":{"line":28,"column":null}},"15":{"start":{"line":30,"column":4},"end":{"line":30,"column":33}},"16":{"start":{"line":33,"column":26},"end":{"line":33,"column":107}},"17":{"start":{"line":34,"column":26},"end":{"line":34,"column":60}},"18":{"start":{"line":35,"column":4},"end":{"line":40,"column":null}},"19":{"start":{"line":36,"column":26},"end":{"line":36,"column":42}},"20":{"start":{"line":37,"column":8},"end":{"line":37,"column":52}},"21":{"start":{"line":38,"column":8},"end":{"line":38,"column":44}},"22":{"start":{"line":39,"column":8},"end":{"line":39,"column":79}},"23":{"start":{"line":42,"column":4},"end":{"line":42,"column":31}},"24":{"start":{"line":43,"column":4},"end":{"line":60,"column":6}},"25":{"start":{"line":63,"column":0},"end":{"line":63,"column":28}}},"fnMap":{"0":{"name":"(anonymous_1)","decl":{"start":{"line":22,"column":50},"end":{"line":22,"column":51}},"loc":{"start":{"line":29,"column":1},"end":{"line":61,"column":1}}}},"branchMap":{"0":{"loc":{"start":{"line":26,"column":16},"end":{"line":26,"column":null}},"type":"cond-expr","locations":[{"start":{"line":26,"column":19},"end":{"line":26,"column":33}},{"start":{"line":26,"column":33},"end":{"line":26,"column":null}}]},"1":{"loc":{"start":{"line":27,"column":14},"end":{"line":27,"column":null}},"type":"cond-expr","locations":[{"start":{"line":27,"column":17},"end":{"line":27,"column":22}},{"start":{"line":27,"column":22},"end":{"line":27,"column":null}}]},"2":{"loc":{"start":{"line":35,"column":4},"end":{"line":40,"column":null}},"type":"if","locations":[{"start":{"line":35,"column":4},"end":{"line":40,"column":null}}]},"3":{"loc":{"start":{"line":51,"column":25},"end":{"line":51,"column":88}},"type":"binary-expr","locations":[{"start":{"line":51,"column":25},"end":{"line":51,"column":35}},{"start":{"line":51,"column":39},"end":{"line":51,"column":88}}]}},"s":{"0":3,"1":3,"2":3,"3":3,"4":3,"5":3,"6":3,"7":123,"8":123,"9":123,"10":123,"11":123,"12":123,"13":123,"14":123,"15":123,"16":123,"17":123,"18":123,"19":3,"20":3,"21":3,"22":3,"23":120,"24":120,"25":3},"f":{"0":123},"b":{"0":[118,5],"1":[
[...]
,"C:\\Users\\nanai\\Desktop\\workspace\\workspace(nextjs)\\next-ts-intro-web-app\\src\\app\\shared\\constants\\constants.ts": {"path":"C:\\Users\\nanai\\Desktop\\workspace\\workspace(nextjs)\\next-ts-intro-web-app\\src\\app\\shared\\constants\\constants.ts","statementMap":{"0":{"start":{"line":5,"column":13},"end":{"line":21,"column":2}}},"fnMap":{},"branchMap":{},"s":{"0":38},"f":{},"b":{}}
,"C:\\Users\\nanai\\Desktop\\workspace\\workspace(nextjs)\\next-ts-intro-web-app\\src\\app\\shared\\helper\\googleCloudLogger.ts": {"path":"C:\\Users\\nanai\\Desktop\\workspace\\workspace(nextjs)\\next-ts-intro-web-app\\src\\app\\shared\\helper\\googleCloudLogger.ts","statementMap":{"0":{"start":{"line":10,"column":29},"end":{"line":46,"column":null}},"1":{"start":{"line":10,"column":52},"end":{"line":10,"column":null}},"2":{"start":{"line":11,"column":8},"end":{"line":11,"column":86}},"3":{"start":{"line":12,"column":8},"end":{"line":12,"column":76}},"4":{"start":{"line":14,"column":8},"end":{"line":17,"column":4}},"5":{"start":{"line":20,"column":2},"end":{"line":22,"column":null}},"6":{"start":{"line":21,"column":4},"end":{"line":21,"column":12}},"7":{"start":{"line":24,"column":2},"end":{"line":27,"column":null}},"8":{"start":{"line":25,"column":4},"end":{"line":25,"column":75}},"9":{"start":{"line":26,"column":4},"end":{"line":26,"column":11}},"10":{"start":{"line":30,"column":21},"end":{"line":36,"column":null}},"11":{"start":{"line":30,"column":10},"end":{"line":36,"column":null}},"12":{"start":{"line":38,"column":4},"end":{"line":42,"column":null}},"13":{"start":{"line":39,"column":6},"end":{"line":39,"column":55}},"14":{"start":{"line":41,"column":6},"end":{"line":41,"column":51}},"15":{"start":{"line":44,"column":4},"end":{"line":44,"column":57}},"16":{"start":{"line":10,"column":13},"end":{"line":10,"column":29}}},"fnMap":{"0":{"name":"(anonymous_13)","decl":{"start":{"line":10,"column":29},"end":{"line":10,"column":36}},"loc":{"start":{"line":10,"column":97},"end":{"line":46,"column":null}}}},"branchMap":{"0":{"loc":{"start":{"line":10,"column":52},"end":{"line":10,"column":null}},"type":"if","locations":[{"start":{"line":10,"column":52},"end":{"line":10,"column":null}}]},"1":{"loc":{"start":{"line":11,"column":26},"end":{"line":11,"column":85}},"type":"binary-expr","locations":[{"start":{"line":11,"column":26},"end":{"line":11,"column":46}},{"start":{"line":11,"column":73},"end":{"line":11,"column":85}}]},"2":{"loc":{"start":{"line":12,"column":26},"end":{"line":12,"column":75}},"type":"binary-expr","locations":[{"start":{"line":12,"column":26},"end":{"line":12,"column":69}},{"start":{"line":12,"column":73},"end":{"line":12,"column":75}}]},"3":{"loc":{"start":{"line":20,"column":2},"end":{"line":22,"column":null}},"type":"if","locations":[{"start":{"line":20,"column":2},"end":{"line":22,"column":null}}]},"4":{"loc":{"start":{"line":24,"column":2},"end":{"line":27,"column":null}},"type":"if","locations":[{"start":{"line":24,"column":2},"end":{"line":27,"column":null}}]},"5":{"loc":{"start":{"line":38,"column":4},"end":{"line":42,"column":null}},"type":"if","locations":[{"start":{"line":38,"column":4},"end":{"line":42,"column":null}},{"start":{"line":40,"column":11},"end":{"line":42,"column":null}}]}},"s":{"0":38,"1":71,"2":71,"3":71,"4":71,"5":71,"6":0,"7":71,"8":71,"9":71,"10":0,"11":0,"12":0,"13":0,"14":0,"15":0,"16":38},"f":{"0":71},"b":{"0":[0],"1":[71,0],"2":[71,71],"3":[0],"4":[71],"5":[0,0]}}
,"C:\\Users\\nanai\\Desktop\\workspace\\workspace(nextjs)\\next-ts-intro-web-app\\src\\app\\shared\\utils\\formUtilities.ts": {"path":"C:\\Users\\nanai\\Desktop\\workspace\\workspace(nextjs)\\next-ts-intro-web-app\\src\\app\\shared\\utils\\formUtilities.ts","statementMap":{"0":{"start":{"line":8,"column":33},"end":{"line":10,"column":1}},"1":{"start":{"line":9,"column":4},"end":{"line":9,"column":27}},"2":{"start":{"line":8,"column":13},"end":{"line":8,"column":33}}},"fnMap":{"0":{"name":"(anonymous_0)","decl":{"start":{"line":8,"column":33},"end":{"line":8,"column":34}},"loc":{"start":{"line":8,"column":106},"end":{"line":10,"column":1}}}},"branchMap":{},"s":{"0":2,"1":18,"2":2},"f":{"0":18},"b":{}}
,"C:\\Users\\nanai\\Desktop\\workspace\\workspace(nextjs)\\next-ts-intro-web-app\\src\\app\\shared\\utils\\logUtilities.ts": {"path":"C:\\Users\\nanai\\Desktop\\workspace\\workspace(nextjs)\\next-ts-intro-web-app\\src\\app\\shared\\utils\\logUtilities.ts","statementMap":{"0":{"start":{"line":8,"column":32},"end":{"line":10,"column":1}},"1":{"start":{"line":9,"column":4},"end":{"line":9,"column":66}},"2":{"start":{"line":8,"column":13},"end":{"line":8,"column":32}},"3":{"start":{"line":18,"column":27},"end":{"line":24,"column":1}},"4":{"start":{"line":18,"column":82},"end":{"line":18,"column":106}},"5":{"start":{"line":19,"column":16},"end":{"line":19,"column":52}},"6":{"start":{"line":20,"column":4},"end":{"line":23,"column":null}},"7":{"start":{"line":21,"column":30},"end":{"line":21,"column":57}},"8":{"start":{"line":22,"column":8},"end":{"line":22,"column":82}},"9":{"start":{"line":18,"column":13},"end":{"line":18,"column":27}},"10":{"start":{"line":33,"column":25},"end":{"line":42,"column":1}},"11":{"start":{"line":33,"column":104},"end":{"line":33,"column":128}},"12":{"start":{"line":34,"column":26},"end":{"line":34,"column":53}},"13":{"start":{"line":35,"column":25},"end":{"line":35,"column":58}},"14":{"start":{"line":37,"column":4},"end":{"line":41,"column":null}},"15":{"start":{"line":38,"column":8},"end":{"line":38,"column":91}},"16":{"start":{"line":40,"column":8},"end":{"line":40,"column":89}},"17":{"start":{"line":33,"column":13},"end":{"line":33,"column":25}},"18":{"start":{"line":48,"column":30},"end":{"line":50,"column":1}},"19":{"start":{"line":49,"column":4},"end":{"line":49,"column":39}},"20":{"start":{"line":48,"column":13},"end":{"line":48,"column":30}},"21":{"start":{"line":56,"column":28},"end":{"line":58,"column":1}},"22":{"start":{"line":57,"column":4},"end":{"line":57,"column":35}},"23":{"start":{"line":56,"column":13},"end":{"line":56,"column":28}}},"fnMap":{"0":{"name":"(anonymous_1)","decl":{"start":{"line":8,"column":32},"end":{"line":8,"column":33}},"loc":{"start":{"line":8,"column":68},"end":{"line":10,"column":1}}},"1":{"name":"(anonymous_2)","decl":{"start":{"line":18,"column":27},"end":{"line":18,"column":28}},"loc":{"start":{"line":18,"column":80},"end":{"line":24,"column":1}}},"2":{"name":"(anonymous_3)","decl":{"start":{"line":33,"column":25},"end":{"line":33,"column":26}},"loc":{"start":{"line":33,"column":102},"end":{"line":42,"column":1}}},"3":{"name":"(anonymous_4)","decl":{"start":{"line":48,"column":30},"end":{"line":48,"column":31}},"loc":{"start":{"line":48,"column":66},"end":{"line":50,"column":1}}},"4":{"name":"(anonymous_5)","decl":{"start":{"line":56,"column":28},"end":{"line":56,"column":29}},"loc":{"start":{"line":56,"column":64},"end":{"line":58,"column":1}}}},"branchMap":{"0":{"loc":{"start":{"line":9,"column":12},"end":{"line":9,"column":64}},"type":"binary-expr","locations":[{"start":{"line":9,"column":12},"end":{"line":9,"column":33}},{"start":{"line":9,"column":37},"end":{"line":9,"column":51}},{"start":{"line":9,"column":55},"end":{"line":9,"column":64}}]},"1":{"loc":{"start":{"line":19,"column":16},"end":{"line":19,"column":52}},"type":"binary-expr","locations":[{"start":{"line":19,"column":16},"end":{"line":19,"column":36}},{"start":{"line":19,"column":40},"end":{"line":19,"column":52}}]},"2":{"loc":{"start":{"line":20,"column":4},"end":{"line":23,"column":null}},"type":"if","locations":[{"start":{"line":20,"column":4},"end":{"line":23,"column":null}}]},"3":{"loc":{"start":{"line":35,"column":25},"end":{"line":35,"column":58}},"type":"cond-expr","locations":[{"start":{"line":35,"column":43},"end":{"line":35,"column":50}},{"start":{"line":35,"column":53},"end":{"line":35,"column":58}}]},"4":{"loc":{"start":{"line":37,"column":4},"end":{"line":41,"column":null}},"type":"if","locations":[{"start":{"line":37,"column":4},"end":{"line":41,"column":null}},{"start":{"line":39,"column":11},"end":{"line":41,"column":null}}]}},"s":{"0":41,"1":71,"2":41,"3":41,"4":2684,"5":1342,"6":1342,"7":0,"8":0,"9":41,"10":41,"11":142,"12":71,"13":71,"14":71,"15":71,"16":0,"17":41,"18":41,"19":700,"20":41,"21":41,"22":642,"23":41},"f":{"0":71,"1":1342,"2":71,"3":700,"4":642},"b":{"0":[71,71,0],"1":[1342,0],"2":[0],"3":[71,0],"4":[71,0]}}
,"C:\\Users\\nanai\\Desktop\\workspace\\workspace(nextjs)\\next-ts-intro-web-app\\src\\app\\shared\\utils\\utilities.ts": {"path":"C:\\Users\\nanai\\Desktop\\workspace\\workspace(nextjs)\\next-ts-intro-web-app\\src\\app\\shared\\utils\\utilities.ts","statementMap":{"0":{"start":{"line":6,"column":25},"end":{"line":9,"column":1}},"1":{"start":{"line":7,"column":16},"end":{"line":7,"column":52}},"2":{"start":{"line":8,"column":4},"end":{"line":8,"column":35}},"3":{"start":{"line":6,"column":13},"end":{"line":6,"column":25}}},"fnMap":{"0":{"name":"(anonymous_0)","decl":{"start":{"line":6,"column":25},"end":{"line":6,"column":null}},"loc":{"start":{"line":6,"column":25},"end":{"line":9,"column":1}}}},"branchMap":{"0":{"loc":{"start":{"line":7,"column":16},"end":{"line":7,"column":52}},"type":"binary-expr","locations":[{"start":{"line":7,"column":16},"end":{"line":7,"column":36}},{"start":{"line":7,"column":40},"end":{"line":7,"column":52}}]}},"s":{"0":5,"1":4,"2":4,"3":5},"f":{"0":4},"b":{"0":[4,0]}}
,"C:\\Users\\nanai\\Desktop\\workspace\\workspace(nextjs)\\next-ts-intro-web-app\\src\\app\\shared\\utils\\validateUtilities.ts": {"path":"C:\\Users\\nanai\\Desktop\\workspace\\workspace(nextjs)\\next-ts-intro-web-app\\src\\app\\shared\\utils\\validateUtilities.ts","statementMap":{"0":{"start":{"line":8,"column":29},"end":{"line":10,"column":1}},"1":{"start":{"line":9,"column":4},"end":{"line":9,"column":59}},"2":{"start":{"line":8,"column":13},"end":{"line":8,"column":29}},"3":{"start":{"line":17,"column":28},"end":{"line":20,"column":1}},"4":{"start":{"line":18,"column":23},"end":{"line":18,"column":72}},"5":{"start":{"line":19,"column":4},"end":{"line":19,"column":34}},"6":{"start":{"line":17,"column":13},"end":{"line":17,"column":28}},"7":{"start":{"line":27,"column":40},"end":{"line":31,"column":1}},"8":{"start":{"line":29,"column":30},"end":{"line":29,"column":65}},"9":{"start":{"line":30,"column":4},"end":{"line":30,"column":41}},"10":{"start":{"line":27,"column":13},"end":{"line":27,"column":40}},"11":{"start":{"line":39,"column":35},"end":{"line":46,"column":1}},"12":{"start":{"line":40,"column":4},"end":{"line":44,"column":null}},"13":{"start":{"line":40,"column":23},"end":{"line":40,"column":28}},"14":{"start":{"line":40,"column":19},"end":{"line":40,"column":23}},"15":{"start":{"line":41,"column":8},"end":{"line":43,"column":null}},"16":{"start":{"line":42,"column":8},"end":{"line":42,"column":28}},"17":{"start":{"line":45,"column":4},"end":{"line":45,"column":16}},"18":{"start":{"line":39,"column":13},"end":{"line":39,"column":35}},"19":{"start":{"line":54,"column":35},"end":{"line":61,"column":1}},"20":{"start":{"line":55,"column":4},"end":{"line":59,"column":null}},"21":{"start":{"line":55,"column":23},"end":{"line":55,"column":28}},"22":{"start":{"line":55,"column":19},"end":{"line":55,"column":23}},"23":{"start":{"line":56,"column":6},"end":{"line":58,"column":null}},"24":{"start":{"line":57,"column":8},"end":{"line":57,"column":28}},"25":{"start":{"line":60,"column":4},"end":{"line":60,"column":16}},"26":{"start":{"line":54,"column":13},"end":{"line":54,"column":35}},"27":{"start":{"line":69,"column":37},"end":{"line":76,"column":1}},"28":{"start":{"line":70,"column":4},"end":{"line":74,"column":null}},"29":{"start":{"line":70,"column":23},"end":{"line":70,"column":28}},"30":{"start":{"line":70,"column":19},"end":{"line":70,"column":23}},"31":{"start":{"line":71,"column":6},"end":{"line":73,"column":null}},"32":{"start":{"line":72,"column":8},"end":{"line":72,"column":28}},"33":{"start":{"line":75,"column":4},"end":{"line":75,"column":16}},"34":{"start":{"line":69,"column":13},"end":{"line":69,"column":37}},"35":{"start":{"line":84,"column":33},"end":{"line":91,"column":1}},"36":{"start":{"line":85,"column":2},"end":{"line":89,"column":null}},"37":{"start":{"line":85,"column":20},"end":{"line":85,"column":24}},"38":{"start":{"line":85,"column":16},"end":{"line":85,"column":20}},"39":{"start":{"line":86,"column":6},"end":{"line":88,"column":null}},"40":{"start":{"line":87,"column":8},"end":{"line":87,"column":28}},"41":{"start":{"line":90,"column":2},"end":{"line":90,"column":14}},"42":{"start":{"line":84,"column":13},"end":{"line":84,"column":33}},"43":{"start":{"line":99,"column":35},"end":{"line":106,"column":1}},"44":{"start":{"line":100,"column":2},"end":{"line":104,"column":null}},"45":{"start":{"line":100,"column":20},"end":{"line":100,"column":24}},"46":{"start":{"line":100,"column":16},"end":{"line":100,"column":20}},"47":{"start":{"line":101,"column":6},"end":{"line":103,"column":null}},"48":{"start":{"line":102,"column":8},"end":{"line":102,"column":28}},"49":{"start":{"line":105,"column":2},"end":{"line":105,"column":14}},"50":{"start":{"line":99,"column":13},"end":{"line":99,"column":35}},"51":{"start":{"line":114,"column":32},"end":{"line":121,"column":1}},"52":{"start":{"line":115,"column":2},"end":{"line":119,"column":null}},"53":{"start":{"line":115,"column":20},"end":{"line":115,"column":27}},"54":{"start":{"line":115,"column":16},"end":{"line":115,"column":20}},"55":{"start":{"line":116,"column":6},"end":{"line":118,"column":null}},"56":{"start":{"line":117,"column":8},"end":{"line":117,"column":28}},"57":{"start":{"line":120,"column":2},"end":{"line":120,"column":14}},"58":{"start":{"line":114,"column":13},"end":{"line":114,"column":32}},"59":{"start":{"line":128,"column":35},"end":{"line":131,"column":1}},"60":{"start":{"line":129,"column":25},"end":{"line":129,"column":94}},"61":{"start":{"line":129,"column":47},"end":{"line":129,"column":94}},"62":{"start":{"line":130,"column":2},"end":{"line":130,"column":84}},"63":{"start":{"line":128,"column":13},"end":{"line":128,"column":35}}},"fnMap":{"0":{"name":"(anonymous_0)","decl":{"start":{"line":8,"column":29},"end":{"line":8,"column":30}},"loc":{"start":{"line":8,"column":60},"end":{"line":10,"column":1}}},"1":{"name":"(anonymous_1)","decl":{"start":{"line":17,"column":28},"end":{"line":17,"column":29}},"loc":{"start":{"line":17,"column":42},"end":{"line":20,"column":1}}},"2":{"name":"(anonymous_2)","decl":{"start":{"line":27,"column":40},"end":{"line":27,"column":41}},"loc":{"start":{"line":27,"column":53},"end":{"line":31,"column":1}}},"3":{"name":"(anonymous_3)","decl":{"start":{"line":39,"column":35},"end":{"line":39,"column":36}},"loc":{"start":{"line":39,"column":73},"end":{"line":46,"column":1}}},"4":{"name":"(anonymous_4)","decl":{"start":{"line":54,"column":35},"end":{"line":54,"column":36}},"loc":{"start":{"line":54,"column":87},"end":{"line":61,"column":1}}},"5":{"name":"(anonymous_5)","decl":{"start":{"line":69,"column":37},"end":{"line":69,"column":38}},"loc":{"start":{"line":69,"column":111},"end":{"line":76,"column":1}}},"6":{"name":"(anonymous_6)","decl":{"start":{"line":84,"column":33},"end":{"line":84,"column":34}},"loc":{"start":{"line":84,"column":67},"end":{"line":91,"column":1}}},"7":{"name":"(anonymous_7)","decl":{"start":{"line":99,"column":35},"end":{"line":99,"column":36}},"loc":{"start":{"line":99,"column":90},"end":{"line":106,"column":1}}},"8":{"name":"(anonymous_8)","decl":{"start":{"line":114,"column":32},"end":{"line":114,"column":33}},"loc":{"start":{"line":114,"column":111},"end":{"line":121,"column":1}}},"9":{"name":"(anonymous_9)","decl":{"start":{"line":128,"column":35},"end":{"line":128,"column":36}},"loc":{"start":{"line":128,"column":67},"end":{"line":131,"column":1}}},"10":{"name":"(anonymous_10)","decl":{"start":{"line":129,"column":42},"end":{"line":129,"column":43}},"loc":{"start":{"line":129,"column":43},"end":{"line":129,"column":48}}}},"branchMap":{"0":{"loc":{"start":{"line":9,"column":12},"end":{"line":9,"column":57}},"type":"binary-expr","locations":[{"start":{"line":9,"column":12},"end":{"line":9,"column":30}},{"start":{"line":9,"column":34},"end":{"line":9,"column":57}}]},"1":{"loc":{"start":{"line":41,"column":8},"end":{"line":43,"column":null}},"type":"if","locations":[{"start":{"line":41,"column":8},"end":{"line":43,"column":null}}]},"2":{"loc":{"start":{"line":56,"column":6},"end":{"line":58,"column":null}},"type":"if","locations":[{"start":{"line":56,"column":6},"end":{"line":58,"column":null}}]},"3":{"loc":{"start":{"line":56,"column":10},"end":{"line":56,"column":45}},"type":"binary-expr","locations":[{"start":{"line":56,"column":10},"end":{"line":56,"column":23}},{"start":{"line":56,"column":27},"end":{"line":56,"column":45}}]},"4":{"loc":{"start":{"line":71,"column":6},"end":{"line":73,"column":null}},"type":"if","locations":[{"start":{"line":71,"column":6},"end":{"line":73,"column":null}}]},"5":{"loc":{"start":{"line":86,"column":6},"end":{"line":88,"column":null}},"type":"if","locations":[{"start":{"line":86,"column":6},"end":{"line":88,"column":null}}]},"6":{"loc":{"start":{"line":101,"column":6},"end":{"line":103,"column":null}},"type":"if","locations":[{"start":{"line":101,"column":6},"end":{"line":103,"column":null}}]},"7":{"loc":{"start":{"line":101,"column":10},"end":{"line":101,"column":49}},"type":"binary-expr","locations":[{"start":{"line":101,"column":10},"end":{"line":101,"column":29}},{"start":{"line":101,"column":33},"end":{"line":101,"column":49}}]},"8":{"loc":{"start":{"line":116,"column":6},"end":{"line":118,"column":null}},"type":"if","locations":[{"start":{"line":116,"column":6},"end":{"line":118,"column":null}}]},"9":{"loc":{"start":{"line":129,"column":47},"end":{"line":129,"column":76}},"type":"binary-expr","locations":[{"start":{"line":129,"column":47},"end":{"line":129,"column":57}},{"start":{"line":129,"column":61},"end":{"line":129,"column":76}}]},"10":{"loc":{"start":{"line":130,"column":9},"end":{"line":130,"column":83}},"type":"cond-expr","locations":[{"start":{"line":130,"column":64},"end":{"line":130,"column":78}},{"start":{"line":130,"column":81},"end":{"line":130,"column":83}}]},"11":{"loc":{"start":{"line":130,"column":9},"end":{"line":130,"column":61}},"type":"binary-expr","locations":[{"start":{"line":130,"column":9},"end":{"line":130,"column":32}},{"start":{"line":130,"column":36},"end":{"line":130,"column":61}}]}},"s":{"0":40,"1":6,"2":40,"3":40,"4":5,"5":5,"6":40,"7":40,"8":10,"9":10,"10":40,"11":40,"12":580,"13":1160,"14":1518,"15":1518,"16":42,"17":538,"18":40,"19":40,"20":16,"21":32,"22":24,"23":24,"24":1,"25":15,"26":40,"27":40,"28":264,"29":528,"30":264,"31":264,"32":4,"33":260,"34":40,"35":40,"36":64,"37":128,"38":79,"39":79,"40":3,"41":61,"42":40,"43":40,"44":50,"45":100,"46":50,"47":50,"48":7,"49":43,"50":40,"51":40,"52":30,"53":60,"54":30,"55":30,"56":5,"57":25,"58":40,"59":40,"60":664,"61":1004,"62":664,"63":40},"f":{"0":6,"1":5,"2":10,"3":580,"4":16,"5":264,"6":64,"7":50,"8":30,"9":664,"10":1004},"b":{"0":[6,6],"1":[42],"2":[1],"3":[24,24],"4":[4],"5":[3],"6":[7],"7":[50,48],"8":[5],"9":[1004,62],"10":[59,605],"11":[664,664]}}
,"C:\\Users\\nanai\\Desktop\\workspace\\workspace(nextjs)\\next-ts-intro-web-app\\src\\test\\mocks\\mockData.ts": {"path":"C:\\Users\\nanai\\Desktop\\workspace\\workspace(nextjs)\\next-ts-intro-web-app\\src\\test\\mocks\\mockData.ts","statementMap":{"0":{"start":{"line":4,"column":13},"end":{"line":77,"column":2}},"1":{"start":{"line":79,"column":16},"end":{"line":81,"column":2}},"2":{"start":{"line":83,"column":13},"end":{"line":88,"column":2}}},"fnMap":{},"branchMap":{},"s":{"0":8,"1":8,"2":8},"f":{},"b":{}}
}
