TN:
SF:src\app\components\about\About.tsx
FN:14,(anonymous_1)
FNF:1
FNH:1
FNDA:2,(anonymous_1)
DA:1,1
DA:2,1
DA:3,1
DA:4,1
DA:5,1
DA:6,1
DA:7,1
DA:8,1
DA:14,1
DA:15,2
DA:18,2
DA:21,2
DA:22,1
DA:23,1
DA:24,1
DA:25,1
DA:28,2
DA:30,1
DA:31,1
DA:47,1
LF:20
LH:20
BRDA:21,0,0,1
BRDA:21,1,0,2
BRDA:21,1,1,1
BRDA:21,1,2,1
BRF:4
BRH:4
end_of_record
TN:
SF:src\app\components\about\AboutContents.tsx
FN:21,(anonymous_1)
FNF:1
FNH:1
FNDA:5,(anonymous_1)
DA:1,2
DA:2,2
DA:3,2
DA:4,2
DA:6,2
DA:7,2
DA:8,2
DA:9,2
DA:10,2
DA:21,2
DA:22,5
DA:24,4
DA:27,4
DA:28,4
DA:29,4
DA:30,1
DA:31,1
DA:32,1
DA:33,1
DA:36,3
DA:37,3
DA:38,3
DA:40,3
DA:41,3
DA:57,2
LF:25
LH:25
BRDA:29,0,0,1
BRF:1
BRH:1
end_of_record
TN:
SF:src\app\components\about\profile\ProfileCard.tsx
FN:20,(anonymous_1)
FNF:1
FNH:1
FNDA:5,(anonymous_1)
DA:1,3
DA:2,3
DA:4,3
DA:5,3
DA:6,3
DA:7,3
DA:8,3
DA:9,3
DA:20,3
DA:21,5
DA:23,5
DA:26,5
DA:27,5
DA:28,5
DA:29,1
DA:30,1
DA:31,1
DA:32,1
DA:35,4
DA:36,4
DA:49,3
LF:21
LH:21
BRDA:28,0,0,1
BRF:1
BRH:1
end_of_record
TN:
SF:src\app\components\about\profile\ProfileContentsCard.tsx
FN:19,(anonymous_3)
FN:42,(anonymous_4)
FNF:2
FNH:2
FNDA:8,(anonymous_3)
FNDA:12,(anonymous_4)
DA:1,4
DA:2,4
DA:3,4
DA:4,4
DA:5,4
DA:6,4
DA:7,4
DA:8,4
DA:19,4
DA:20,8
DA:22,8
DA:25,8
DA:26,8
DA:27,8
DA:28,1
DA:29,1
DA:30,1
DA:31,1
DA:34,7
DA:35,7
DA:37,7
DA:38,7
DA:42,12
DA:53,4
LF:24
LH:24
BRDA:27,0,0,1
BRDA:40,1,0,4
BRDA:40,1,1,3
BRF:3
BRH:3
end_of_record
TN:
SF:src\app\components\about\profile\ProfileStandardCard.tsx
FN:27,(anonymous_3)
FN:66,(anonymous_4)
FNF:2
FNH:2
FNDA:12,(anonymous_3)
FNDA:19,(anonymous_4)
DA:1,4
DA:2,4
DA:3,4
DA:5,4
DA:6,4
DA:7,4
DA:8,4
DA:9,4
DA:10,4
DA:11,4
DA:21,4
DA:27,4
DA:28,12
DA:29,12
DA:30,12
DA:32,12
DA:35,12
DA:36,12
DA:37,12
DA:38,12
DA:39,2
DA:40,2
DA:41,2
DA:42,2
DA:45,10
DA:46,10
DA:48,10
DA:49,10
DA:67,19
DA:69,19
DA:87,4
LF:31
LH:31
BRDA:29,0,0,11
BRDA:29,0,1,1
BRDA:30,1,0,11
BRDA:30,1,1,1
BRDA:38,2,0,2
BRDA:51,3,0,5
BRDA:51,3,1,5
BRDA:61,4,0,10
BRDA:61,4,1,1
BRDA:67,5,0,9
BRDA:67,5,1,10
BRF:11
BRH:11
end_of_record
TN:
SF:src\app\components\careers\cards\CareerCard.tsx
FN:30,(anonymous_1)
FN:63,(anonymous_2)
FNF:2
FNH:2
FNDA:12,(anonymous_1)
FNDA:1,(anonymous_2)
DA:1,1
DA:2,1
DA:3,1
DA:5,1
DA:6,1
DA:7,1
DA:8,1
DA:9,1
DA:10,1
DA:11,1
DA:12,1
DA:13,1
DA:14,1
DA:15,1
DA:16,1
DA:30,1
DA:31,12
DA:32,12
DA:33,12
DA:34,12
DA:36,12
DA:39,12
DA:42,12
DA:43,12
DA:44,12
DA:45,12
DA:46,1
DA:47,1
DA:48,1
DA:49,1
DA:53,11
DA:54,11
DA:55,11
DA:56,11
DA:58,11
DA:59,11
DA:63,1
DA:104,1
LF:38
LH:38
BRDA:34,0,0,2
BRDA:34,0,1,10
BRDA:45,1,0,1
BRF:3
BRH:3
end_of_record
TN:
SF:src\app\components\careers\cards\StackCard.tsx
FN:13,(anonymous_1)
FNF:1
FNH:1
FNDA:4,(anonymous_1)
DA:1,1
DA:2,1
DA:13,1
DA:14,4
DA:16,4
DA:17,4
DA:24,1
LF:7
LH:7
BRDA:14,0,0,1
BRDA:14,0,1,3
BRF:2
BRH:2
end_of_record
TN:
SF:src\app\components\careers\parts\CareerContents.tsx
FN:19,(anonymous_1)
FNF:1
FNH:1
FNDA:8,(anonymous_1)
DA:1,1
DA:2,1
DA:3,1
DA:4,1
DA:5,1
DA:6,1
DA:19,1
DA:20,8
DA:21,8
DA:22,8
DA:24,8
DA:27,8
DA:28,8
DA:29,8
DA:30,1
DA:31,1
DA:32,1
DA:33,1
DA:36,7
DA:37,7
DA:48,1
LF:21
LH:21
BRDA:22,0,0,1
BRDA:22,0,1,7
BRDA:29,1,0,1
BRF:3
BRH:3
end_of_record
TN:
SF:src\app\components\careers\parts\CareerMember.tsx
FN:19,(anonymous_1)
FNF:1
FNH:1
FNDA:8,(anonymous_1)
DA:1,1
DA:2,1
DA:3,1
DA:4,1
DA:5,1
DA:6,1
DA:19,1
DA:20,8
DA:21,8
DA:22,8
DA:24,8
DA:27,8
DA:28,8
DA:29,8
DA:30,1
DA:31,1
DA:32,1
DA:33,1
DA:36,7
DA:37,7
DA:46,1
LF:21
LH:21
BRDA:22,0,0,1
BRDA:22,0,1,7
BRDA:29,1,0,1
BRF:3
BRH:3
end_of_record
TN:
SF:src\app\components\careers\parts\CareerPeriod.tsx
FN:20,(anonymous_1)
FNF:1
FNH:1
FNDA:9,(anonymous_1)
DA:1,1
DA:2,1
DA:3,1
DA:4,1
DA:5,1
DA:6,1
DA:20,1
DA:21,9
DA:22,9
DA:23,9
DA:24,9
DA:26,9
DA:29,9
DA:30,9
DA:31,9
DA:32,1
DA:33,1
DA:34,1
DA:35,1
DA:38,8
DA:39,8
DA:50,1
LF:22
LH:22
BRDA:24,0,0,2
BRDA:24,0,1,7
BRDA:31,1,0,1
BRF:3
BRH:3
end_of_record
TN:
SF:src\app\components\careers\parts\CareerPhase.tsx
FN:20,(anonymous_1)
FN:47,(anonymous_2)
FNF:2
FNH:2
FNDA:8,(anonymous_1)
FNDA:21,(anonymous_2)
DA:1,1
DA:2,1
DA:3,1
DA:4,1
DA:5,1
DA:6,1
DA:7,1
DA:20,1
DA:21,8
DA:22,8
DA:23,8
DA:25,8
DA:28,8
DA:29,8
DA:30,8
DA:31,8
DA:32,1
DA:33,1
DA:34,1
DA:35,1
DA:38,7
DA:39,7
DA:47,21
DA:55,1
LF:24
LH:24
BRDA:23,0,0,2
BRDA:23,0,1,6
BRDA:31,1,0,1
BRF:3
BRH:3
end_of_record
TN:
SF:src\app\components\careers\parts\CareerRole.tsx
FN:19,(anonymous_1)
FNF:1
FNH:1
FNDA:8,(anonymous_1)
DA:1,1
DA:2,1
DA:3,1
DA:4,1
DA:5,1
DA:6,1
DA:19,1
DA:20,8
DA:21,8
DA:22,8
DA:24,8
DA:27,8
DA:28,8
DA:29,8
DA:30,1
DA:31,1
DA:32,1
DA:33,1
DA:36,7
DA:37,7
DA:48,1
LF:21
LH:21
BRDA:22,0,0,2
BRDA:22,0,1,6
BRDA:29,1,0,1
BRF:3
BRH:3
end_of_record
TN:
SF:src\app\components\careers\parts\CareerStacks.tsx
FN:20,(anonymous_1)
FN:47,(anonymous_2)
FNF:2
FNH:2
FNDA:8,(anonymous_1)
FNDA:21,(anonymous_2)
DA:1,1
DA:2,1
DA:3,1
DA:4,1
DA:5,1
DA:6,1
DA:7,1
DA:20,1
DA:21,8
DA:22,8
DA:23,8
DA:25,8
DA:28,8
DA:29,8
DA:30,8
DA:31,8
DA:32,1
DA:33,1
DA:34,1
DA:35,1
DA:38,7
DA:39,7
DA:47,21
DA:55,1
LF:24
LH:24
BRDA:23,0,0,2
BRDA:23,0,1,6
BRDA:31,1,0,1
BRF:3
BRH:3
end_of_record
TN:
SF:src\app\components\careers\parts\CareerTitle.tsx
FN:19,(anonymous_1)
FNF:1
FNH:1
FNDA:6,(anonymous_1)
DA:1,1
DA:2,1
DA:3,1
DA:4,1
DA:5,1
DA:6,1
DA:7,1
DA:19,1
DA:20,6
DA:21,6
DA:23,6
DA:26,6
DA:27,6
DA:28,6
DA:29,1
DA:30,1
DA:31,1
DA:32,1
DA:35,5
DA:37,5
DA:38,5
DA:47,1
LF:22
LH:22
BRDA:21,0,0,2
BRDA:21,0,1,4
BRDA:28,1,0,1
BRF:3
BRH:3
end_of_record
TN:
SF:src\app\components\common\error\ErrorComponent.tsx
FN:13,(anonymous_1)
FNF:1
FNH:1
FNDA:69,(anonymous_1)
DA:1,39
DA:13,39
DA:14,69
DA:15,69
DA:20,39
LF:5
LH:5
BRF:0
BRH:0
end_of_record
TN:
SF:src\app\components\common\icons\ArrowIcon.tsx
FN:15,(anonymous_1)
FNF:1
FNH:1
FNDA:56,(anonymous_1)
DA:1,2
DA:2,2
DA:15,2
DA:16,56
DA:17,56
DA:18,56
DA:20,56
DA:22,56
DA:38,2
LF:9
LH:9
BRDA:16,0,0,3
BRDA:16,0,1,53
BRDA:17,1,0,3
BRDA:17,1,1,53
BRDA:18,2,0,55
BRDA:18,2,1,1
BRF:6
BRH:6
end_of_record
TN:
SF:src\app\components\common\icons\ProfileIcon.tsx
FN:19,(anonymous_1)
FNF:1
FNH:1
FNDA:15,(anonymous_1)
DA:1,5
DA:2,5
DA:13,5
DA:19,5
DA:20,15
DA:21,15
DA:22,15
DA:23,15
DA:25,15
DA:27,15
DA:43,5
LF:11
LH:11
BRDA:22,0,0,3
BRDA:22,0,1,12
BRDA:23,1,0,14
BRDA:23,1,1,1
BRDA:25,2,0,1
BRDA:25,2,1,14
BRF:6
BRH:6
end_of_record
TN:
SF:src\app\components\common\icons\ScrollTopIcon.tsx
FN:14,(anonymous_1)
FNF:1
FNH:1
FNDA:11,(anonymous_1)
DA:1,3
DA:2,3
DA:14,3
DA:15,11
DA:16,11
DA:18,11
DA:19,11
DA:20,11
DA:22,11
DA:37,3
LF:10
LH:10
BRDA:15,0,0,10
BRDA:15,0,1,1
BRDA:16,1,0,10
BRDA:16,1,1,1
BRF:4
BRH:4
end_of_record
TN:
SF:src\app\components\common\icons\SnsIconLink.tsx
FN:21,(anonymous_1)
FNF:1
FNH:1
FNDA:25,(anonymous_1)
DA:1,5
DA:2,5
DA:3,5
DA:15,5
DA:21,5
DA:22,25
DA:23,25
DA:24,25
DA:25,25
DA:26,25
DA:28,25
DA:30,25
DA:47,5
LF:13
LH:13
BRDA:24,0,0,5
BRDA:24,0,1,20
BRDA:25,1,0,4
BRDA:25,1,1,21
BRDA:26,2,0,5
BRDA:26,2,1,20
BRDA:28,3,0,1
BRDA:28,3,1,24
BRF:8
BRH:8
end_of_record
TN:
SF:src\app\components\common\notice\Notification.tsx
FN:21,(anonymous_1)
FNF:1
FNH:1
FNDA:8,(anonymous_1)
DA:1,2
DA:2,2
DA:3,2
DA:4,2
DA:5,2
DA:6,2
DA:21,2
DA:22,8
DA:23,8
DA:24,8
DA:25,8
DA:26,8
DA:28,8
DA:30,8
DA:31,8
DA:32,8
DA:33,8
DA:34,1
DA:35,1
DA:36,1
DA:37,1
DA:40,7
DA:41,7
DA:43,7
DA:44,7
DA:52,2
LF:26
LH:26
BRDA:22,0,0,2
BRDA:22,0,1,6
BRDA:23,1,0,2
BRDA:23,1,1,6
BRDA:24,2,0,2
BRDA:24,2,1,6
BRDA:33,3,0,1
BRDA:40,4,0,5
BRDA:40,4,1,2
BRDA:41,5,0,1
BRDA:41,5,1,6
BRF:11
BRH:11
end_of_record
TN:
SF:src\app\components\common\slides\Navigator.tsx
FN:21,(anonymous_1)
FNF:1
FNH:1
FNDA:6,(anonymous_1)
DA:1,1
DA:2,1
DA:3,1
DA:4,1
DA:5,1
DA:6,1
DA:7,1
DA:21,1
DA:22,6
DA:23,6
DA:24,6
DA:25,6
DA:27,6
DA:30,6
DA:31,6
DA:32,6
DA:33,1
DA:34,1
DA:35,1
DA:36,1
DA:39,5
DA:41,5
DA:42,5
DA:54,1
LF:24
LH:24
BRDA:23,0,0,1
BRDA:23,0,1,5
BRDA:24,1,0,1
BRDA:24,1,1,5
BRDA:32,2,0,1
BRDA:47,3,0,3
BRDA:47,3,1,2
BRDA:48,4,0,3
BRDA:48,4,1,2
BRF:9
BRH:9
end_of_record
TN:
SF:src\app\components\common\spinner\LoadingSpinner.tsx
FN:12,(anonymous_1)
FNF:1
FNH:1
FNDA:5,(anonymous_1)
DA:1,2
DA:12,2
DA:13,5
DA:15,5
DA:17,5
DA:26,2
LF:6
LH:6
BRDA:13,0,0,1
BRDA:13,0,1,4
BRDA:15,1,0,2
BRDA:15,1,1,3
BRF:4
BRH:4
end_of_record
TN:
SF:src\app\components\common\title\Title.tsx
FN:12,(anonymous_1)
FNF:1
FNH:1
FNDA:7,(anonymous_1)
DA:1,3
DA:12,3
DA:13,7
DA:15,7
DA:22,3
LF:5
LH:5
BRF:0
BRH:0
end_of_record
TN:
SF:src\app\components\contact\Contact.tsx
FN:15,(anonymous_1)
FNF:1
FNH:1
FNDA:6,(anonymous_1)
DA:1,1
DA:2,1
DA:3,1
DA:4,1
DA:5,1
DA:6,1
DA:7,1
DA:8,1
DA:9,1
DA:15,1
DA:16,6
DA:19,6
DA:22,6
DA:23,2
DA:24,2
DA:25,2
DA:26,2
DA:28,4
DA:32,4
DA:37,4
DA:38,4
DA:39,2
DA:40,2
DA:41,2
DA:42,2
DA:45,4
DA:46,2
DA:47,2
DA:63,1
LF:29
LH:29
BRDA:22,0,0,2
BRDA:22,1,0,6
BRDA:22,1,1,5
BRDA:22,1,2,4
BRDA:33,2,0,3
BRDA:33,2,1,1
BRDA:33,3,0,4
BRDA:33,3,1,4
BRDA:34,4,0,3
BRDA:34,4,1,1
BRDA:34,5,0,4
BRDA:34,5,1,4
BRDA:35,6,0,3
BRDA:35,6,1,1
BRDA:35,7,0,4
BRDA:35,7,1,4
BRDA:36,8,0,3
BRDA:36,8,1,1
BRDA:36,9,0,4
BRDA:36,9,1,4
BRDA:38,10,0,2
BRF:21
BRH:21
end_of_record
TN:
SF:src\app\components\contact\ContactForm.tsx
FN:28,(anonymous_1)
FN:78,(anonymous_2)
FN:94,(anonymous_3)
FN:108,(anonymous_4)
FNF:4
FNH:4
FNDA:44,(anonymous_1)
FNDA:7,(anonymous_2)
FNDA:6,(anonymous_3)
FNDA:5,(anonymous_4)
DA:1,2
DA:2,2
DA:4,2
DA:5,2
DA:6,2
DA:7,2
DA:8,2
DA:9,2
DA:10,2
DA:11,2
DA:12,2
DA:13,2
DA:21,2
DA:22,2
DA:28,2
DA:29,44
DA:31,44
DA:35,44
DA:36,44
DA:37,44
DA:38,44
DA:39,44
DA:40,44
DA:41,44
DA:42,44
DA:43,44
DA:46,44
DA:51,44
DA:52,44
DA:53,4
DA:54,4
DA:55,4
DA:56,4
DA:59,40
DA:60,40
DA:78,7
DA:94,6
DA:108,5
DA:121,2
LF:39
LH:39
BRDA:52,0,0,4
BRF:1
BRH:1
end_of_record
TN:
SF:src\app\components\contact\input\ContactButton.tsx
FN:17,defaultHandler
FN:23,(anonymous_2)
FNF:2
FNH:2
FNDA:7,defaultHandler
FNDA:48,(anonymous_2)
DA:1,3
DA:2,3
DA:3,3
DA:4,3
DA:5,3
DA:6,3
DA:23,3
DA:24,48
DA:25,48
DA:26,48
DA:27,48
DA:28,48
DA:30,48
DA:33,48
DA:34,48
DA:35,48
DA:36,1
DA:37,1
DA:38,1
DA:39,1
DA:42,47
DA:43,47
DA:54,3
LF:23
LH:23
BRDA:24,0,0,41
BRDA:24,0,1,7
BRDA:26,1,0,7
BRDA:26,1,1,41
BRDA:27,2,0,47
BRDA:27,2,1,1
BRDA:35,3,0,1
BRDA:48,4,0,47
BRDA:48,4,1,46
BRF:9
BRH:9
end_of_record
TN:
SF:src\app\components\contact\input\ContactFreeTextInput.tsx
FN:24,(anonymous_1)
FNF:1
FNH:1
FNDA:48,(anonymous_1)
DA:1,3
DA:2,3
DA:3,3
DA:4,3
DA:5,3
DA:6,3
DA:24,3
DA:25,48
DA:26,48
DA:27,48
DA:28,48
DA:29,48
DA:30,48
DA:31,48
DA:32,48
DA:34,48
DA:37,48
DA:38,48
DA:39,48
DA:40,48
DA:41,3
DA:42,3
DA:43,3
DA:44,3
DA:47,45
DA:48,45
DA:63,3
LF:27
LH:27
BRDA:29,0,0,41
BRDA:29,0,1,7
BRDA:30,1,0,40
BRDA:30,1,1,8
BRDA:40,2,0,3
BRDA:57,3,0,5
BRDA:57,3,1,40
BRDA:58,4,0,45
BRDA:58,4,1,40
BRF:9
BRH:9
end_of_record
TN:
SF:src\app\components\contact\input\ContactInput.tsx
FN:22,(anonymous_1)
FNF:1
FNH:1
FNDA:129,(anonymous_1)
DA:1,3
DA:2,3
DA:3,3
DA:4,3
DA:5,3
DA:6,3
DA:22,3
DA:23,129
DA:24,129
DA:25,129
DA:26,129
DA:27,129
DA:28,129
DA:30,129
DA:33,129
DA:34,129
DA:35,129
DA:36,3
DA:37,3
DA:38,3
DA:39,3
DA:42,126
DA:43,126
DA:63,3
LF:24
LH:24
BRDA:26,0,0,124
BRDA:26,0,1,5
BRDA:27,1,0,3
BRDA:27,1,1,126
BRDA:35,2,0,3
BRDA:51,3,0,126
BRDA:51,3,1,122
BRF:7
BRH:7
end_of_record
TN:
SF:src\app\components\contact\input\ContactTextInput.tsx
FN:25,(anonymous_1)
FNF:1
FNH:1
FNDA:89,(anonymous_1)
DA:1,3
DA:2,3
DA:3,3
DA:4,3
DA:5,3
DA:6,3
DA:25,3
DA:26,89
DA:27,89
DA:28,89
DA:29,89
DA:30,89
DA:31,89
DA:32,89
DA:33,89
DA:34,89
DA:36,89
DA:39,89
DA:40,89
DA:41,89
DA:42,89
DA:43,5
DA:44,5
DA:45,5
DA:46,5
DA:49,84
DA:50,84
DA:66,3
LF:28
LH:28
BRDA:31,0,0,81
BRDA:31,0,1,8
BRDA:42,1,0,5
BRDA:60,2,0,5
BRDA:60,2,1,79
BRDA:61,3,0,84
BRDA:61,3,1,79
BRF:7
BRH:7
end_of_record
TN:
SF:src\app\components\contact\notice\ContactSendNotification.tsx
FN:11,(anonymous_1)
FNF:1
FNH:1
FNDA:4,(anonymous_1)
DA:1,1
DA:2,1
DA:3,1
DA:4,1
DA:5,1
DA:11,1
DA:12,4
DA:16,4
DA:17,4
DA:18,4
DA:19,4
DA:20,4
DA:21,4
DA:22,4
DA:24,4
DA:25,4
DA:35,1
LF:17
LH:17
BRDA:21,0,0,2
BRDA:21,0,1,2
BRDA:22,1,0,4
BRDA:22,1,1,0
BRDA:22,2,0,2
BRDA:22,2,1,2
BRF:6
BRH:5
end_of_record
TN:
SF:src\app\components\contact\spinner\ContactActionSpinner.tsx
FN:10,(anonymous_1)
FNF:1
FNH:1
FNDA:2,(anonymous_1)
DA:1,1
DA:2,1
DA:3,1
DA:4,1
DA:10,1
DA:11,2
DA:16,2
DA:17,2
DA:19,2
DA:20,2
DA:25,1
LF:11
LH:11
BRF:0
BRH:0
end_of_record
TN:
SF:src\app\components\footer\Footer.tsx
FN:19,(anonymous_1)
FNF:1
FNH:1
FNDA:7,(anonymous_1)
DA:1,1
DA:2,1
DA:5,1
DA:6,1
DA:7,1
DA:8,1
DA:9,1
DA:10,1
DA:11,1
DA:12,1
DA:13,1
DA:19,1
DA:20,7
DA:23,7
DA:25,7
DA:28,7
DA:29,1
DA:30,1
DA:31,1
DA:32,1
DA:35,6
DA:36,6
DA:38,6
DA:39,6
DA:73,1
LF:25
LH:25
BRDA:28,0,0,1
BRDA:28,1,0,7
BRDA:28,1,1,7
BRDA:42,2,0,1
BRDA:42,2,1,5
BRDA:42,3,0,6
BRDA:42,3,1,6
BRDA:43,4,0,1
BRDA:43,4,1,5
BRDA:43,5,0,6
BRDA:43,5,1,6
BRDA:44,6,0,1
BRDA:44,6,1,5
BRDA:44,7,0,6
BRDA:44,7,1,6
BRDA:45,8,0,1
BRDA:45,8,1,5
BRDA:45,9,0,6
BRDA:45,9,1,6
BRF:19
BRH:19
end_of_record
TN:
SF:src\app\components\footer\parts\FooterArrowLink.tsx
FN:21,(anonymous_1)
FNF:1
FNH:1
FNDA:11,(anonymous_1)
DA:1,2
DA:2,2
DA:3,2
DA:4,2
DA:5,2
DA:6,2
DA:7,2
DA:21,2
DA:22,11
DA:23,11
DA:24,11
DA:25,11
DA:27,11
DA:30,11
DA:31,11
DA:32,11
DA:33,1
DA:34,1
DA:35,1
DA:36,1
DA:39,10
DA:40,10
DA:50,2
LF:23
LH:23
BRDA:22,0,0,2
BRDA:22,0,1,9
BRDA:23,1,0,8
BRDA:23,1,1,3
BRDA:25,2,0,7
BRDA:25,2,1,4
BRDA:32,3,0,1
BRF:7
BRH:7
end_of_record
TN:
SF:src\app\components\footer\parts\FooterCopyRight.tsx
FN:14,(anonymous_1)
FNF:1
FNH:1
FNDA:9,(anonymous_1)
DA:1,2
DA:2,2
DA:14,2
DA:15,9
DA:16,9
DA:18,9
DA:19,9
DA:26,2
LF:8
LH:8
BRDA:15,0,0,1
BRDA:15,0,1,8
BRDA:16,1,0,1
BRDA:16,1,1,8
BRF:4
BRH:4
end_of_record
TN:
SF:src\app\components\footer\parts\FooterLink.tsx
FN:21,(anonymous_1)
FNF:1
FNH:1
FNDA:30,(anonymous_1)
DA:1,2
DA:2,2
DA:3,2
DA:4,2
DA:5,2
DA:6,2
DA:7,2
DA:8,2
DA:21,2
DA:22,30
DA:23,30
DA:24,30
DA:26,30
DA:28,30
DA:31,30
DA:32,30
DA:33,30
DA:34,30
DA:35,6
DA:36,6
DA:37,6
DA:38,6
DA:41,24
DA:42,24
DA:43,24
DA:44,24
DA:45,24
DA:47,24
DA:48,24
DA:59,2
LF:30
LH:30
BRDA:34,0,0,6
BRDA:44,1,0,6
BRDA:44,1,1,18
BRF:3
BRH:3
end_of_record
TN:
SF:src\app\components\footer\parts\FooterTitleBtn.tsx
FN:21,(anonymous_1)
FNF:1
FNH:1
FNDA:12,(anonymous_1)
DA:1,2
DA:2,2
DA:3,2
DA:4,2
DA:5,2
DA:6,2
DA:21,2
DA:22,12
DA:23,12
DA:24,12
DA:25,12
DA:26,12
DA:28,12
DA:31,12
DA:32,12
DA:33,12
DA:34,12
DA:35,1
DA:36,1
DA:37,1
DA:38,1
DA:41,11
DA:42,11
DA:54,2
LF:24
LH:24
BRDA:22,0,0,1
BRDA:22,0,1,11
BRDA:23,1,0,7
BRDA:23,1,1,5
BRDA:25,2,0,1
BRDA:25,2,1,11
BRDA:34,3,0,1
BRF:7
BRH:7
end_of_record
TN:
SF:src\app\components\hero\Hero.tsx
FN:13,(anonymous_1)
FNF:1
FNH:1
FNDA:3,(anonymous_1)
DA:1,1
DA:2,1
DA:3,1
DA:4,1
DA:5,1
DA:6,1
DA:7,1
DA:13,1
DA:14,3
DA:17,3
DA:20,3
DA:21,2
DA:22,2
DA:23,2
DA:24,2
DA:27,1
DA:29,1
DA:30,1
DA:38,1
LF:19
LH:19
BRDA:20,0,0,2
BRDA:20,1,0,3
BRDA:20,1,1,2
BRF:3
BRH:3
end_of_record
TN:
SF:src\app\components\hero\background\HeroBackground.tsx
FN:21,(anonymous_1)
FNF:1
FNH:1
FNDA:6,(anonymous_1)
DA:1,2
DA:2,2
DA:3,2
DA:4,2
DA:5,2
DA:6,2
DA:7,2
DA:8,2
DA:21,2
DA:22,6
DA:23,6
DA:24,6
DA:26,6
DA:29,6
DA:30,6
DA:31,6
DA:32,2
DA:33,2
DA:34,2
DA:35,2
DA:38,4
DA:39,4
DA:41,4
DA:42,4
DA:53,2
LF:25
LH:25
BRDA:23,0,0,3
BRDA:23,0,1,3
BRDA:31,1,0,2
BRF:3
BRH:3
end_of_record
TN:
SF:src\app\components\navbar\HamburgerMenu.tsx
FN:33,(anonymous_7)
FN:45,(anonymous_8)
FN:46,(anonymous_9)
FN:82,(anonymous_10)
FN:94,(anonymous_11)
FN:98,(anonymous_12)
FNF:6
FNH:6
FNDA:14,(anonymous_7)
FNDA:9,(anonymous_8)
FNDA:9,(anonymous_9)
FNDA:1,(anonymous_10)
FNDA:52,(anonymous_11)
FNDA:4,(anonymous_12)
DA:1,1
DA:2,1
DA:3,1
DA:5,1
DA:11,1
DA:12,1
DA:13,1
DA:14,1
DA:15,1
DA:16,1
DA:17,1
DA:18,1
DA:33,1
DA:34,14
DA:35,14
DA:36,14
DA:37,14
DA:38,14
DA:40,14
DA:43,14
DA:45,14
DA:46,9
DA:50,14
DA:51,14
DA:52,14
DA:53,14
DA:54,14
DA:55,1
DA:56,1
DA:57,1
DA:58,1
DA:62,13
DA:63,13
DA:64,13
DA:65,13
DA:66,13
DA:67,13
DA:68,13
DA:70,13
DA:71,13
DA:73,13
DA:74,13
DA:83,1
DA:84,1
DA:94,52
DA:99,4
DA:100,4
DA:120,1
LF:48
LH:48
BRDA:54,0,0,1
BRDA:112,1,0,13
BRDA:112,1,1,8
BRF:3
BRH:3
end_of_record
TN:
SF:src\app\components\navbar\NavBar.tsx
FN:17,(anonymous_1)
FNF:1
FNH:1
FNDA:4,(anonymous_1)
DA:1,1
DA:2,1
DA:3,1
DA:4,1
DA:5,1
DA:6,1
DA:7,1
DA:8,1
DA:9,1
DA:10,1
DA:11,1
DA:17,1
DA:18,4
DA:21,4
DA:23,4
DA:25,4
DA:26,4
DA:27,4
DA:28,4
DA:31,4
DA:32,1
DA:33,1
DA:34,1
DA:35,1
DA:38,3
DA:39,3
DA:46,3
DA:47,3
DA:48,3
DA:49,3
DA:51,3
DA:52,3
DA:53,3
DA:54,3
DA:55,3
DA:57,3
DA:59,3
DA:60,3
DA:86,1
LF:39
LH:39
BRDA:25,0,0,1
BRDA:25,0,1,3
BRDA:25,1,0,4
BRDA:25,1,1,4
BRDA:26,2,0,1
BRDA:26,2,1,3
BRDA:26,3,0,4
BRDA:26,3,1,4
BRDA:27,4,0,1
BRDA:27,4,1,3
BRDA:27,5,0,4
BRDA:27,5,1,4
BRDA:28,6,0,1
BRDA:28,6,1,3
BRDA:28,7,0,4
BRDA:28,7,1,4
BRDA:31,8,0,1
BRDA:31,9,0,4
BRDA:31,9,1,3
BRDA:31,9,2,3
BRF:20
BRH:20
end_of_record
TN:
SF:src\app\components\navbar\NormalMenu.tsx
FN:19,(anonymous_1)
FN:38,(anonymous_2)
FNF:2
FNH:2
FNDA:3,(anonymous_1)
FNDA:8,(anonymous_2)
DA:1,1
DA:2,1
DA:4,1
DA:5,1
DA:6,1
DA:7,1
DA:8,1
DA:19,1
DA:20,3
DA:22,3
DA:25,3
DA:26,3
DA:27,3
DA:28,1
DA:29,1
DA:30,1
DA:31,1
DA:34,2
DA:35,2
DA:39,8
DA:40,8
DA:41,8
DA:43,8
DA:58,1
LF:24
LH:24
BRDA:27,0,0,1
BRDA:40,1,0,6
BRDA:40,1,1,2
BRF:3
BRH:3
end_of_record
TN:
SF:src\app\components\navbar\hamburger\HamburgerCloseBtn.tsx
FN:19,(anonymous_1)
FNF:1
FNH:1
FNDA:17,(anonymous_1)
DA:1,2
DA:2,2
DA:3,2
DA:4,2
DA:5,2
DA:6,2
DA:7,2
DA:19,2
DA:20,17
DA:21,17
DA:23,17
DA:26,17
DA:27,17
DA:28,17
DA:29,1
DA:30,1
DA:31,1
DA:32,1
DA:35,16
DA:36,16
DA:37,16
DA:39,16
DA:40,16
DA:51,2
LF:24
LH:24
BRDA:21,0,0,15
BRDA:21,0,1,2
BRDA:28,1,0,1
BRF:3
BRH:3
end_of_record
TN:
SF:src\app\components\navbar\hamburger\HamburgerLink.tsx
FN:19,(anonymous_1)
FNF:1
FNH:1
FNDA:55,(anonymous_1)
DA:1,2
DA:2,2
DA:3,2
DA:4,2
DA:5,2
DA:6,2
DA:19,2
DA:20,55
DA:21,55
DA:22,55
DA:24,55
DA:27,55
DA:28,55
DA:29,55
DA:30,55
DA:31,1
DA:32,1
DA:33,1
DA:34,1
DA:37,54
DA:38,54
DA:68,2
LF:22
LH:22
BRDA:30,0,0,1
BRF:1
BRH:1
end_of_record
TN:
SF:src\app\components\navbar\hamburger\HamburgerOpenBtn.tsx
FN:19,(anonymous_1)
FNF:1
FNH:1
FNDA:12,(anonymous_1)
DA:1,2
DA:2,2
DA:3,2
DA:4,2
DA:5,2
DA:6,2
DA:7,2
DA:19,2
DA:20,12
DA:21,12
DA:23,12
DA:26,12
DA:27,12
DA:28,12
DA:29,1
DA:30,1
DA:31,1
DA:32,1
DA:35,11
DA:36,11
DA:37,11
DA:39,11
DA:40,11
DA:53,2
LF:24
LH:24
BRDA:21,0,0,10
BRDA:21,0,1,2
BRDA:28,1,0,1
BRF:3
BRH:3
end_of_record
TN:
SF:src\app\components\navbar\normal\NormalHeaderMenuLink.tsx
FN:21,(anonymous_1)
FNF:1
FNH:1
FNDA:14,(anonymous_1)
DA:1,2
DA:2,2
DA:3,2
DA:4,2
DA:5,2
DA:6,2
DA:21,2
DA:22,14
DA:23,14
DA:24,14
DA:25,14
DA:26,14
DA:28,14
DA:31,14
DA:32,14
DA:33,14
DA:34,14
DA:35,2
DA:36,2
DA:37,2
DA:38,2
DA:41,12
DA:42,12
DA:53,2
LF:24
LH:24
BRDA:22,0,0,1
BRDA:22,0,1,13
BRDA:24,1,0,1
BRDA:24,1,1,13
BRDA:34,2,0,2
BRF:5
BRH:5
end_of_record
TN:
SF:src\app\components\navbar\title\NavBarTitle.tsx
FN:20,(anonymous_1)
FNF:1
FNH:1
FNDA:21,(anonymous_1)
DA:1,3
DA:2,3
DA:3,3
DA:4,3
DA:5,3
DA:6,3
DA:20,3
DA:21,21
DA:22,21
DA:23,21
DA:24,21
DA:26,21
DA:29,21
DA:30,21
DA:31,21
DA:32,21
DA:33,2
DA:34,2
DA:35,2
DA:36,2
DA:39,19
DA:40,19
DA:50,3
LF:23
LH:23
BRDA:22,0,0,1
BRDA:22,0,1,20
BRDA:32,1,0,2
BRF:3
BRH:3
end_of_record
TN:
SF:src\app\components\skills\SkillCard.tsx
FN:28,(anonymous_1)
FNF:1
FNH:1
FNDA:40,(anonymous_1)
DA:1,2
DA:2,2
DA:3,2
DA:4,2
DA:6,2
DA:7,2
DA:8,2
DA:9,2
DA:12,2
DA:13,2
DA:14,2
DA:28,2
DA:29,40
DA:30,39
DA:31,39
DA:32,39
DA:34,39
DA:37,39
DA:38,39
DA:39,39
DA:40,39
DA:41,4
DA:42,4
DA:43,4
DA:44,4
DA:48,35
DA:49,35
DA:50,35
DA:51,35
DA:52,35
DA:53,35
DA:54,35
DA:55,35
DA:57,35
DA:58,35
DA:87,2
LF:36
LH:36
BRDA:30,0,0,38
BRDA:30,0,1,1
BRDA:31,1,0,37
BRDA:31,1,1,2
BRDA:32,2,0,37
BRDA:32,2,1,2
BRDA:40,3,0,4
BRDA:54,4,0,1
BRDA:54,4,1,34
BRDA:55,5,0,34
BRDA:55,5,1,1
BRF:11
BRH:11
end_of_record
TN:
SF:src\app\components\skills\Skills.tsx
FN:21,(anonymous_1)
FN:50,(anonymous_2)
FNF:2
FNH:2
FNDA:12,(anonymous_1)
FNDA:60,(anonymous_2)
DA:1,1
DA:2,1
DA:5,1
DA:6,1
DA:7,1
DA:8,1
DA:9,1
DA:10,1
DA:11,1
DA:12,1
DA:15,1
DA:21,1
DA:22,12
DA:25,12
DA:27,12
DA:30,12
DA:31,5
DA:32,5
DA:33,5
DA:34,5
DA:37,7
DA:38,7
DA:40,7
DA:41,7
DA:51,60
DA:52,36
DA:71,1
LF:27
LH:27
BRDA:15,0,0,1
BRDA:15,0,1,0
BRDA:30,1,0,5
BRDA:30,2,0,12
BRDA:30,2,1,9
BRDA:30,2,2,8
BRDA:30,3,0,1
BRDA:30,3,1,11
BRDA:30,4,0,12
BRDA:30,4,1,12
BRDA:30,5,0,0
BRDA:30,5,1,9
BRDA:30,6,0,9
BRDA:30,6,1,9
BRDA:51,7,0,24
BRF:15
BRH:13
end_of_record
TN:
SF:src\app\components\skills\SkillsAndMore.tsx
FN:25,(anonymous_7)
FN:35,(anonymous_8)
FNF:2
FNH:2
FNDA:11,(anonymous_7)
FNDA:1,(anonymous_8)
DA:1,2
DA:2,2
DA:3,2
DA:4,2
DA:5,2
DA:6,2
DA:7,2
DA:10,2
DA:25,2
DA:26,11
DA:27,11
DA:28,11
DA:29,11
DA:30,11
DA:32,11
DA:35,11
DA:36,1
DA:40,11
DA:41,11
DA:42,11
DA:43,11
DA:45,11
DA:46,1
DA:47,1
DA:48,1
DA:49,1
DA:53,10
DA:62,10
DA:63,10
DA:74,2
LF:30
LH:30
BRDA:45,0,0,1
BRF:1
BRH:1
end_of_record
TN:
SF:src\app\contexts\introContext.tsx
FN:15,(anonymous_6)
FN:31,(anonymous_7)
FNF:2
FNH:0
FNDA:0,(anonymous_6)
FNDA:0,(anonymous_7)
DA:1,5
DA:12,5
DA:15,5
DA:16,0
DA:17,0
DA:18,0
DA:20,0
DA:31,5
DA:32,0
DA:33,0
DA:35,0
LF:11
LH:4
BRDA:17,0,0,0
BRF:1
BRH:0
end_of_record
TN:
SF:src\app\features\contact\contactSlice.ts
FN:39,(anonymous_0)
FN:42,(anonymous_1)
FN:45,(anonymous_2)
FN:48,(anonymous_3)
FN:51,(anonymous_4)
FN:54,(anonymous_5)
FN:58,(anonymous_6)
FN:61,(anonymous_7)
FN:65,(anonymous_8)
FN:73,(anonymous_9)
FNF:10
FNH:9
FNDA:7,(anonymous_0)
FNDA:6,(anonymous_1)
FNDA:5,(anonymous_2)
FNDA:2,(anonymous_3)
FNDA:0,(anonymous_4)
FNDA:2,(anonymous_5)
FNDA:1,(anonymous_6)
FNDA:1,(anonymous_7)
FNDA:1,(anonymous_8)
FNDA:7,(anonymous_9)
DA:1,4
DA:23,4
DA:35,4
DA:40,7
DA:43,6
DA:46,5
DA:49,2
DA:52,0
DA:55,2
DA:56,2
DA:59,1
DA:62,1
DA:63,1
DA:66,1
DA:67,1
DA:68,1
DA:69,1
DA:70,1
DA:71,1
DA:74,7
DA:81,4
DA:93,4
LF:22
LH:21
BRF:0
BRH:0
end_of_record
TN:
SF:src\app\features\contact\useContactLogic.ts
FN:34,(anonymous_14)
FN:39,(anonymous_15)
FN:40,(anonymous_16)
FN:41,(anonymous_17)
FN:42,(anonymous_18)
FN:43,(anonymous_19)
FN:44,(anonymous_20)
FN:45,(anonymous_21)
FN:52,(anonymous_22)
FN:71,(anonymous_23)
FN:76,(anonymous_24)
FN:81,(anonymous_25)
FN:92,(anonymous_26)
FN:92,(anonymous_27)
FN:154,(anonymous_29)
FN:155,(anonymous_30)
FN:156,(anonymous_31)
FN:157,(anonymous_32)
FN:158,(anonymous_33)
FN:159,(anonymous_34)
FN:160,(anonymous_35)
FN:164,(anonymous_36)
FNF:22
FNH:15
FNDA:42,(anonymous_14)
FNDA:89,(anonymous_15)
FNDA:89,(anonymous_16)
FNDA:89,(anonymous_17)
FNDA:89,(anonymous_18)
FNDA:89,(anonymous_19)
FNDA:89,(anonymous_20)
FNDA:89,(anonymous_21)
FNDA:7,(anonymous_22)
FNDA:2,(anonymous_23)
FNDA:0,(anonymous_24)
FNDA:0,(anonymous_25)
FNDA:7,(anonymous_26)
FNDA:7,(anonymous_27)
FNDA:7,(anonymous_29)
FNDA:6,(anonymous_30)
FNDA:5,(anonymous_31)
FNDA:0,(anonymous_32)
FNDA:0,(anonymous_33)
FNDA:0,(anonymous_34)
FNDA:0,(anonymous_35)
FNDA:0,(anonymous_36)
DA:1,3
DA:2,3
DA:3,3
DA:4,3
DA:5,3
DA:6,3
DA:7,3
DA:23,3
DA:24,3
DA:25,3
DA:26,3
DA:27,3
DA:28,3
DA:30,3
DA:31,3
DA:34,3
DA:36,42
DA:39,89
DA:40,89
DA:41,89
DA:42,89
DA:43,89
DA:44,89
DA:45,89
DA:46,42
DA:52,42
DA:53,7
DA:55,7
DA:56,1
DA:58,7
DA:59,2
DA:61,7
DA:62,3
DA:64,7
DA:65,7
DA:71,42
DA:73,2
DA:76,2
DA:77,0
DA:81,2
DA:83,0
DA:84,0
DA:92,42
DA:93,7
DA:95,10
DA:97,6
DA:103,2
DA:104,0
DA:105,0
DA:106,0
DA:110,2
DA:112,2
DA:114,2
DA:115,2
DA:123,2
DA:128,1
DA:129,1
DA:130,1
DA:131,1
DA:133,0
DA:134,0
DA:135,0
DA:138,1
DA:139,1
DA:140,1
DA:146,42
DA:154,7
DA:155,6
DA:156,5
DA:157,0
DA:158,0
DA:159,0
DA:160,0
DA:164,0
LF:74
LH:60
BRDA:23,0,0,3
BRDA:23,0,1,0
BRDA:24,1,0,3
BRDA:24,1,1,0
BRDA:25,2,0,3
BRDA:25,2,1,0
BRDA:26,3,0,3
BRDA:26,3,1,0
BRDA:27,4,0,3
BRDA:27,4,1,0
BRDA:28,5,0,3
BRDA:28,5,1,0
BRDA:28,6,0,0
BRDA:28,6,1,3
BRDA:55,7,0,1
BRDA:55,8,0,7
BRDA:55,8,1,6
BRDA:55,8,2,6
BRDA:58,9,0,2
BRDA:58,10,0,7
BRDA:58,10,1,5
BRDA:61,11,0,3
BRDA:61,12,0,7
BRDA:61,12,1,4
BRDA:95,13,0,3
BRDA:97,14,0,2
BRDA:103,15,0,0
BRDA:128,16,0,1
BRDA:128,16,1,0
BRF:29
BRH:20
end_of_record
TN:
SF:src\app\features\dialog\dialogSlice.ts
FN:20,(anonymous_0)
FN:24,(anonymous_1)
FNF:2
FNH:0
FNDA:0,(anonymous_0)
FNDA:0,(anonymous_1)
DA:1,1
DA:10,1
DA:16,1
DA:21,0
DA:22,0
DA:25,0
DA:26,0
DA:32,1
DA:33,1
LF:9
LH:5
BRF:0
BRH:0
end_of_record
TN:
SF:src\app\features\dialog\useDialogLogic.ts
FN:7,(anonymous_0)
FN:12,(anonymous_1)
FN:13,(anonymous_2)
FN:22,(anonymous_3)
FN:32,(anonymous_4)
FNF:5
FNH:0
FNDA:0,(anonymous_0)
FNDA:0,(anonymous_1)
FNDA:0,(anonymous_2)
FNDA:0,(anonymous_3)
FNDA:0,(anonymous_4)
DA:1,1
DA:2,1
DA:3,1
DA:7,1
DA:9,0
DA:12,0
DA:13,0
DA:16,0
DA:22,0
DA:23,0
DA:24,0
DA:26,0
DA:32,0
DA:33,0
DA:34,0
DA:37,0
LF:16
LH:4
BRDA:23,0,0,0
BRDA:24,1,0,0
BRDA:33,2,0,0
BRF:3
BRH:0
end_of_record
TN:
SF:src\app\features\loadlimit\loadLimitSlice.ts
FN:18,(anonymous_0)
FNF:1
FNH:1
FNDA:9,(anonymous_0)
DA:1,3
DA:9,3
DA:14,3
DA:19,9
DA:22,9
DA:27,3
DA:29,2
DA:32,2
DA:38,3
DA:39,3
LF:10
LH:10
BRDA:22,0,0,6
BRDA:22,1,0,9
BRDA:22,1,1,7
BRDA:22,1,2,6
BRDA:22,1,3,4
BRDA:27,2,0,1
BRDA:32,3,0,1
BRF:7
BRH:7
end_of_record
TN:
SF:src\app\features\loadlimit\useLoadLimit.ts
FN:6,(anonymous_0)
FN:11,(anonymous_1)
FN:18,(anonymous_2)
FNF:3
FNH:2
FNDA:7,(anonymous_0)
FNDA:0,(anonymous_1)
FNDA:6,(anonymous_2)
DA:1,2
DA:2,2
DA:6,2
DA:8,7
DA:11,7
DA:18,7
DA:20,6
DA:24,2
DA:26,1
DA:29,7
LF:10
LH:10
BRDA:20,0,0,4
BRDA:20,1,0,6
BRDA:20,1,1,5
BRDA:20,1,2,4
BRDA:20,1,3,3
BRDA:24,2,0,1
BRF:6
BRH:6
end_of_record
TN:
SF:src\app\hooks\useScroll.ts
FN:4,(anonymous_0)
FN:5,(anonymous_1)
FN:17,(anonymous_2)
FN:18,(anonymous_3)
FNF:4
FNH:0
FNDA:0,(anonymous_0)
FNDA:0,(anonymous_1)
FNDA:0,(anonymous_2)
FNDA:0,(anonymous_3)
DA:4,3
DA:5,0
DA:6,0
DA:17,3
DA:18,0
DA:19,0
DA:20,0
LF:7
LH:2
BRDA:19,0,0,0
BRDA:20,1,0,0
BRDA:20,1,1,0
BRDA:20,2,0,0
BRDA:20,2,1,0
BRF:5
BRH:0
end_of_record
TN:
SF:src\app\hooks\useWindowWidth.ts
FN:4,(anonymous_0)
FN:9,(anonymous_1)
FN:10,(anonymous_2)
FN:18,(anonymous_3)
FNF:4
FNH:0
FNDA:0,(anonymous_0)
FNDA:0,(anonymous_1)
FNDA:0,(anonymous_2)
FNDA:0,(anonymous_3)
DA:1,1
DA:4,1
DA:5,0
DA:9,0
DA:10,0
DA:11,0
DA:15,0
DA:18,0
DA:19,0
DA:23,0
LF:10
LH:2
BRDA:6,0,0,0
BRDA:6,0,1,0
BRF:2
BRH:0
end_of_record
TN:
SF:src\app\shared\constants\constants.ts
FNF:0
FNH:0
DA:5,44
LF:1
LH:1
BRF:0
BRH:0
end_of_record
TN:
SF:src\app\shared\helper\googleCloudLogger.ts
FN:11,(anonymous_13)
FNF:1
FNH:1
FNDA:69,(anonymous_13)
DA:1,39
DA:2,39
DA:4,39
DA:11,69
DA:12,69
DA:18,69
DA:19,0
DA:22,69
DA:23,69
DA:24,69
DA:28,0
DA:36,0
DA:37,0
DA:39,0
DA:42,0
LF:15
LH:9
BRDA:4,0,0,39
BRDA:4,0,1,39
BRDA:4,1,0,0
BRDA:4,1,1,39
BRDA:11,2,0,0
BRDA:18,3,0,0
BRDA:22,4,0,69
BRDA:36,5,0,0
BRDA:36,5,1,0
BRF:9
BRH:4
end_of_record
TN:
SF:src\app\shared\utils\formUtilities.ts
FN:8,(anonymous_0)
FNF:1
FNH:1
FNDA:18,(anonymous_0)
DA:8,2
DA:9,18
LF:2
LH:2
BRF:0
BRH:0
end_of_record
TN:
SF:src\app\shared\utils\logUtilities.ts
FN:8,(anonymous_1)
FN:18,(anonymous_2)
FN:32,(anonymous_3)
FN:47,(anonymous_4)
FN:55,(anonymous_5)
FNF:5
FNH:5
FNDA:69,(anonymous_1)
FNDA:1450,(anonymous_2)
FNDA:139,(anonymous_3)
FNDA:753,(anonymous_4)
FNDA:697,(anonymous_5)
DA:1,44
DA:8,44
DA:9,69
DA:18,2900
DA:19,1450
DA:20,0
DA:21,0
DA:32,279
DA:33,139
DA:34,139
DA:36,139
DA:37,139
DA:39,0
DA:47,44
DA:48,753
DA:55,44
DA:56,697
LF:17
LH:14
BRDA:9,0,0,69
BRDA:9,0,1,69
BRDA:9,0,2,0
BRDA:19,1,0,0
BRDA:33,2,0,69
BRDA:33,2,1,70
BRDA:34,3,0,139
BRDA:34,3,1,0
BRDA:36,4,0,139
BRDA:36,4,1,0
BRF:10
BRH:6
end_of_record
TN:
SF:src\app\shared\utils\utilities.ts
FN:7,(anonymous_0)
FN:16,(anonymous_1)
FN:25,(anonymous_2)
FNF:3
FNH:3
FNDA:42,(anonymous_0)
FNDA:1519,(anonymous_1)
FNDA:4,(anonymous_2)
DA:1,44
DA:7,44
DA:8,42
DA:9,42
DA:16,44
DA:17,1519
DA:18,1519
DA:25,44
DA:26,4
DA:27,4
LF:10
LH:10
BRDA:8,0,0,42
BRDA:8,0,1,0
BRDA:17,1,0,1519
BRDA:17,1,1,0
BRDA:26,2,0,4
BRDA:26,2,1,0
BRF:6
BRH:3
end_of_record
TN:
SF:src\app\shared\utils\validateUtilities.ts
FN:8,(anonymous_0)
FN:17,(anonymous_1)
FN:27,(anonymous_2)
FN:39,(anonymous_3)
FN:54,(anonymous_4)
FN:69,(anonymous_5)
FN:84,(anonymous_6)
FN:99,(anonymous_7)
FN:114,(anonymous_8)
FN:128,(anonymous_9)
FN:129,(anonymous_10)
FNF:11
FNH:11
FNDA:6,(anonymous_0)
FNDA:5,(anonymous_1)
FNDA:10,(anonymous_2)
FNDA:639,(anonymous_3)
FNDA:23,(anonymous_4)
FNDA:318,(anonymous_5)
FNDA:64,(anonymous_6)
FNDA:53,(anonymous_7)
FNDA:30,(anonymous_8)
FNDA:717,(anonymous_9)
FNDA:1127,(anonymous_10)
DA:8,41
DA:9,6
DA:17,41
DA:18,5
DA:19,5
DA:27,41
DA:29,10
DA:30,10
DA:39,41
DA:40,1652
DA:41,1652
DA:42,41
DA:45,598
DA:54,41
DA:55,46
DA:56,43
DA:57,2
DA:60,21
DA:69,41
DA:70,636
DA:71,318
DA:72,5
DA:75,313
DA:84,41
DA:85,128
DA:86,79
DA:87,3
DA:90,61
DA:99,41
DA:100,106
DA:101,53
DA:102,6
DA:105,47
DA:114,41
DA:115,60
DA:116,30
DA:117,5
DA:120,25
DA:128,41
DA:129,1127
DA:130,717
LF:41
LH:41
BRDA:9,0,0,6
BRDA:9,0,1,6
BRDA:41,1,0,41
BRDA:56,2,0,2
BRDA:56,3,0,43
BRDA:56,3,1,43
BRDA:71,4,0,5
BRDA:86,5,0,3
BRDA:101,6,0,6
BRDA:101,7,0,53
BRDA:101,7,1,51
BRDA:116,8,0,5
BRDA:129,9,0,1127
BRDA:129,9,1,62
BRDA:130,10,0,57
BRDA:130,10,1,660
BRDA:130,11,0,717
BRDA:130,11,1,717
BRF:18
BRH:18
end_of_record
TN:
SF:src\test\mocks\mockData.ts
FNF:0
FNH:0
DA:4,8
DA:79,8
DA:83,8
LF:3
LH:3
BRF:0
BRH:0
end_of_record
