TN:
SF:src\app\components\about\About.tsx
FN:14,(anonymous_1)
FNF:1
FNH:1
FNDA:2,(anonymous_1)
DA:1,1
DA:2,1
DA:3,1
DA:4,1
DA:5,1
DA:6,1
DA:7,1
DA:8,1
DA:14,1
DA:15,2
DA:18,2
DA:21,2
DA:22,1
DA:23,1
DA:24,1
DA:25,1
DA:28,1
DA:30,1
DA:31,1
DA:47,1
LF:20
LH:20
BRDA:21,0,0,1
BRDA:21,1,0,2
BRDA:21,1,1,1
BRDA:21,1,2,1
BRF:4
BRH:4
end_of_record
TN:
SF:src\app\components\about\AboutContents.tsx
FN:21,(anonymous_1)
FNF:1
FNH:1
FNDA:4,(anonymous_1)
DA:1,2
DA:2,2
DA:3,2
DA:4,2
DA:6,2
DA:7,2
DA:8,2
DA:9,2
DA:10,2
DA:21,2
DA:24,4
DA:27,4
DA:28,4
DA:29,4
DA:30,1
DA:31,1
DA:32,1
DA:33,1
DA:36,3
DA:37,3
DA:38,3
DA:40,3
DA:41,3
DA:57,2
LF:24
LH:24
BRDA:29,0,0,1
BRF:1
BRH:1
end_of_record
TN:
SF:src\app\components\about\profile\ProfileCard.tsx
FN:20,(anonymous_1)
FNF:1
FNH:1
FNDA:5,(anonymous_1)
DA:1,3
DA:2,3
DA:4,3
DA:5,3
DA:6,3
DA:7,3
DA:8,3
DA:9,3
DA:20,3
DA:23,5
DA:26,5
DA:27,5
DA:28,5
DA:29,1
DA:30,1
DA:31,1
DA:32,1
DA:35,4
DA:36,4
DA:49,3
LF:20
LH:20
BRDA:28,0,0,1
BRF:1
BRH:1
end_of_record
TN:
SF:src\app\components\about\profile\ProfileContentsCard.tsx
FN:19,(anonymous_1)
FN:42,(anonymous_2)
FNF:2
FNH:2
FNDA:8,(anonymous_1)
FNDA:12,(anonymous_2)
DA:1,4
DA:2,4
DA:3,4
DA:4,4
DA:5,4
DA:6,4
DA:7,4
DA:8,4
DA:19,4
DA:22,8
DA:25,8
DA:26,8
DA:27,8
DA:28,1
DA:29,1
DA:30,1
DA:31,1
DA:34,7
DA:35,7
DA:37,7
DA:38,7
DA:43,12
DA:53,4
LF:23
LH:23
BRDA:27,0,0,1
BRDA:40,1,0,4
BRDA:40,1,1,3
BRF:3
BRH:3
end_of_record
TN:
SF:src\app\components\about\profile\ProfileStandardCard.tsx
FN:27,(anonymous_1)
FN:66,(anonymous_2)
FNF:2
FNH:2
FNDA:12,(anonymous_1)
FNDA:19,(anonymous_2)
DA:1,4
DA:2,4
DA:3,4
DA:5,4
DA:6,4
DA:7,4
DA:8,4
DA:9,4
DA:10,4
DA:11,4
DA:21,4
DA:27,4
DA:32,12
DA:35,12
DA:36,12
DA:37,12
DA:38,12
DA:39,2
DA:40,2
DA:41,2
DA:42,2
DA:45,10
DA:46,10
DA:48,10
DA:49,10
DA:67,19
DA:69,19
DA:87,4
LF:28
LH:28
BRDA:29,0,0,11
BRDA:30,1,0,11
BRDA:38,2,0,2
BRDA:51,3,0,5
BRDA:51,3,1,5
BRDA:61,4,0,10
BRDA:61,4,1,1
BRDA:67,5,0,9
BRDA:67,5,1,10
BRF:9
BRH:9
end_of_record
TN:
SF:src\app\components\careers\cards\CareerCard.tsx
FN:30,(anonymous_1)
FN:63,(anonymous_2)
FNF:2
FNH:2
FNDA:12,(anonymous_1)
FNDA:1,(anonymous_2)
DA:1,1
DA:2,1
DA:3,1
DA:5,1
DA:6,1
DA:7,1
DA:8,1
DA:9,1
DA:10,1
DA:11,1
DA:12,1
DA:13,1
DA:14,1
DA:15,1
DA:16,1
DA:30,1
DA:36,12
DA:39,12
DA:42,12
DA:43,12
DA:44,12
DA:45,12
DA:46,1
DA:47,1
DA:48,1
DA:49,1
DA:53,11
DA:54,11
DA:55,11
DA:56,11
DA:58,11
DA:59,11
DA:63,1
DA:104,1
LF:34
LH:34
BRDA:34,0,0,2
BRDA:45,1,0,1
BRF:2
BRH:2
end_of_record
TN:
SF:src\app\components\careers\cards\StackCard.tsx
FN:13,(anonymous_1)
FNF:1
FNH:1
FNDA:4,(anonymous_1)
DA:1,1
DA:2,1
DA:13,1
DA:16,4
DA:17,4
DA:24,1
LF:6
LH:6
BRDA:14,0,0,1
BRF:1
BRH:1
end_of_record
TN:
SF:src\app\components\careers\parts\CareerContents.tsx
FN:19,(anonymous_1)
FNF:1
FNH:1
FNDA:8,(anonymous_1)
DA:1,1
DA:2,1
DA:3,1
DA:4,1
DA:5,1
DA:6,1
DA:19,1
DA:24,8
DA:27,8
DA:28,8
DA:29,8
DA:30,1
DA:31,1
DA:32,1
DA:33,1
DA:36,7
DA:37,7
DA:48,1
LF:18
LH:18
BRDA:22,0,0,1
BRDA:29,1,0,1
BRF:2
BRH:2
end_of_record
TN:
SF:src\app\components\careers\parts\CareerMember.tsx
FN:19,(anonymous_1)
FNF:1
FNH:1
FNDA:8,(anonymous_1)
DA:1,1
DA:2,1
DA:3,1
DA:4,1
DA:5,1
DA:6,1
DA:19,1
DA:24,8
DA:27,8
DA:28,8
DA:29,8
DA:30,1
DA:31,1
DA:32,1
DA:33,1
DA:36,7
DA:37,7
DA:46,1
LF:18
LH:18
BRDA:22,0,0,1
BRDA:29,1,0,1
BRF:2
BRH:2
end_of_record
TN:
SF:src\app\components\careers\parts\CareerPeriod.tsx
FN:20,(anonymous_1)
FNF:1
FNH:1
FNDA:9,(anonymous_1)
DA:1,1
DA:2,1
DA:3,1
DA:4,1
DA:5,1
DA:6,1
DA:20,1
DA:26,9
DA:29,9
DA:30,9
DA:31,9
DA:32,1
DA:33,1
DA:34,1
DA:35,1
DA:38,8
DA:39,8
DA:50,1
LF:18
LH:18
BRDA:24,0,0,2
BRDA:31,1,0,1
BRF:2
BRH:2
end_of_record
TN:
SF:src\app\components\careers\parts\CareerPhase.tsx
FN:20,(anonymous_1)
FN:47,(anonymous_2)
FNF:2
FNH:2
FNDA:8,(anonymous_1)
FNDA:21,(anonymous_2)
DA:1,1
DA:2,1
DA:3,1
DA:4,1
DA:5,1
DA:6,1
DA:7,1
DA:20,1
DA:25,8
DA:28,8
DA:29,8
DA:30,8
DA:31,8
DA:32,1
DA:33,1
DA:34,1
DA:35,1
DA:38,7
DA:39,7
DA:48,21
DA:55,1
LF:21
LH:21
BRDA:23,0,0,2
BRDA:31,1,0,1
BRF:2
BRH:2
end_of_record
TN:
SF:src\app\components\careers\parts\CareerRole.tsx
FN:19,(anonymous_1)
FNF:1
FNH:1
FNDA:8,(anonymous_1)
DA:1,1
DA:2,1
DA:3,1
DA:4,1
DA:5,1
DA:6,1
DA:19,1
DA:24,8
DA:27,8
DA:28,8
DA:29,8
DA:30,1
DA:31,1
DA:32,1
DA:33,1
DA:36,7
DA:37,7
DA:48,1
LF:18
LH:18
BRDA:22,0,0,2
BRDA:29,1,0,1
BRF:2
BRH:2
end_of_record
TN:
SF:src\app\components\careers\parts\CareerStacks.tsx
FN:20,(anonymous_1)
FN:47,(anonymous_2)
FNF:2
FNH:2
FNDA:8,(anonymous_1)
FNDA:21,(anonymous_2)
DA:1,1
DA:2,1
DA:3,1
DA:4,1
DA:5,1
DA:6,1
DA:7,1
DA:20,1
DA:25,8
DA:28,8
DA:29,8
DA:30,8
DA:31,8
DA:32,1
DA:33,1
DA:34,1
DA:35,1
DA:38,7
DA:39,7
DA:48,21
DA:55,1
LF:21
LH:21
BRDA:23,0,0,2
BRDA:31,1,0,1
BRF:2
BRH:2
end_of_record
TN:
SF:src\app\components\careers\parts\CareerTitle.tsx
FN:19,(anonymous_1)
FNF:1
FNH:1
FNDA:6,(anonymous_1)
DA:1,1
DA:2,1
DA:3,1
DA:4,1
DA:5,1
DA:6,1
DA:7,1
DA:19,1
DA:23,6
DA:26,6
DA:27,6
DA:28,6
DA:29,1
DA:30,1
DA:31,1
DA:32,1
DA:35,5
DA:37,5
DA:38,5
DA:47,1
LF:20
LH:20
BRDA:21,0,0,2
BRDA:28,1,0,1
BRF:2
BRH:2
end_of_record
TN:
SF:src\app\components\common\error\ErrorComponent.tsx
FN:13,(anonymous_1)
FNF:1
FNH:1
FNDA:69,(anonymous_1)
DA:1,39
DA:13,39
DA:14,69
DA:15,69
DA:20,39
LF:5
LH:5
BRF:0
BRH:0
end_of_record
TN:
SF:src\app\components\common\icons\ArrowIcon.tsx
FN:15,(anonymous_1)
FNF:1
FNH:1
FNDA:56,(anonymous_1)
DA:1,2
DA:2,2
DA:15,2
DA:20,56
DA:22,56
DA:38,2
LF:6
LH:6
BRDA:16,0,0,3
BRDA:17,1,0,3
BRDA:18,2,0,55
BRF:3
BRH:3
end_of_record
TN:
SF:src\app\components\common\icons\ProfileIcon.tsx
FN:19,(anonymous_1)
FNF:1
FNH:1
FNDA:15,(anonymous_1)
DA:1,5
DA:2,5
DA:13,5
DA:19,5
DA:25,15
DA:27,15
DA:43,5
LF:7
LH:7
BRDA:22,0,0,3
BRDA:23,1,0,14
BRDA:25,2,0,1
BRDA:25,2,1,14
BRF:4
BRH:4
end_of_record
TN:
SF:src\app\components\common\icons\ScrollTopIcon.tsx
FN:14,(anonymous_1)
FNF:1
FNH:1
FNDA:11,(anonymous_1)
DA:1,3
DA:2,3
DA:14,3
DA:18,11
DA:19,11
DA:20,11
DA:22,11
DA:37,3
LF:8
LH:8
BRDA:15,0,0,10
BRDA:16,1,0,10
BRF:2
BRH:2
end_of_record
TN:
SF:src\app\components\common\icons\SnsIconLink.tsx
FN:21,(anonymous_1)
FNF:1
FNH:1
FNDA:25,(anonymous_1)
DA:1,5
DA:2,5
DA:3,5
DA:15,5
DA:21,5
DA:28,25
DA:30,25
DA:47,5
LF:8
LH:8
BRDA:24,0,0,5
BRDA:25,1,0,4
BRDA:26,2,0,5
BRDA:28,3,0,1
BRDA:28,3,1,24
BRF:5
BRH:5
end_of_record
TN:
SF:src\app\components\common\notice\Notification.tsx
FN:21,(anonymous_1)
FNF:1
FNH:1
FNDA:8,(anonymous_1)
DA:1,2
DA:2,2
DA:3,2
DA:4,2
DA:5,2
DA:6,2
DA:21,2
DA:28,8
DA:30,8
DA:31,8
DA:32,8
DA:33,8
DA:34,1
DA:35,1
DA:36,1
DA:37,1
DA:40,7
DA:41,7
DA:43,7
DA:44,7
DA:52,2
LF:21
LH:21
BRDA:22,0,0,2
BRDA:23,1,0,2
BRDA:24,2,0,2
BRDA:33,3,0,1
BRDA:40,4,0,5
BRDA:40,4,1,2
BRDA:41,5,0,1
BRDA:41,5,1,6
BRF:8
BRH:8
end_of_record
TN:
SF:src\app\components\common\scroll\ScrollComponent.tsx
FN:8,(anonymous_6)
FNF:1
FNH:1
FNDA:2,(anonymous_6)
DA:1,1
DA:2,1
DA:8,1
DA:9,2
DA:11,2
DA:12,2
DA:14,2
DA:23,1
LF:8
LH:8
BRF:0
BRH:0
end_of_record
TN:
SF:src\app\components\common\slides\Navigator.tsx
FN:21,(anonymous_1)
FNF:1
FNH:1
FNDA:6,(anonymous_1)
DA:1,1
DA:2,1
DA:3,1
DA:4,1
DA:5,1
DA:6,1
DA:7,1
DA:21,1
DA:27,6
DA:30,6
DA:31,6
DA:32,6
DA:33,1
DA:34,1
DA:35,1
DA:36,1
DA:39,5
DA:41,5
DA:42,5
DA:54,1
LF:20
LH:20
BRDA:23,0,0,1
BRDA:24,1,0,1
BRDA:32,2,0,1
BRDA:47,3,0,3
BRDA:47,3,1,2
BRDA:48,4,0,3
BRDA:48,4,1,2
BRF:7
BRH:7
end_of_record
TN:
SF:src\app\components\common\spinner\LoadingSpinner.tsx
FN:12,(anonymous_1)
FNF:1
FNH:1
FNDA:5,(anonymous_1)
DA:1,2
DA:12,2
DA:15,5
DA:17,5
DA:26,2
LF:5
LH:5
BRDA:13,0,0,1
BRDA:15,1,0,2
BRDA:15,1,1,3
BRF:3
BRH:3
end_of_record
TN:
SF:src\app\components\common\title\Title.tsx
FN:12,(anonymous_1)
FNF:1
FNH:1
FNDA:7,(anonymous_1)
DA:1,3
DA:12,3
DA:13,7
DA:15,7
DA:22,3
LF:5
LH:5
BRF:0
BRH:0
end_of_record
TN:
SF:src\app\components\contact\Contact.tsx
FN:15,(anonymous_1)
FNF:1
FNH:1
FNDA:6,(anonymous_1)
DA:1,1
DA:2,1
DA:3,1
DA:4,1
DA:5,1
DA:6,1
DA:7,1
DA:8,1
DA:9,1
DA:15,1
DA:16,6
DA:19,6
DA:22,6
DA:23,2
DA:24,2
DA:25,2
DA:26,2
DA:28,4
DA:32,4
DA:37,4
DA:38,4
DA:39,2
DA:40,2
DA:41,2
DA:42,2
DA:45,2
DA:46,2
DA:47,2
DA:63,1
LF:29
LH:29
BRDA:22,0,0,2
BRDA:22,1,0,6
BRDA:22,1,1,5
BRDA:22,1,2,4
BRDA:33,2,0,4
BRDA:33,2,1,1
BRDA:34,3,0,4
BRDA:34,3,1,1
BRDA:35,4,0,4
BRDA:35,4,1,1
BRDA:36,5,0,4
BRDA:36,5,1,1
BRDA:38,6,0,2
BRF:13
BRH:13
end_of_record
TN:
SF:src\app\components\contact\ContactForm.tsx
FN:28,(anonymous_1)
FN:78,(anonymous_2)
FN:94,(anonymous_3)
FN:108,(anonymous_4)
FNF:4
FNH:4
FNDA:44,(anonymous_1)
FNDA:7,(anonymous_2)
FNDA:6,(anonymous_3)
FNDA:5,(anonymous_4)
DA:1,2
DA:2,2
DA:4,2
DA:5,2
DA:6,2
DA:7,2
DA:8,2
DA:9,2
DA:10,2
DA:11,2
DA:12,2
DA:13,2
DA:21,2
DA:22,2
DA:28,2
DA:31,44
DA:43,44
DA:46,44
DA:51,44
DA:52,44
DA:53,4
DA:54,4
DA:55,4
DA:56,4
DA:59,40
DA:60,40
DA:78,7
DA:94,6
DA:108,5
DA:121,2
LF:30
LH:30
BRDA:52,0,0,4
BRF:1
BRH:1
end_of_record
TN:
SF:src\app\components\contact\input\ContactButton.tsx
FN:17,defaultHandler
FN:23,(anonymous_2)
FNF:2
FNH:2
FNDA:7,defaultHandler
FNDA:48,(anonymous_2)
DA:1,3
DA:2,3
DA:3,3
DA:4,3
DA:5,3
DA:6,3
DA:23,3
DA:30,48
DA:33,48
DA:34,48
DA:35,48
DA:36,1
DA:37,1
DA:38,1
DA:39,1
DA:42,47
DA:43,47
DA:54,3
LF:18
LH:18
BRDA:24,0,0,41
BRDA:26,1,0,7
BRDA:27,2,0,47
BRDA:35,3,0,1
BRDA:48,4,0,47
BRDA:48,4,1,46
BRF:6
BRH:6
end_of_record
TN:
SF:src\app\components\contact\input\ContactFreeTextInput.tsx
FN:24,(anonymous_1)
FNF:1
FNH:1
FNDA:48,(anonymous_1)
DA:1,3
DA:2,3
DA:3,3
DA:4,3
DA:5,3
DA:6,3
DA:24,3
DA:34,48
DA:37,48
DA:38,48
DA:39,48
DA:40,48
DA:41,3
DA:42,3
DA:43,3
DA:44,3
DA:47,45
DA:48,45
DA:63,3
LF:19
LH:19
BRDA:29,0,0,41
BRDA:30,1,0,40
BRDA:40,2,0,3
BRDA:57,3,0,5
BRDA:57,3,1,40
BRDA:58,4,0,45
BRDA:58,4,1,40
BRF:7
BRH:7
end_of_record
TN:
SF:src\app\components\contact\input\ContactInput.tsx
FN:22,(anonymous_1)
FNF:1
FNH:1
FNDA:129,(anonymous_1)
DA:1,3
DA:2,3
DA:3,3
DA:4,3
DA:5,3
DA:6,3
DA:22,3
DA:30,129
DA:33,129
DA:34,129
DA:35,129
DA:36,3
DA:37,3
DA:38,3
DA:39,3
DA:42,126
DA:43,126
DA:63,3
LF:18
LH:18
BRDA:26,0,0,124
BRDA:27,1,0,3
BRDA:35,2,0,3
BRDA:51,3,0,126
BRDA:51,3,1,122
BRF:5
BRH:5
end_of_record
TN:
SF:src\app\components\contact\input\ContactTextInput.tsx
FN:25,(anonymous_1)
FNF:1
FNH:1
FNDA:89,(anonymous_1)
DA:1,3
DA:2,3
DA:3,3
DA:4,3
DA:5,3
DA:6,3
DA:25,3
DA:36,89
DA:39,89
DA:40,89
DA:41,89
DA:42,89
DA:43,5
DA:44,5
DA:45,5
DA:46,5
DA:49,84
DA:50,84
DA:66,3
LF:19
LH:19
BRDA:31,0,0,81
BRDA:42,1,0,5
BRDA:60,2,0,5
BRDA:60,2,1,79
BRDA:61,3,0,84
BRDA:61,3,1,79
BRF:6
BRH:6
end_of_record
TN:
SF:src\app\components\contact\notice\ContactSendNotification.tsx
FN:11,(anonymous_1)
FNF:1
FNH:1
FNDA:4,(anonymous_1)
DA:1,1
DA:2,1
DA:3,1
DA:4,1
DA:5,1
DA:11,1
DA:12,4
DA:20,4
DA:21,4
DA:22,4
DA:24,4
DA:25,4
DA:35,1
LF:13
LH:13
BRDA:21,0,0,2
BRDA:21,0,1,2
BRDA:22,1,0,4
BRDA:22,1,1,0
BRDA:22,2,0,2
BRDA:22,2,1,2
BRF:6
BRH:5
end_of_record
TN:
SF:src\app\components\contact\spinner\ContactActionSpinner.tsx
FN:10,(anonymous_1)
FNF:1
FNH:1
FNDA:2,(anonymous_1)
DA:1,1
DA:2,1
DA:3,1
DA:4,1
DA:10,1
DA:11,2
DA:16,2
DA:17,2
DA:19,2
DA:20,2
DA:25,1
LF:11
LH:11
BRF:0
BRH:0
end_of_record
TN:
SF:src\app\components\footer\Footer.tsx
FN:19,(anonymous_1)
FNF:1
FNH:1
FNDA:7,(anonymous_1)
DA:1,1
DA:2,1
DA:5,1
DA:6,1
DA:7,1
DA:8,1
DA:9,1
DA:10,1
DA:11,1
DA:12,1
DA:13,1
DA:19,1
DA:20,7
DA:23,7
DA:25,7
DA:28,7
DA:29,1
DA:30,1
DA:31,1
DA:32,1
DA:35,6
DA:36,6
DA:38,6
DA:39,6
DA:73,1
LF:25
LH:25
BRDA:28,0,0,1
BRDA:28,1,0,7
BRDA:28,1,1,7
BRF:3
BRH:3
end_of_record
TN:
SF:src\app\components\footer\parts\FooterArrowLink.tsx
FN:21,(anonymous_1)
FNF:1
FNH:1
FNDA:11,(anonymous_1)
DA:1,2
DA:2,2
DA:3,2
DA:4,2
DA:5,2
DA:6,2
DA:7,2
DA:21,2
DA:27,11
DA:30,11
DA:31,11
DA:32,11
DA:33,1
DA:34,1
DA:35,1
DA:36,1
DA:39,10
DA:40,10
DA:50,2
LF:19
LH:19
BRDA:22,0,0,2
BRDA:23,1,0,8
BRDA:25,2,0,7
BRDA:32,3,0,1
BRF:4
BRH:4
end_of_record
TN:
SF:src\app\components\footer\parts\FooterCopyRight.tsx
FN:14,(anonymous_1)
FNF:1
FNH:1
FNDA:9,(anonymous_1)
DA:1,2
DA:2,2
DA:14,2
DA:18,9
DA:19,9
DA:26,2
LF:6
LH:6
BRDA:15,0,0,1
BRDA:16,1,0,1
BRF:2
BRH:2
end_of_record
TN:
SF:src\app\components\footer\parts\FooterLink.tsx
FN:21,(anonymous_1)
FNF:1
FNH:1
FNDA:30,(anonymous_1)
DA:1,2
DA:2,2
DA:3,2
DA:4,2
DA:5,2
DA:6,2
DA:7,2
DA:8,2
DA:21,2
DA:26,30
DA:28,30
DA:31,30
DA:32,30
DA:33,30
DA:34,30
DA:35,6
DA:36,6
DA:37,6
DA:38,6
DA:41,24
DA:42,24
DA:43,24
DA:44,24
DA:45,24
DA:47,24
DA:48,24
DA:59,2
LF:27
LH:27
BRDA:34,0,0,6
BRDA:44,1,0,6
BRDA:44,1,1,18
BRF:3
BRH:3
end_of_record
TN:
SF:src\app\components\footer\parts\FooterTitleBtn.tsx
FN:21,(anonymous_1)
FNF:1
FNH:1
FNDA:12,(anonymous_1)
DA:1,2
DA:2,2
DA:3,2
DA:4,2
DA:5,2
DA:6,2
DA:21,2
DA:28,12
DA:31,12
DA:32,12
DA:33,12
DA:34,12
DA:35,1
DA:36,1
DA:37,1
DA:38,1
DA:41,11
DA:42,11
DA:54,2
LF:19
LH:19
BRDA:22,0,0,1
BRDA:23,1,0,7
BRDA:25,2,0,1
BRDA:34,3,0,1
BRF:4
BRH:4
end_of_record
TN:
SF:src\app\components\hero\Hero.tsx
FN:13,(anonymous_1)
FNF:1
FNH:1
FNDA:3,(anonymous_1)
DA:1,1
DA:2,1
DA:3,1
DA:4,1
DA:5,1
DA:6,1
DA:7,1
DA:13,1
DA:14,3
DA:17,3
DA:20,3
DA:21,2
DA:22,2
DA:23,2
DA:24,2
DA:27,1
DA:29,1
DA:30,1
DA:38,1
LF:19
LH:19
BRDA:20,0,0,2
BRDA:20,1,0,3
BRDA:20,1,1,2
BRF:3
BRH:3
end_of_record
TN:
SF:src\app\components\hero\background\HeroBackground.tsx
FN:21,(anonymous_1)
FNF:1
FNH:1
FNDA:6,(anonymous_1)
DA:1,2
DA:2,2
DA:3,2
DA:4,2
DA:5,2
DA:6,2
DA:7,2
DA:8,2
DA:21,2
DA:26,6
DA:29,6
DA:30,6
DA:31,6
DA:32,2
DA:33,2
DA:34,2
DA:35,2
DA:38,4
DA:39,4
DA:41,4
DA:42,4
DA:53,2
LF:22
LH:22
BRDA:23,0,0,3
BRDA:31,1,0,2
BRF:2
BRH:2
end_of_record
TN:
SF:src\app\components\navbar\HamburgerMenu.tsx
FN:33,(anonymous_7)
FN:45,(anonymous_8)
FN:46,(anonymous_9)
FN:82,(anonymous_10)
FN:94,(anonymous_11)
FN:98,(anonymous_12)
FNF:6
FNH:6
FNDA:14,(anonymous_7)
FNDA:9,(anonymous_8)
FNDA:9,(anonymous_9)
FNDA:1,(anonymous_10)
FNDA:52,(anonymous_11)
FNDA:4,(anonymous_12)
DA:1,1
DA:2,1
DA:3,1
DA:5,1
DA:11,1
DA:12,1
DA:13,1
DA:14,1
DA:15,1
DA:16,1
DA:17,1
DA:18,1
DA:33,1
DA:40,14
DA:43,14
DA:45,14
DA:46,9
DA:50,14
DA:51,14
DA:52,14
DA:53,14
DA:54,14
DA:55,1
DA:56,1
DA:57,1
DA:58,1
DA:62,13
DA:63,13
DA:64,13
DA:65,13
DA:66,13
DA:67,13
DA:68,13
DA:70,13
DA:71,13
DA:73,13
DA:74,13
DA:83,1
DA:84,1
DA:95,52
DA:99,4
DA:100,4
DA:120,1
LF:43
LH:43
BRDA:54,0,0,1
BRDA:112,1,0,13
BRDA:112,1,1,8
BRF:3
BRH:3
end_of_record
TN:
SF:src\app\components\navbar\NavBar.tsx
FN:17,(anonymous_1)
FNF:1
FNH:1
FNDA:4,(anonymous_1)
DA:1,1
DA:2,1
DA:3,1
DA:4,1
DA:5,1
DA:6,1
DA:7,1
DA:8,1
DA:9,1
DA:10,1
DA:11,1
DA:17,1
DA:18,4
DA:21,4
DA:23,4
DA:25,4
DA:26,4
DA:27,4
DA:28,4
DA:31,4
DA:32,1
DA:33,1
DA:34,1
DA:35,1
DA:38,3
DA:39,3
DA:46,3
DA:47,3
DA:48,3
DA:49,3
DA:51,3
DA:52,3
DA:53,3
DA:54,3
DA:55,3
DA:57,3
DA:59,3
DA:60,3
DA:86,1
LF:39
LH:39
BRDA:31,0,0,1
BRDA:31,1,0,4
BRDA:31,1,1,3
BRDA:31,1,2,3
BRF:4
BRH:4
end_of_record
TN:
SF:src\app\components\navbar\NormalMenu.tsx
FN:19,(anonymous_1)
FN:38,(anonymous_2)
FNF:2
FNH:2
FNDA:3,(anonymous_1)
FNDA:8,(anonymous_2)
DA:1,1
DA:2,1
DA:4,1
DA:5,1
DA:6,1
DA:7,1
DA:8,1
DA:19,1
DA:22,3
DA:25,3
DA:26,3
DA:27,3
DA:28,1
DA:29,1
DA:30,1
DA:31,1
DA:34,2
DA:35,2
DA:39,8
DA:40,8
DA:41,8
DA:43,8
DA:58,1
LF:23
LH:23
BRDA:27,0,0,1
BRDA:40,1,0,6
BRDA:40,1,1,2
BRF:3
BRH:3
end_of_record
TN:
SF:src\app\components\navbar\hamburger\HamburgerCloseBtn.tsx
FN:19,(anonymous_1)
FNF:1
FNH:1
FNDA:17,(anonymous_1)
DA:1,2
DA:2,2
DA:3,2
DA:4,2
DA:5,2
DA:6,2
DA:7,2
DA:19,2
DA:23,17
DA:26,17
DA:27,17
DA:28,17
DA:29,1
DA:30,1
DA:31,1
DA:32,1
DA:35,16
DA:36,16
DA:37,16
DA:39,16
DA:40,16
DA:51,2
LF:22
LH:22
BRDA:21,0,0,15
BRDA:28,1,0,1
BRF:2
BRH:2
end_of_record
TN:
SF:src\app\components\navbar\hamburger\HamburgerLink.tsx
FN:19,(anonymous_1)
FNF:1
FNH:1
FNDA:55,(anonymous_1)
DA:1,2
DA:2,2
DA:3,2
DA:4,2
DA:5,2
DA:6,2
DA:19,2
DA:24,55
DA:27,55
DA:28,55
DA:29,55
DA:30,55
DA:31,1
DA:32,1
DA:33,1
DA:34,1
DA:37,54
DA:38,54
DA:68,2
LF:19
LH:19
BRDA:30,0,0,1
BRF:1
BRH:1
end_of_record
TN:
SF:src\app\components\navbar\hamburger\HamburgerOpenBtn.tsx
FN:19,(anonymous_1)
FNF:1
FNH:1
FNDA:12,(anonymous_1)
DA:1,2
DA:2,2
DA:3,2
DA:4,2
DA:5,2
DA:6,2
DA:7,2
DA:19,2
DA:23,12
DA:26,12
DA:27,12
DA:28,12
DA:29,1
DA:30,1
DA:31,1
DA:32,1
DA:35,11
DA:36,11
DA:37,11
DA:39,11
DA:40,11
DA:53,2
LF:22
LH:22
BRDA:21,0,0,10
BRDA:28,1,0,1
BRF:2
BRH:2
end_of_record
TN:
SF:src\app\components\navbar\normal\NormalHeaderMenuLink.tsx
FN:21,(anonymous_1)
FNF:1
FNH:1
FNDA:14,(anonymous_1)
DA:1,2
DA:2,2
DA:3,2
DA:4,2
DA:5,2
DA:6,2
DA:21,2
DA:28,14
DA:31,14
DA:32,14
DA:33,14
DA:34,14
DA:35,2
DA:36,2
DA:37,2
DA:38,2
DA:41,12
DA:42,12
DA:53,2
LF:19
LH:19
BRDA:22,0,0,1
BRDA:24,1,0,1
BRDA:34,2,0,2
BRF:3
BRH:3
end_of_record
TN:
SF:src\app\components\navbar\title\NavBarTitle.tsx
FN:20,(anonymous_1)
FNF:1
FNH:1
FNDA:21,(anonymous_1)
DA:1,3
DA:2,3
DA:3,3
DA:4,3
DA:5,3
DA:6,3
DA:20,3
DA:26,21
DA:29,21
DA:30,21
DA:31,21
DA:32,21
DA:33,2
DA:34,2
DA:35,2
DA:36,2
DA:39,19
DA:40,19
DA:50,3
LF:19
LH:19
BRDA:22,0,0,1
BRDA:32,1,0,2
BRF:2
BRH:2
end_of_record
TN:
SF:src\app\components\skills\SkillCard.tsx
FN:28,(anonymous_1)
FNF:1
FNH:1
FNDA:39,(anonymous_1)
DA:1,2
DA:2,2
DA:3,2
DA:4,2
DA:6,2
DA:7,2
DA:8,2
DA:9,2
DA:12,2
DA:13,2
DA:14,2
DA:28,2
DA:34,39
DA:37,39
DA:38,39
DA:39,39
DA:40,39
DA:41,4
DA:42,4
DA:43,4
DA:44,4
DA:48,35
DA:49,35
DA:50,35
DA:51,35
DA:52,35
DA:53,35
DA:54,35
DA:55,35
DA:57,35
DA:58,35
DA:87,2
LF:32
LH:32
BRDA:30,0,0,38
BRDA:31,1,0,37
BRDA:32,2,0,37
BRDA:40,3,0,4
BRDA:54,4,0,1
BRDA:54,4,1,34
BRDA:55,5,0,34
BRDA:55,5,1,1
BRF:8
BRH:8
end_of_record
TN:
SF:src\app\components\skills\Skills.tsx
FN:21,(anonymous_1)
FN:50,(anonymous_2)
FNF:2
FNH:2
FNDA:12,(anonymous_1)
FNDA:60,(anonymous_2)
DA:1,1
DA:2,1
DA:5,1
DA:6,1
DA:7,1
DA:8,1
DA:9,1
DA:10,1
DA:11,1
DA:12,1
DA:15,1
DA:21,1
DA:22,12
DA:25,12
DA:27,12
DA:30,12
DA:31,5
DA:32,5
DA:33,5
DA:34,5
DA:37,7
DA:38,7
DA:40,7
DA:41,7
DA:51,60
DA:52,36
DA:71,1
LF:27
LH:27
BRDA:15,0,0,1
BRDA:15,0,1,0
BRDA:30,1,0,5
BRDA:30,2,0,12
BRDA:30,2,1,9
BRDA:30,2,2,8
BRDA:51,3,0,24
BRF:7
BRH:6
end_of_record
TN:
SF:src\app\components\skills\SkillsAndMore.tsx
FN:25,(anonymous_7)
FN:35,(anonymous_8)
FNF:2
FNH:2
FNDA:11,(anonymous_7)
FNDA:1,(anonymous_8)
DA:1,2
DA:2,2
DA:3,2
DA:4,2
DA:5,2
DA:6,2
DA:7,2
DA:10,2
DA:25,2
DA:32,11
DA:35,11
DA:36,1
DA:40,11
DA:41,11
DA:42,11
DA:43,11
DA:45,11
DA:46,1
DA:47,1
DA:48,1
DA:49,1
DA:53,10
DA:62,10
DA:63,10
DA:74,2
LF:25
LH:25
BRDA:45,0,0,1
BRF:1
BRH:1
end_of_record
TN:
SF:src\app\contexts\introContext.tsx
FN:15,(anonymous_6)
FN:31,(anonymous_7)
FNF:2
FNH:2
FNDA:6,(anonymous_6)
FNDA:1,(anonymous_7)
DA:1,6
DA:12,6
DA:15,6
DA:16,6
DA:17,5
DA:18,4
DA:20,1
DA:31,6
DA:32,1
DA:33,1
DA:35,1
LF:11
LH:11
BRDA:17,0,0,4
BRF:1
BRH:1
end_of_record
TN:
SF:src\app\features\contact\contactSlice.ts
FN:39,(anonymous_0)
FN:42,(anonymous_1)
FN:45,(anonymous_2)
FN:48,(anonymous_3)
FN:51,(anonymous_4)
FN:54,(anonymous_5)
FN:58,(anonymous_6)
FN:61,(anonymous_7)
FN:65,(anonymous_8)
FN:73,(anonymous_9)
FNF:10
FNH:10
FNDA:12,(anonymous_0)
FNDA:11,(anonymous_1)
FNDA:10,(anonymous_2)
FNDA:10,(anonymous_3)
FNDA:3,(anonymous_4)
FNDA:6,(anonymous_5)
FNDA:3,(anonymous_6)
FNDA:4,(anonymous_7)
FNDA:3,(anonymous_8)
FNDA:13,(anonymous_9)
DA:1,9
DA:23,9
DA:35,9
DA:40,12
DA:43,11
DA:46,10
DA:49,10
DA:52,3
DA:55,6
DA:56,6
DA:59,3
DA:62,4
DA:63,4
DA:66,3
DA:67,3
DA:68,3
DA:69,3
DA:70,3
DA:71,3
DA:74,13
DA:80,9
DA:93,9
LF:22
LH:22
BRF:0
BRH:0
end_of_record
TN:
SF:src\app\features\contact\useContactLogic.ts
FN:33,(anonymous_1)
FN:38,(anonymous_2)
FN:39,(anonymous_3)
FN:40,(anonymous_4)
FN:41,(anonymous_5)
FN:42,(anonymous_6)
FN:43,(anonymous_7)
FN:44,(anonymous_8)
FN:51,(anonymous_9)
FN:68,(anonymous_10)
FN:73,(anonymous_11)
FN:78,(anonymous_12)
FN:89,(anonymous_13)
FN:151,(anonymous_14)
FN:152,(anonymous_15)
FN:153,(anonymous_16)
FN:154,(anonymous_17)
FN:155,(anonymous_18)
FN:156,(anonymous_19)
FN:157,(anonymous_20)
FN:161,(anonymous_21)
FNF:21
FNH:21
FNDA:87,(anonymous_1)
FNDA:190,(anonymous_2)
FNDA:190,(anonymous_3)
FNDA:190,(anonymous_4)
FNDA:187,(anonymous_5)
FNDA:188,(anonymous_6)
FNDA:190,(anonymous_7)
FNDA:190,(anonymous_8)
FNDA:13,(anonymous_9)
FNDA:9,(anonymous_10)
FNDA:2,(anonymous_11)
FNDA:1,(anonymous_12)
FNDA:13,(anonymous_13)
FNDA:12,(anonymous_14)
FNDA:11,(anonymous_15)
FNDA:10,(anonymous_16)
FNDA:1,(anonymous_17)
FNDA:1,(anonymous_18)
FNDA:1,(anonymous_19)
FNDA:1,(anonymous_20)
FNDA:1,(anonymous_21)
DA:1,6
DA:2,6
DA:3,6
DA:4,6
DA:5,6
DA:6,6
DA:7,6
DA:23,6
DA:24,6
DA:25,6
DA:26,6
DA:27,6
DA:29,6
DA:30,6
DA:33,6
DA:35,87
DA:38,190
DA:39,190
DA:40,190
DA:41,187
DA:42,188
DA:43,190
DA:44,190
DA:45,86
DA:51,86
DA:52,13
DA:54,13
DA:55,2
DA:56,13
DA:57,3
DA:58,13
DA:59,4
DA:61,13
DA:62,13
DA:68,86
DA:70,9
DA:73,9
DA:74,2
DA:78,9
DA:80,1
DA:81,1
DA:89,86
DA:90,13
DA:91,13
DA:93,13
DA:95,9
DA:101,7
DA:102,1
DA:103,1
DA:104,1
DA:108,6
DA:111,6
DA:112,6
DA:119,6
DA:120,6
DA:125,4
DA:126,3
DA:127,3
DA:128,3
DA:130,1
DA:131,1
DA:132,1
DA:135,2
DA:136,2
DA:137,2
DA:143,86
DA:151,12
DA:152,11
DA:153,10
DA:154,1
DA:155,1
DA:156,1
DA:157,1
DA:161,1
LF:74
LH:74
BRDA:54,0,0,2
BRDA:54,1,0,13
BRDA:54,1,1,11
BRDA:54,1,2,11
BRDA:56,2,0,3
BRDA:56,3,0,13
BRDA:56,3,1,11
BRDA:58,4,0,4
BRDA:58,5,0,13
BRDA:58,5,1,9
BRDA:91,6,0,13
BRDA:91,6,1,1
BRDA:91,7,0,0
BRDA:91,7,1,13
BRDA:93,8,0,9
BRDA:95,9,0,7
BRDA:101,10,0,1
BRDA:125,11,0,3
BRDA:125,11,1,1
BRF:19
BRH:18
end_of_record
TN:
SF:src\app\features\dialog\dialogSlice.ts
FN:20,(anonymous_0)
FN:24,(anonymous_1)
FNF:2
FNH:2
FNDA:2,(anonymous_0)
FNDA:1,(anonymous_1)
DA:1,4
DA:10,4
DA:16,4
DA:21,2
DA:22,2
DA:25,1
DA:26,1
DA:32,4
DA:33,4
LF:9
LH:9
BRF:0
BRH:0
end_of_record
TN:
SF:src\app\features\dialog\useDialogLogic.ts
FN:7,(anonymous_0)
FN:12,(anonymous_1)
FN:13,(anonymous_2)
FN:22,(anonymous_3)
FN:32,(anonymous_4)
FNF:5
FNH:5
FNDA:5,(anonymous_0)
FNDA:5,(anonymous_1)
FNDA:5,(anonymous_2)
FNDA:3,(anonymous_3)
FNDA:2,(anonymous_4)
DA:1,2
DA:2,2
DA:3,2
DA:7,2
DA:9,5
DA:12,5
DA:13,5
DA:16,5
DA:22,5
DA:23,3
DA:24,2
DA:26,1
DA:32,5
DA:33,2
DA:34,1
DA:37,5
LF:16
LH:16
BRDA:23,0,0,1
BRDA:24,1,0,1
BRDA:33,2,0,1
BRF:3
BRH:3
end_of_record
TN:
SF:src\app\features\loadlimit\loadLimitSlice.ts
FN:18,(anonymous_0)
FNF:1
FNH:1
FNDA:9,(anonymous_0)
DA:1,5
DA:9,5
DA:14,5
DA:19,9
DA:22,9
DA:27,3
DA:29,2
DA:32,2
DA:38,5
DA:39,5
LF:10
LH:10
BRDA:22,0,0,6
BRDA:22,1,0,9
BRDA:22,1,1,7
BRDA:22,1,2,6
BRDA:22,1,3,4
BRDA:27,2,0,1
BRDA:32,3,0,1
BRF:7
BRH:7
end_of_record
TN:
SF:src\app\features\loadlimit\useLoadLimit.ts
FN:6,(anonymous_0)
FN:11,(anonymous_1)
FN:18,(anonymous_2)
FNF:3
FNH:3
FNDA:8,(anonymous_0)
FNDA:1,(anonymous_1)
FNDA:6,(anonymous_2)
DA:1,3
DA:2,3
DA:6,3
DA:8,8
DA:11,8
DA:18,8
DA:20,6
DA:24,2
DA:26,1
DA:29,8
LF:10
LH:10
BRDA:20,0,0,4
BRDA:20,1,0,6
BRDA:20,1,1,5
BRDA:20,1,2,4
BRDA:20,1,3,3
BRDA:24,2,0,1
BRF:6
BRH:6
end_of_record
TN:
SF:src\app\hooks\useScroll.ts
FN:4,(anonymous_0)
FN:5,(anonymous_1)
FN:17,(anonymous_2)
FN:18,(anonymous_3)
FNF:4
FNH:4
FNDA:2,(anonymous_0)
FNDA:1,(anonymous_1)
FNDA:2,(anonymous_2)
FNDA:1,(anonymous_3)
DA:4,4
DA:5,2
DA:6,1
DA:17,4
DA:18,2
DA:19,1
DA:20,1
LF:7
LH:7
BRDA:19,0,0,1
BRF:1
BRH:1
end_of_record
TN:
SF:src\app\hooks\useWindowWidth.ts
FN:4,(anonymous_0)
FN:11,(anonymous_1)
FN:12,(anonymous_2)
FN:20,(anonymous_3)
FNF:4
FNH:4
FNDA:2,(anonymous_0)
FNDA:1,(anonymous_1)
FNDA:1,(anonymous_2)
FNDA:1,(anonymous_3)
DA:1,2
DA:4,2
DA:5,2
DA:6,2
DA:11,2
DA:12,1
DA:13,1
DA:17,1
DA:20,1
DA:21,1
DA:25,2
LF:11
LH:11
BRF:0
BRH:0
end_of_record
TN:
SF:src\app\shared\constants\constants.ts
FNF:0
FNH:0
DA:5,48
LF:1
LH:1
BRF:0
BRH:0
end_of_record
TN:
SF:src\app\shared\helper\googleCloudLogger.ts
FN:9,(anonymous_0)
FNF:1
FNH:1
FNDA:76,(anonymous_0)
DA:1,40
DA:2,40
DA:9,40
DA:10,76
DA:12,76
DA:18,76
DA:19,1
DA:22,75
DA:23,1
DA:24,1
DA:27,74
DA:28,74
DA:36,4
DA:37,3
DA:39,1
DA:42,70
LF:16
LH:16
BRDA:9,0,0,7
BRDA:10,1,0,76
BRDA:10,1,1,1
BRDA:10,2,0,1
BRDA:10,2,1,75
BRDA:18,3,0,1
BRDA:22,4,0,1
BRDA:36,5,0,3
BRDA:36,5,1,1
BRF:9
BRH:9
end_of_record
TN:
SF:src\app\shared\utils\formUtilities.ts
FN:8,(anonymous_0)
FNF:1
FNH:1
FNDA:18,(anonymous_0)
DA:8,2
DA:9,18
LF:2
LH:2
BRF:0
BRH:0
end_of_record
TN:
SF:src\app\shared\utils\logUtilities.ts
FN:8,(anonymous_0)
FN:18,(anonymous_1)
FN:32,(anonymous_2)
FN:47,(anonymous_3)
FN:55,(anonymous_4)
FNF:5
FNH:5
FNDA:73,(anonymous_0)
FNDA:1452,(anonymous_1)
FNDA:143,(anonymous_2)
FNDA:754,(anonymous_3)
FNDA:698,(anonymous_4)
DA:1,48
DA:8,48
DA:9,73
DA:18,48
DA:19,1452
DA:20,1
DA:21,1
DA:32,48
DA:33,143
DA:34,143
DA:36,143
DA:37,142
DA:39,1
DA:47,48
DA:48,754
DA:55,48
DA:56,698
LF:17
LH:17
BRDA:9,0,0,73
BRDA:9,0,1,73
BRDA:9,0,2,0
BRDA:19,1,0,1
BRDA:33,2,0,71
BRDA:33,2,1,72
BRDA:34,3,0,142
BRDA:34,3,1,1
BRDA:36,4,0,142
BRDA:36,4,1,1
BRF:10
BRH:9
end_of_record
TN:
SF:src\app\shared\utils\utilities.ts
FN:7,(anonymous_0)
FN:16,(anonymous_1)
FN:25,(anonymous_2)
FNF:3
FNH:3
FNDA:78,(anonymous_0)
FNDA:1521,(anonymous_1)
FNDA:6,(anonymous_2)
DA:1,46
DA:7,46
DA:8,78
DA:9,78
DA:16,46
DA:17,1521
DA:18,1521
DA:25,46
DA:26,6
DA:27,6
LF:10
LH:10
BRF:0
BRH:0
end_of_record
TN:
SF:src\app\shared\utils\validateUtilities.ts
FN:8,(anonymous_0)
FN:17,(anonymous_1)
FN:27,(anonymous_2)
FN:39,(anonymous_3)
FN:54,(anonymous_4)
FN:69,(anonymous_5)
FN:84,(anonymous_6)
FN:99,(anonymous_7)
FN:114,(anonymous_8)
FN:128,(anonymous_9)
FN:129,(anonymous_10)
FNF:11
FNH:11
FNDA:11,(anonymous_0)
FNDA:11,(anonymous_1)
FNDA:20,(anonymous_2)
FNDA:639,(anonymous_3)
FNDA:23,(anonymous_4)
FNDA:318,(anonymous_5)
FNDA:64,(anonymous_6)
FNDA:53,(anonymous_7)
FNDA:30,(anonymous_8)
FNDA:717,(anonymous_9)
FNDA:1127,(anonymous_10)
DA:8,44
DA:9,11
DA:17,44
DA:18,11
DA:19,11
DA:27,44
DA:29,20
DA:30,20
DA:39,44
DA:40,639
DA:41,1652
DA:42,41
DA:45,598
DA:54,44
DA:55,23
DA:56,43
DA:57,2
DA:60,21
DA:69,44
DA:70,318
DA:71,318
DA:72,5
DA:75,313
DA:84,44
DA:85,64
DA:86,79
DA:87,3
DA:90,61
DA:99,44
DA:100,53
DA:101,53
DA:102,6
DA:105,47
DA:114,44
DA:115,30
DA:116,30
DA:117,5
DA:120,25
DA:128,44
DA:129,1127
DA:130,717
LF:41
LH:41
BRDA:9,0,0,11
BRDA:9,0,1,11
BRDA:41,1,0,41
BRDA:56,2,0,2
BRDA:56,3,0,43
BRDA:56,3,1,43
BRDA:71,4,0,5
BRDA:86,5,0,3
BRDA:101,6,0,6
BRDA:101,7,0,53
BRDA:101,7,1,51
BRDA:116,8,0,5
BRDA:129,9,0,1127
BRDA:129,9,1,62
BRDA:130,10,0,57
BRDA:130,10,1,660
BRDA:130,11,0,717
BRDA:130,11,1,717
BRF:18
BRH:18
end_of_record
TN:
SF:src\test\mocks\mockData.ts
FNF:0
FNH:0
DA:4,9
DA:79,9
DA:83,9
LF:3
LH:3
BRF:0
BRH:0
end_of_record
